<?xml version="1.0" encoding="UTF-8"?>
<testsuites name="jest tests" tests="24" failures="0" errors="0" time="38.654">
  <testsuite name="Alert Severity Classification" errors="0" failures="0" skipped="0" timestamp="2025-05-12T23:26:06" time="0.415" tests="24">
    <testcase classname="Alert Severity Classification AlertSeverity enum should have the correct severity levels" name="Alert Severity Classification AlertSeverity enum should have the correct severity levels" time="0.003">
    </testcase>
    <testcase classname="Alert Severity Classification classifySeverity function should classify heart rate 105 as Info" name="Alert Severity Classification classifySeverity function should classify heart rate 105 as Info" time="0.001">
    </testcase>
    <testcase classname="Alert Severity Classification classifySeverity function should classify heart rate 115 as Warning" name="Alert Severity Classification classifySeverity function should classify heart rate 115 as Warning" time="0.001">
    </testcase>
    <testcase classname="Alert Severity Classification classifySeverity function should classify heart rate 125 as Emergency" name="Alert Severity Classification classifySeverity function should classify heart rate 125 as Emergency" time="0.001">
    </testcase>
    <testcase classname="Alert Severity Classification classifySeverity function should classify heart rate 95 as null (normal)" name="Alert Severity Classification classifySeverity function should classify heart rate 95 as null (normal)" time="0.001">
    </testcase>
    <testcase classname="Alert Severity Classification classifySeverity function should classify oxygen saturation 92 as Info" name="Alert Severity Classification classifySeverity function should classify oxygen saturation 92 as Info" time="0.001">
    </testcase>
    <testcase classname="Alert Severity Classification classifySeverity function should classify oxygen saturation 87 as Warning" name="Alert Severity Classification classifySeverity function should classify oxygen saturation 87 as Warning" time="0.001">
    </testcase>
    <testcase classname="Alert Severity Classification classifySeverity function should classify oxygen saturation 83 as Emergency" name="Alert Severity Classification classifySeverity function should classify oxygen saturation 83 as Emergency" time="0.001">
    </testcase>
    <testcase classname="Alert Severity Classification classifySeverity function should classify oxygen saturation 96 as null (normal)" name="Alert Severity Classification classifySeverity function should classify oxygen saturation 96 as null (normal)" time="0.001">
    </testcase>
    <testcase classname="Alert Severity Classification classifySeverity function should classify blood pressure systolic 135 as Info" name="Alert Severity Classification classifySeverity function should classify blood pressure systolic 135 as Info" time="0.001">
    </testcase>
    <testcase classname="Alert Severity Classification classifySeverity function should classify blood pressure systolic 150 as Warning" name="Alert Severity Classification classifySeverity function should classify blood pressure systolic 150 as Warning" time="0.001">
    </testcase>
    <testcase classname="Alert Severity Classification classifySeverity function should classify blood pressure systolic 165 as Emergency" name="Alert Severity Classification classifySeverity function should classify blood pressure systolic 165 as Emergency" time="0.001">
    </testcase>
    <testcase classname="Alert Severity Classification classifySeverity function should classify blood pressure systolic 120 as null (normal)" name="Alert Severity Classification classifySeverity function should classify blood pressure systolic 120 as null (normal)" time="0.006">
    </testcase>
    <testcase classname="Alert Severity Classification classifySeverity function should classify blood pressure diastolic 85 as Info" name="Alert Severity Classification classifySeverity function should classify blood pressure diastolic 85 as Info" time="0.002">
    </testcase>
    <testcase classname="Alert Severity Classification classifySeverity function should classify blood pressure diastolic 95 as Warning" name="Alert Severity Classification classifySeverity function should classify blood pressure diastolic 95 as Warning" time="0.001">
    </testcase>
    <testcase classname="Alert Severity Classification classifySeverity function should classify blood pressure diastolic 105 as Emergency" name="Alert Severity Classification classifySeverity function should classify blood pressure diastolic 105 as Emergency" time="0.001">
    </testcase>
    <testcase classname="Alert Severity Classification classifySeverity function should classify blood pressure diastolic 75 as null (normal)" name="Alert Severity Classification classifySeverity function should classify blood pressure diastolic 75 as null (normal)" time="0.001">
    </testcase>
    <testcase classname="Alert Severity Classification classifySeverity function should classify any metric with arrhythmia as Emergency" name="Alert Severity Classification classifySeverity function should classify any metric with arrhythmia as Emergency" time="0.001">
    </testcase>
    <testcase classname="Alert Severity Classification classifySeverity function should classify any metric with panic event as Emergency" name="Alert Severity Classification classifySeverity function should classify any metric with panic event as Emergency" time="0.001">
    </testcase>
    <testcase classname="Alert Severity Classification classifySeverity function should return null for unknown metrics" name="Alert Severity Classification classifySeverity function should return null for unknown metrics" time="0">
    </testcase>
    <testcase classname="Alert Severity Classification generateAlertMessage function should generate correct Info message" name="Alert Severity Classification generateAlertMessage function should generate correct Info message" time="0.001">
    </testcase>
    <testcase classname="Alert Severity Classification generateAlertMessage function should generate correct Warning message" name="Alert Severity Classification generateAlertMessage function should generate correct Warning message" time="0.001">
    </testcase>
    <testcase classname="Alert Severity Classification generateAlertMessage function should generate correct Emergency message" name="Alert Severity Classification generateAlertMessage function should generate correct Emergency message" time="0.001">
    </testcase>
    <testcase classname="Alert Severity Classification generateAlertMessage function should handle unknown metrics gracefully" name="Alert Severity Classification generateAlertMessage function should handle unknown metrics gracefully" time="0.001">
    </testcase>
  </testsuite>
</testsuites>