<?xml version="1.0" encoding="UTF-8"?>
<testsuites name="jest tests" tests="66" failures="17" errors="0" time="53.844">
  <testsuite name="Alert Severity Classification" errors="0" failures="0" skipped="0" timestamp="2025-09-02T12:09:30" time="3.142" tests="24">
    <testcase classname="Alert Severity Classification AlertSeverity enum should have the correct severity levels" name="Alert Severity Classification AlertSeverity enum should have the correct severity levels" time="0.245">
    </testcase>
    <testcase classname="Alert Severity Classification classifySeverity function should classify heart rate 105 as Info" name="Alert Severity Classification classifySeverity function should classify heart rate 105 as Info" time="0.002">
    </testcase>
    <testcase classname="Alert Severity Classification classifySeverity function should classify heart rate 115 as Warning" name="Alert Severity Classification classifySeverity function should classify heart rate 115 as Warning" time="0.003">
    </testcase>
    <testcase classname="Alert Severity Classification classifySeverity function should classify heart rate 125 as Emergency" name="Alert Severity Classification classifySeverity function should classify heart rate 125 as Emergency" time="0.002">
    </testcase>
    <testcase classname="Alert Severity Classification classifySeverity function should classify heart rate 95 as null (normal)" name="Alert Severity Classification classifySeverity function should classify heart rate 95 as null (normal)" time="0.002">
    </testcase>
    <testcase classname="Alert Severity Classification classifySeverity function should classify oxygen saturation 92 as Info" name="Alert Severity Classification classifySeverity function should classify oxygen saturation 92 as Info" time="0.002">
    </testcase>
    <testcase classname="Alert Severity Classification classifySeverity function should classify oxygen saturation 87 as Warning" name="Alert Severity Classification classifySeverity function should classify oxygen saturation 87 as Warning" time="0.005">
    </testcase>
    <testcase classname="Alert Severity Classification classifySeverity function should classify oxygen saturation 83 as Emergency" name="Alert Severity Classification classifySeverity function should classify oxygen saturation 83 as Emergency" time="0.001">
    </testcase>
    <testcase classname="Alert Severity Classification classifySeverity function should classify oxygen saturation 96 as null (normal)" name="Alert Severity Classification classifySeverity function should classify oxygen saturation 96 as null (normal)" time="0.001">
    </testcase>
    <testcase classname="Alert Severity Classification classifySeverity function should classify blood pressure systolic 135 as Info" name="Alert Severity Classification classifySeverity function should classify blood pressure systolic 135 as Info" time="0.086">
    </testcase>
    <testcase classname="Alert Severity Classification classifySeverity function should classify blood pressure systolic 150 as Warning" name="Alert Severity Classification classifySeverity function should classify blood pressure systolic 150 as Warning" time="0.002">
    </testcase>
    <testcase classname="Alert Severity Classification classifySeverity function should classify blood pressure systolic 165 as Emergency" name="Alert Severity Classification classifySeverity function should classify blood pressure systolic 165 as Emergency" time="0.002">
    </testcase>
    <testcase classname="Alert Severity Classification classifySeverity function should classify blood pressure systolic 120 as null (normal)" name="Alert Severity Classification classifySeverity function should classify blood pressure systolic 120 as null (normal)" time="0.124">
    </testcase>
    <testcase classname="Alert Severity Classification classifySeverity function should classify blood pressure diastolic 85 as Info" name="Alert Severity Classification classifySeverity function should classify blood pressure diastolic 85 as Info" time="0.001">
    </testcase>
    <testcase classname="Alert Severity Classification classifySeverity function should classify blood pressure diastolic 95 as Warning" name="Alert Severity Classification classifySeverity function should classify blood pressure diastolic 95 as Warning" time="0">
    </testcase>
    <testcase classname="Alert Severity Classification classifySeverity function should classify blood pressure diastolic 105 as Emergency" name="Alert Severity Classification classifySeverity function should classify blood pressure diastolic 105 as Emergency" time="0.001">
    </testcase>
    <testcase classname="Alert Severity Classification classifySeverity function should classify blood pressure diastolic 75 as null (normal)" name="Alert Severity Classification classifySeverity function should classify blood pressure diastolic 75 as null (normal)" time="0.001">
    </testcase>
    <testcase classname="Alert Severity Classification classifySeverity function should classify any metric with arrhythmia as Emergency" name="Alert Severity Classification classifySeverity function should classify any metric with arrhythmia as Emergency" time="0.001">
    </testcase>
    <testcase classname="Alert Severity Classification classifySeverity function should classify any metric with panic event as Emergency" name="Alert Severity Classification classifySeverity function should classify any metric with panic event as Emergency" time="0.001">
    </testcase>
    <testcase classname="Alert Severity Classification classifySeverity function should return null for unknown metrics" name="Alert Severity Classification classifySeverity function should return null for unknown metrics" time="0.002">
    </testcase>
    <testcase classname="Alert Severity Classification generateAlertMessage function should generate correct Info message" name="Alert Severity Classification generateAlertMessage function should generate correct Info message" time="0.003">
    </testcase>
    <testcase classname="Alert Severity Classification generateAlertMessage function should generate correct Warning message" name="Alert Severity Classification generateAlertMessage function should generate correct Warning message" time="0.003">
    </testcase>
    <testcase classname="Alert Severity Classification generateAlertMessage function should generate correct Emergency message" name="Alert Severity Classification generateAlertMessage function should generate correct Emergency message" time="0.001">
    </testcase>
    <testcase classname="Alert Severity Classification generateAlertMessage function should handle unknown metrics gracefully" name="Alert Severity Classification generateAlertMessage function should handle unknown metrics gracefully" time="0.001">
    </testcase>
  </testsuite>
  <testsuite name="Telemetry Processor" errors="0" failures="4" skipped="0" timestamp="2025-09-02T12:09:31" time="10.019" tests="4">
    <testcase classname="Telemetry Processor processNewTelemetry should query InfluxDB for new telemetry data" name="Telemetry Processor processNewTelemetry should query InfluxDB for new telemetry data" time="0.328">
      <failure>Error: expect(received).toBe(expected) // Object.is equality

Expected: true
Received: false
    at Object.toBe (C:\Users\15612\Desktop\Repositories\Ojala-healthcare_new\src\__tests__\backend\telemetry-processor\processor.test.js:67:49)
    at processTicksAndRejections (node:internal/process/task_queues:95:5)</failure>
    </testcase>
    <testcase classname="Telemetry Processor processNewTelemetry should not send alerts for values within normal range" name="Telemetry Processor processNewTelemetry should not send alerts for values within normal range" time="0.029">
      <failure>Error: expect(received).toBe(expected) // Object.is equality

Expected: true
Received: false
    at Object.toBe (C:\Users\15612\Desktop\Repositories\Ojala-healthcare_new\src\__tests__\backend\telemetry-processor\processor.test.js:132:49)
    at processTicksAndRejections (node:internal/process/task_queues:95:5)</failure>
    </testcase>
    <testcase classname="Telemetry Processor processNewTelemetry should handle errors gracefully" name="Telemetry Processor processNewTelemetry should handle errors gracefully" time="0.158">
      <failure>Error: expect(received).toBe(expected) // Object.is equality

Expected: true
Received: false
    at Object.toBe (C:\Users\15612\Desktop\Repositories\Ojala-healthcare_new\src\__tests__\backend\telemetry-processor\processor.test.js:154:43)
    at processTicksAndRejections (node:internal/process/task_queues:95:5)</failure>
    </testcase>
    <testcase classname="Telemetry Processor getPatientThresholds should retrieve patient-specific thresholds" name="Telemetry Processor getPatientThresholds should retrieve patient-specific thresholds" time="0.047">
      <failure>Error: expect(received).toEqual(expected) // deep equality

- Expected  - 2
+ Received  + 2

  Object {
-   &quot;high&quot;: 95,
-   &quot;low&quot;: 55,
+   &quot;high&quot;: 100,
+   &quot;low&quot;: 60,
  }
    at Object.toEqual (C:\Users\15612\Desktop\Repositories\Ojala-healthcare_new\src\__tests__\backend\telemetry-processor\processor.test.js:182:36)
    at processTicksAndRejections (node:internal/process/task_queues:95:5)</failure>
    </testcase>
  </testsuite>
  <testsuite name="Alert Severity Classification" errors="0" failures="4" skipped="0" timestamp="2025-09-02T12:09:43" time="3.19" tests="24">
    <testcase classname="Alert Severity Classification AlertSeverity enum should have the correct severity levels" name="Alert Severity Classification AlertSeverity enum should have the correct severity levels" time="0.041">
    </testcase>
    <testcase classname="Alert Severity Classification classifySeverity function should classify heart rate 105 as Info" name="Alert Severity Classification classifySeverity function should classify heart rate 105 as Info" time="0.033">
    </testcase>
    <testcase classname="Alert Severity Classification classifySeverity function should classify heart rate 115 as Warning" name="Alert Severity Classification classifySeverity function should classify heart rate 115 as Warning" time="0.001">
    </testcase>
    <testcase classname="Alert Severity Classification classifySeverity function should classify heart rate 125 as Emergency" name="Alert Severity Classification classifySeverity function should classify heart rate 125 as Emergency" time="0.002">
    </testcase>
    <testcase classname="Alert Severity Classification classifySeverity function should classify heart rate 95 as null (normal)" name="Alert Severity Classification classifySeverity function should classify heart rate 95 as null (normal)" time="0.002">
    </testcase>
    <testcase classname="Alert Severity Classification classifySeverity function should classify oxygen saturation 92 as Info" name="Alert Severity Classification classifySeverity function should classify oxygen saturation 92 as Info" time="0.007">
    </testcase>
    <testcase classname="Alert Severity Classification classifySeverity function should classify oxygen saturation 87 as Warning" name="Alert Severity Classification classifySeverity function should classify oxygen saturation 87 as Warning" time="0.007">
    </testcase>
    <testcase classname="Alert Severity Classification classifySeverity function should classify oxygen saturation 83 as Emergency" name="Alert Severity Classification classifySeverity function should classify oxygen saturation 83 as Emergency" time="0.012">
    </testcase>
    <testcase classname="Alert Severity Classification classifySeverity function should classify oxygen saturation 96 as null (normal)" name="Alert Severity Classification classifySeverity function should classify oxygen saturation 96 as null (normal)" time="0.002">
    </testcase>
    <testcase classname="Alert Severity Classification classifySeverity function should classify blood pressure systolic 135 as Info" name="Alert Severity Classification classifySeverity function should classify blood pressure systolic 135 as Info" time="0.002">
    </testcase>
    <testcase classname="Alert Severity Classification classifySeverity function should classify blood pressure systolic 150 as Warning" name="Alert Severity Classification classifySeverity function should classify blood pressure systolic 150 as Warning" time="0.002">
    </testcase>
    <testcase classname="Alert Severity Classification classifySeverity function should classify blood pressure systolic 165 as Emergency" name="Alert Severity Classification classifySeverity function should classify blood pressure systolic 165 as Emergency" time="0.002">
    </testcase>
    <testcase classname="Alert Severity Classification classifySeverity function should classify blood pressure systolic 120 as null (normal)" name="Alert Severity Classification classifySeverity function should classify blood pressure systolic 120 as null (normal)" time="0.002">
    </testcase>
    <testcase classname="Alert Severity Classification classifySeverity function should classify blood pressure diastolic 85 as Info" name="Alert Severity Classification classifySeverity function should classify blood pressure diastolic 85 as Info" time="0.001">
    </testcase>
    <testcase classname="Alert Severity Classification classifySeverity function should classify blood pressure diastolic 95 as Warning" name="Alert Severity Classification classifySeverity function should classify blood pressure diastolic 95 as Warning" time="0.002">
    </testcase>
    <testcase classname="Alert Severity Classification classifySeverity function should classify blood pressure diastolic 105 as Emergency" name="Alert Severity Classification classifySeverity function should classify blood pressure diastolic 105 as Emergency" time="0.001">
    </testcase>
    <testcase classname="Alert Severity Classification classifySeverity function should classify blood pressure diastolic 75 as null (normal)" name="Alert Severity Classification classifySeverity function should classify blood pressure diastolic 75 as null (normal)" time="0.002">
    </testcase>
    <testcase classname="Alert Severity Classification classifySeverity function should classify any metric with arrhythmia as Emergency" name="Alert Severity Classification classifySeverity function should classify any metric with arrhythmia as Emergency" time="0.001">
    </testcase>
    <testcase classname="Alert Severity Classification classifySeverity function should classify any metric with panic event as Emergency" name="Alert Severity Classification classifySeverity function should classify any metric with panic event as Emergency" time="0.001">
    </testcase>
    <testcase classname="Alert Severity Classification classifySeverity function should return null for unknown metrics" name="Alert Severity Classification classifySeverity function should return null for unknown metrics" time="0.002">
    </testcase>
    <testcase classname="Alert Severity Classification generateAlertMessage function should generate correct Info message" name="Alert Severity Classification generateAlertMessage function should generate correct Info message" time="0.008">
      <failure>Error: expect(received).toContain(expected) // indexOf

Expected substring: &quot;info attention&quot;
Received string:    &quot;ATTENTION: Patient P12345 - Heart Rate 105 bpm&quot;
    at Object.toContain (C:\Users\15612\Desktop\Repositories\Ojala-healthcare_new\src\__tests__\frontend\web\alertSeverity.test.js:102:23)
    at Promise.then.completed (C:\Users\15612\Desktop\Repositories\Ojala-healthcare_new\node_modules\jest-circus\build\utils.js:298:28)
    at new Promise (&lt;anonymous&gt;)
    at callAsyncCircusFn (C:\Users\15612\Desktop\Repositories\Ojala-healthcare_new\node_modules\jest-circus\build\utils.js:231:10)
    at _callCircusTest (C:\Users\15612\Desktop\Repositories\Ojala-healthcare_new\node_modules\jest-circus\build\run.js:316:40)
    at processTicksAndRejections (node:internal/process/task_queues:95:5)
    at _runTest (C:\Users\15612\Desktop\Repositories\Ojala-healthcare_new\node_modules\jest-circus\build\run.js:252:3)
    at _runTestsForDescribeBlock (C:\Users\15612\Desktop\Repositories\Ojala-healthcare_new\node_modules\jest-circus\build\run.js:126:9)
    at _runTestsForDescribeBlock (C:\Users\15612\Desktop\Repositories\Ojala-healthcare_new\node_modules\jest-circus\build\run.js:121:9)
    at _runTestsForDescribeBlock (C:\Users\15612\Desktop\Repositories\Ojala-healthcare_new\node_modules\jest-circus\build\run.js:121:9)
    at run (C:\Users\15612\Desktop\Repositories\Ojala-healthcare_new\node_modules\jest-circus\build\run.js:71:3)
    at runAndTransformResultsToJestFormat (C:\Users\15612\Desktop\Repositories\Ojala-healthcare_new\node_modules\jest-circus\build\legacy-code-todo-rewrite\jestAdapterInit.js:122:21)
    at jestAdapter (C:\Users\15612\Desktop\Repositories\Ojala-healthcare_new\node_modules\jest-circus\build\legacy-code-todo-rewrite\jestAdapter.js:79:19)
    at runTestInternal (C:\Users\15612\Desktop\Repositories\Ojala-healthcare_new\node_modules\jest-runner\build\runTest.js:367:16)
    at runTest (C:\Users\15612\Desktop\Repositories\Ojala-healthcare_new\node_modules\jest-runner\build\runTest.js:444:34)
    at Object.worker (C:\Users\15612\Desktop\Repositories\Ojala-healthcare_new\node_modules\jest-runner\build\testWorker.js:106:12)</failure>
    </testcase>
    <testcase classname="Alert Severity Classification generateAlertMessage function should generate correct Warning message" name="Alert Severity Classification generateAlertMessage function should generate correct Warning message" time="0.003">
      <failure>Error: expect(received).toContain(expected) // indexOf

Expected substring: &quot;warning attention&quot;
Received string:    &quot;WARNING: Patient P12345 - Oxygen Saturation 87 %&quot;
    at Object.toContain (C:\Users\15612\Desktop\Repositories\Ojala-healthcare_new\src\__tests__\frontend\web\alertSeverity.test.js:111:23)
    at Promise.then.completed (C:\Users\15612\Desktop\Repositories\Ojala-healthcare_new\node_modules\jest-circus\build\utils.js:298:28)
    at new Promise (&lt;anonymous&gt;)
    at callAsyncCircusFn (C:\Users\15612\Desktop\Repositories\Ojala-healthcare_new\node_modules\jest-circus\build\utils.js:231:10)
    at _callCircusTest (C:\Users\15612\Desktop\Repositories\Ojala-healthcare_new\node_modules\jest-circus\build\run.js:316:40)
    at processTicksAndRejections (node:internal/process/task_queues:95:5)
    at _runTest (C:\Users\15612\Desktop\Repositories\Ojala-healthcare_new\node_modules\jest-circus\build\run.js:252:3)
    at _runTestsForDescribeBlock (C:\Users\15612\Desktop\Repositories\Ojala-healthcare_new\node_modules\jest-circus\build\run.js:126:9)
    at _runTestsForDescribeBlock (C:\Users\15612\Desktop\Repositories\Ojala-healthcare_new\node_modules\jest-circus\build\run.js:121:9)
    at _runTestsForDescribeBlock (C:\Users\15612\Desktop\Repositories\Ojala-healthcare_new\node_modules\jest-circus\build\run.js:121:9)
    at run (C:\Users\15612\Desktop\Repositories\Ojala-healthcare_new\node_modules\jest-circus\build\run.js:71:3)
    at runAndTransformResultsToJestFormat (C:\Users\15612\Desktop\Repositories\Ojala-healthcare_new\node_modules\jest-circus\build\legacy-code-todo-rewrite\jestAdapterInit.js:122:21)
    at jestAdapter (C:\Users\15612\Desktop\Repositories\Ojala-healthcare_new\node_modules\jest-circus\build\legacy-code-todo-rewrite\jestAdapter.js:79:19)
    at runTestInternal (C:\Users\15612\Desktop\Repositories\Ojala-healthcare_new\node_modules\jest-runner\build\runTest.js:367:16)
    at runTest (C:\Users\15612\Desktop\Repositories\Ojala-healthcare_new\node_modules\jest-runner\build\runTest.js:444:34)
    at Object.worker (C:\Users\15612\Desktop\Repositories\Ojala-healthcare_new\node_modules\jest-runner\build\testWorker.js:106:12)</failure>
    </testcase>
    <testcase classname="Alert Severity Classification generateAlertMessage function should generate correct Emergency message" name="Alert Severity Classification generateAlertMessage function should generate correct Emergency message" time="0.007">
      <failure>Error: expect(received).toContain(expected) // indexOf

Expected substring: &quot;emergency attention&quot;
Received string:    &quot;EMERGENCY: Patient P12345 - Blood Pressure (Systolic) 165 mmHg&quot;
    at Object.toContain (C:\Users\15612\Desktop\Repositories\Ojala-healthcare_new\src\__tests__\frontend\web\alertSeverity.test.js:120:23)
    at Promise.then.completed (C:\Users\15612\Desktop\Repositories\Ojala-healthcare_new\node_modules\jest-circus\build\utils.js:298:28)
    at new Promise (&lt;anonymous&gt;)
    at callAsyncCircusFn (C:\Users\15612\Desktop\Repositories\Ojala-healthcare_new\node_modules\jest-circus\build\utils.js:231:10)
    at _callCircusTest (C:\Users\15612\Desktop\Repositories\Ojala-healthcare_new\node_modules\jest-circus\build\run.js:316:40)
    at processTicksAndRejections (node:internal/process/task_queues:95:5)
    at _runTest (C:\Users\15612\Desktop\Repositories\Ojala-healthcare_new\node_modules\jest-circus\build\run.js:252:3)
    at _runTestsForDescribeBlock (C:\Users\15612\Desktop\Repositories\Ojala-healthcare_new\node_modules\jest-circus\build\run.js:126:9)
    at _runTestsForDescribeBlock (C:\Users\15612\Desktop\Repositories\Ojala-healthcare_new\node_modules\jest-circus\build\run.js:121:9)
    at _runTestsForDescribeBlock (C:\Users\15612\Desktop\Repositories\Ojala-healthcare_new\node_modules\jest-circus\build\run.js:121:9)
    at run (C:\Users\15612\Desktop\Repositories\Ojala-healthcare_new\node_modules\jest-circus\build\run.js:71:3)
    at runAndTransformResultsToJestFormat (C:\Users\15612\Desktop\Repositories\Ojala-healthcare_new\node_modules\jest-circus\build\legacy-code-todo-rewrite\jestAdapterInit.js:122:21)
    at jestAdapter (C:\Users\15612\Desktop\Repositories\Ojala-healthcare_new\node_modules\jest-circus\build\legacy-code-todo-rewrite\jestAdapter.js:79:19)
    at runTestInternal (C:\Users\15612\Desktop\Repositories\Ojala-healthcare_new\node_modules\jest-runner\build\runTest.js:367:16)
    at runTest (C:\Users\15612\Desktop\Repositories\Ojala-healthcare_new\node_modules\jest-runner\build\runTest.js:444:34)
    at Object.worker (C:\Users\15612\Desktop\Repositories\Ojala-healthcare_new\node_modules\jest-runner\build\testWorker.js:106:12)</failure>
    </testcase>
    <testcase classname="Alert Severity Classification generateAlertMessage function should handle unknown metrics gracefully" name="Alert Severity Classification generateAlertMessage function should handle unknown metrics gracefully" time="0.002">
      <failure>Error: expect(received).toContain(expected) // indexOf

Expected substring: &quot;warning attention&quot;
Received string:    &quot;WARNING: Patient P12345 - unknownMetric 100 &quot;
    at Object.toContain (C:\Users\15612\Desktop\Repositories\Ojala-healthcare_new\src\__tests__\frontend\web\alertSeverity.test.js:129:23)
    at Promise.then.completed (C:\Users\15612\Desktop\Repositories\Ojala-healthcare_new\node_modules\jest-circus\build\utils.js:298:28)
    at new Promise (&lt;anonymous&gt;)
    at callAsyncCircusFn (C:\Users\15612\Desktop\Repositories\Ojala-healthcare_new\node_modules\jest-circus\build\utils.js:231:10)
    at _callCircusTest (C:\Users\15612\Desktop\Repositories\Ojala-healthcare_new\node_modules\jest-circus\build\run.js:316:40)
    at processTicksAndRejections (node:internal/process/task_queues:95:5)
    at _runTest (C:\Users\15612\Desktop\Repositories\Ojala-healthcare_new\node_modules\jest-circus\build\run.js:252:3)
    at _runTestsForDescribeBlock (C:\Users\15612\Desktop\Repositories\Ojala-healthcare_new\node_modules\jest-circus\build\run.js:126:9)
    at _runTestsForDescribeBlock (C:\Users\15612\Desktop\Repositories\Ojala-healthcare_new\node_modules\jest-circus\build\run.js:121:9)
    at _runTestsForDescribeBlock (C:\Users\15612\Desktop\Repositories\Ojala-healthcare_new\node_modules\jest-circus\build\run.js:121:9)
    at run (C:\Users\15612\Desktop\Repositories\Ojala-healthcare_new\node_modules\jest-circus\build\run.js:71:3)
    at runAndTransformResultsToJestFormat (C:\Users\15612\Desktop\Repositories\Ojala-healthcare_new\node_modules\jest-circus\build\legacy-code-todo-rewrite\jestAdapterInit.js:122:21)
    at jestAdapter (C:\Users\15612\Desktop\Repositories\Ojala-healthcare_new\node_modules\jest-circus\build\legacy-code-todo-rewrite\jestAdapter.js:79:19)
    at runTestInternal (C:\Users\15612\Desktop\Repositories\Ojala-healthcare_new\node_modules\jest-runner\build\runTest.js:367:16)
    at runTest (C:\Users\15612\Desktop\Repositories\Ojala-healthcare_new\node_modules\jest-runner\build\runTest.js:444:34)
    at Object.worker (C:\Users\15612\Desktop\Repositories\Ojala-healthcare_new\node_modules\jest-runner\build\testWorker.js:106:12)</failure>
    </testcase>
  </testsuite>
  <testsuite name="Chat API Endpoint Tests" errors="0" failures="4" skipped="0" timestamp="2025-09-02T12:09:38" time="12.643" tests="4">
    <testcase classname="Chat API Endpoint Tests POST /api/ai/chat should return 200 and a valid response for a valid prompt" name="Chat API Endpoint Tests POST /api/ai/chat should return 200 and a valid response for a valid prompt" time="0.014">
      <failure>TypeError: Cannot stub non-existent property chat
    at Function.stub (C:\Users\15612\Desktop\Repositories\Ojala-healthcare_new\node_modules\sinon\lib\sinon\stub.js:82:15)
    at Sandbox.apply [as stub] (C:\Users\15612\Desktop\Repositories\Ojala-healthcare_new\node_modules\sinon\lib\sinon\sandbox.js:454:39)
    at Object.stub (C:\Users\15612\Desktop\Repositories\Ojala-healthcare_new\src\__tests__\backend\ai-engine\chat.test.js:17:24)
    at Promise.then.completed (C:\Users\15612\Desktop\Repositories\Ojala-healthcare_new\node_modules\jest-circus\build\utils.js:298:28)
    at new Promise (&lt;anonymous&gt;)
    at callAsyncCircusFn (C:\Users\15612\Desktop\Repositories\Ojala-healthcare_new\node_modules\jest-circus\build\utils.js:231:10)
    at _callCircusHook (C:\Users\15612\Desktop\Repositories\Ojala-healthcare_new\node_modules\jest-circus\build\run.js:281:40)
    at processTicksAndRejections (node:internal/process/task_queues:95:5)
    at _runTest (C:\Users\15612\Desktop\Repositories\Ojala-healthcare_new\node_modules\jest-circus\build\run.js:246:5)
    at _runTestsForDescribeBlock (C:\Users\15612\Desktop\Repositories\Ojala-healthcare_new\node_modules\jest-circus\build\run.js:126:9)
    at _runTestsForDescribeBlock (C:\Users\15612\Desktop\Repositories\Ojala-healthcare_new\node_modules\jest-circus\build\run.js:121:9)
    at _runTestsForDescribeBlock (C:\Users\15612\Desktop\Repositories\Ojala-healthcare_new\node_modules\jest-circus\build\run.js:121:9)
    at run (C:\Users\15612\Desktop\Repositories\Ojala-healthcare_new\node_modules\jest-circus\build\run.js:71:3)
    at runAndTransformResultsToJestFormat (C:\Users\15612\Desktop\Repositories\Ojala-healthcare_new\node_modules\jest-circus\build\legacy-code-todo-rewrite\jestAdapterInit.js:122:21)
    at jestAdapter (C:\Users\15612\Desktop\Repositories\Ojala-healthcare_new\node_modules\jest-circus\build\legacy-code-todo-rewrite\jestAdapter.js:79:19)
    at runTestInternal (C:\Users\15612\Desktop\Repositories\Ojala-healthcare_new\node_modules\jest-runner\build\runTest.js:367:16)
    at runTest (C:\Users\15612\Desktop\Repositories\Ojala-healthcare_new\node_modules\jest-runner\build\runTest.js:444:34)
    at Object.worker (C:\Users\15612\Desktop\Repositories\Ojala-healthcare_new\node_modules\jest-runner\build\testWorker.js:106:12)</failure>
      <failure>TypeError: Cannot read properties of undefined (reading &apos;restore&apos;)
    at Object.restore (C:\Users\15612\Desktop\Repositories\Ojala-healthcare_new\src\__tests__\backend\ai-engine\chat.test.js:38:16)
    at Promise.then.completed (C:\Users\15612\Desktop\Repositories\Ojala-healthcare_new\node_modules\jest-circus\build\utils.js:298:28)
    at new Promise (&lt;anonymous&gt;)
    at callAsyncCircusFn (C:\Users\15612\Desktop\Repositories\Ojala-healthcare_new\node_modules\jest-circus\build\utils.js:231:10)
    at _callCircusHook (C:\Users\15612\Desktop\Repositories\Ojala-healthcare_new\node_modules\jest-circus\build\run.js:281:40)
    at processTicksAndRejections (node:internal/process/task_queues:95:5)
    at _runTest (C:\Users\15612\Desktop\Repositories\Ojala-healthcare_new\node_modules\jest-circus\build\run.js:254:5)
    at _runTestsForDescribeBlock (C:\Users\15612\Desktop\Repositories\Ojala-healthcare_new\node_modules\jest-circus\build\run.js:126:9)
    at _runTestsForDescribeBlock (C:\Users\15612\Desktop\Repositories\Ojala-healthcare_new\node_modules\jest-circus\build\run.js:121:9)
    at _runTestsForDescribeBlock (C:\Users\15612\Desktop\Repositories\Ojala-healthcare_new\node_modules\jest-circus\build\run.js:121:9)
    at run (C:\Users\15612\Desktop\Repositories\Ojala-healthcare_new\node_modules\jest-circus\build\run.js:71:3)
    at runAndTransformResultsToJestFormat (C:\Users\15612\Desktop\Repositories\Ojala-healthcare_new\node_modules\jest-circus\build\legacy-code-todo-rewrite\jestAdapterInit.js:122:21)
    at jestAdapter (C:\Users\15612\Desktop\Repositories\Ojala-healthcare_new\node_modules\jest-circus\build\legacy-code-todo-rewrite\jestAdapter.js:79:19)
    at runTestInternal (C:\Users\15612\Desktop\Repositories\Ojala-healthcare_new\node_modules\jest-runner\build\runTest.js:367:16)
    at runTest (C:\Users\15612\Desktop\Repositories\Ojala-healthcare_new\node_modules\jest-runner\build\runTest.js:444:34)
    at Object.worker (C:\Users\15612\Desktop\Repositories\Ojala-healthcare_new\node_modules\jest-runner\build\testWorker.js:106:12)</failure>
    </testcase>
    <testcase classname="Chat API Endpoint Tests POST /api/ai/chat should return 400 for a request without a prompt" name="Chat API Endpoint Tests POST /api/ai/chat should return 400 for a request without a prompt" time="0.002">
      <failure>TypeError: Cannot stub non-existent property chat
    at Function.stub (C:\Users\15612\Desktop\Repositories\Ojala-healthcare_new\node_modules\sinon\lib\sinon\stub.js:82:15)
    at Sandbox.apply [as stub] (C:\Users\15612\Desktop\Repositories\Ojala-healthcare_new\node_modules\sinon\lib\sinon\sandbox.js:454:39)
    at Object.stub (C:\Users\15612\Desktop\Repositories\Ojala-healthcare_new\src\__tests__\backend\ai-engine\chat.test.js:17:24)
    at Promise.then.completed (C:\Users\15612\Desktop\Repositories\Ojala-healthcare_new\node_modules\jest-circus\build\utils.js:298:28)
    at new Promise (&lt;anonymous&gt;)
    at callAsyncCircusFn (C:\Users\15612\Desktop\Repositories\Ojala-healthcare_new\node_modules\jest-circus\build\utils.js:231:10)
    at _callCircusHook (C:\Users\15612\Desktop\Repositories\Ojala-healthcare_new\node_modules\jest-circus\build\run.js:281:40)
    at processTicksAndRejections (node:internal/process/task_queues:95:5)
    at _runTest (C:\Users\15612\Desktop\Repositories\Ojala-healthcare_new\node_modules\jest-circus\build\run.js:246:5)
    at _runTestsForDescribeBlock (C:\Users\15612\Desktop\Repositories\Ojala-healthcare_new\node_modules\jest-circus\build\run.js:126:9)
    at _runTestsForDescribeBlock (C:\Users\15612\Desktop\Repositories\Ojala-healthcare_new\node_modules\jest-circus\build\run.js:121:9)
    at _runTestsForDescribeBlock (C:\Users\15612\Desktop\Repositories\Ojala-healthcare_new\node_modules\jest-circus\build\run.js:121:9)
    at run (C:\Users\15612\Desktop\Repositories\Ojala-healthcare_new\node_modules\jest-circus\build\run.js:71:3)
    at runAndTransformResultsToJestFormat (C:\Users\15612\Desktop\Repositories\Ojala-healthcare_new\node_modules\jest-circus\build\legacy-code-todo-rewrite\jestAdapterInit.js:122:21)
    at jestAdapter (C:\Users\15612\Desktop\Repositories\Ojala-healthcare_new\node_modules\jest-circus\build\legacy-code-todo-rewrite\jestAdapter.js:79:19)
    at runTestInternal (C:\Users\15612\Desktop\Repositories\Ojala-healthcare_new\node_modules\jest-runner\build\runTest.js:367:16)
    at runTest (C:\Users\15612\Desktop\Repositories\Ojala-healthcare_new\node_modules\jest-runner\build\runTest.js:444:34)
    at Object.worker (C:\Users\15612\Desktop\Repositories\Ojala-healthcare_new\node_modules\jest-runner\build\testWorker.js:106:12)</failure>
      <failure>TypeError: Cannot read properties of undefined (reading &apos;restore&apos;)
    at Object.restore (C:\Users\15612\Desktop\Repositories\Ojala-healthcare_new\src\__tests__\backend\ai-engine\chat.test.js:38:16)
    at Promise.then.completed (C:\Users\15612\Desktop\Repositories\Ojala-healthcare_new\node_modules\jest-circus\build\utils.js:298:28)
    at new Promise (&lt;anonymous&gt;)
    at callAsyncCircusFn (C:\Users\15612\Desktop\Repositories\Ojala-healthcare_new\node_modules\jest-circus\build\utils.js:231:10)
    at _callCircusHook (C:\Users\15612\Desktop\Repositories\Ojala-healthcare_new\node_modules\jest-circus\build\run.js:281:40)
    at processTicksAndRejections (node:internal/process/task_queues:95:5)
    at _runTest (C:\Users\15612\Desktop\Repositories\Ojala-healthcare_new\node_modules\jest-circus\build\run.js:254:5)
    at _runTestsForDescribeBlock (C:\Users\15612\Desktop\Repositories\Ojala-healthcare_new\node_modules\jest-circus\build\run.js:126:9)
    at _runTestsForDescribeBlock (C:\Users\15612\Desktop\Repositories\Ojala-healthcare_new\node_modules\jest-circus\build\run.js:121:9)
    at _runTestsForDescribeBlock (C:\Users\15612\Desktop\Repositories\Ojala-healthcare_new\node_modules\jest-circus\build\run.js:121:9)
    at run (C:\Users\15612\Desktop\Repositories\Ojala-healthcare_new\node_modules\jest-circus\build\run.js:71:3)
    at runAndTransformResultsToJestFormat (C:\Users\15612\Desktop\Repositories\Ojala-healthcare_new\node_modules\jest-circus\build\legacy-code-todo-rewrite\jestAdapterInit.js:122:21)
    at jestAdapter (C:\Users\15612\Desktop\Repositories\Ojala-healthcare_new\node_modules\jest-circus\build\legacy-code-todo-rewrite\jestAdapter.js:79:19)
    at runTestInternal (C:\Users\15612\Desktop\Repositories\Ojala-healthcare_new\node_modules\jest-runner\build\runTest.js:367:16)
    at runTest (C:\Users\15612\Desktop\Repositories\Ojala-healthcare_new\node_modules\jest-runner\build\runTest.js:444:34)
    at Object.worker (C:\Users\15612\Desktop\Repositories\Ojala-healthcare_new\node_modules\jest-runner\build\testWorker.js:106:12)</failure>
    </testcase>
    <testcase classname="Chat API Endpoint Tests POST /api/ai/chat should use default options when none are provided" name="Chat API Endpoint Tests POST /api/ai/chat should use default options when none are provided" time="0.002">
      <failure>TypeError: Cannot stub non-existent property chat
    at Function.stub (C:\Users\15612\Desktop\Repositories\Ojala-healthcare_new\node_modules\sinon\lib\sinon\stub.js:82:15)
    at Sandbox.apply [as stub] (C:\Users\15612\Desktop\Repositories\Ojala-healthcare_new\node_modules\sinon\lib\sinon\sandbox.js:454:39)
    at Object.stub (C:\Users\15612\Desktop\Repositories\Ojala-healthcare_new\src\__tests__\backend\ai-engine\chat.test.js:17:24)
    at Promise.then.completed (C:\Users\15612\Desktop\Repositories\Ojala-healthcare_new\node_modules\jest-circus\build\utils.js:298:28)
    at new Promise (&lt;anonymous&gt;)
    at callAsyncCircusFn (C:\Users\15612\Desktop\Repositories\Ojala-healthcare_new\node_modules\jest-circus\build\utils.js:231:10)
    at _callCircusHook (C:\Users\15612\Desktop\Repositories\Ojala-healthcare_new\node_modules\jest-circus\build\run.js:281:40)
    at processTicksAndRejections (node:internal/process/task_queues:95:5)
    at _runTest (C:\Users\15612\Desktop\Repositories\Ojala-healthcare_new\node_modules\jest-circus\build\run.js:246:5)
    at _runTestsForDescribeBlock (C:\Users\15612\Desktop\Repositories\Ojala-healthcare_new\node_modules\jest-circus\build\run.js:126:9)
    at _runTestsForDescribeBlock (C:\Users\15612\Desktop\Repositories\Ojala-healthcare_new\node_modules\jest-circus\build\run.js:121:9)
    at _runTestsForDescribeBlock (C:\Users\15612\Desktop\Repositories\Ojala-healthcare_new\node_modules\jest-circus\build\run.js:121:9)
    at run (C:\Users\15612\Desktop\Repositories\Ojala-healthcare_new\node_modules\jest-circus\build\run.js:71:3)
    at runAndTransformResultsToJestFormat (C:\Users\15612\Desktop\Repositories\Ojala-healthcare_new\node_modules\jest-circus\build\legacy-code-todo-rewrite\jestAdapterInit.js:122:21)
    at jestAdapter (C:\Users\15612\Desktop\Repositories\Ojala-healthcare_new\node_modules\jest-circus\build\legacy-code-todo-rewrite\jestAdapter.js:79:19)
    at runTestInternal (C:\Users\15612\Desktop\Repositories\Ojala-healthcare_new\node_modules\jest-runner\build\runTest.js:367:16)
    at runTest (C:\Users\15612\Desktop\Repositories\Ojala-healthcare_new\node_modules\jest-runner\build\runTest.js:444:34)
    at Object.worker (C:\Users\15612\Desktop\Repositories\Ojala-healthcare_new\node_modules\jest-runner\build\testWorker.js:106:12)</failure>
      <failure>TypeError: Cannot read properties of undefined (reading &apos;restore&apos;)
    at Object.restore (C:\Users\15612\Desktop\Repositories\Ojala-healthcare_new\src\__tests__\backend\ai-engine\chat.test.js:38:16)
    at Promise.then.completed (C:\Users\15612\Desktop\Repositories\Ojala-healthcare_new\node_modules\jest-circus\build\utils.js:298:28)
    at new Promise (&lt;anonymous&gt;)
    at callAsyncCircusFn (C:\Users\15612\Desktop\Repositories\Ojala-healthcare_new\node_modules\jest-circus\build\utils.js:231:10)
    at _callCircusHook (C:\Users\15612\Desktop\Repositories\Ojala-healthcare_new\node_modules\jest-circus\build\run.js:281:40)
    at processTicksAndRejections (node:internal/process/task_queues:95:5)
    at _runTest (C:\Users\15612\Desktop\Repositories\Ojala-healthcare_new\node_modules\jest-circus\build\run.js:254:5)
    at _runTestsForDescribeBlock (C:\Users\15612\Desktop\Repositories\Ojala-healthcare_new\node_modules\jest-circus\build\run.js:126:9)
    at _runTestsForDescribeBlock (C:\Users\15612\Desktop\Repositories\Ojala-healthcare_new\node_modules\jest-circus\build\run.js:121:9)
    at _runTestsForDescribeBlock (C:\Users\15612\Desktop\Repositories\Ojala-healthcare_new\node_modules\jest-circus\build\run.js:121:9)
    at run (C:\Users\15612\Desktop\Repositories\Ojala-healthcare_new\node_modules\jest-circus\build\run.js:71:3)
    at runAndTransformResultsToJestFormat (C:\Users\15612\Desktop\Repositories\Ojala-healthcare_new\node_modules\jest-circus\build\legacy-code-todo-rewrite\jestAdapterInit.js:122:21)
    at jestAdapter (C:\Users\15612\Desktop\Repositories\Ojala-healthcare_new\node_modules\jest-circus\build\legacy-code-todo-rewrite\jestAdapter.js:79:19)
    at runTestInternal (C:\Users\15612\Desktop\Repositories\Ojala-healthcare_new\node_modules\jest-runner\build\runTest.js:367:16)
    at runTest (C:\Users\15612\Desktop\Repositories\Ojala-healthcare_new\node_modules\jest-runner\build\runTest.js:444:34)
    at Object.worker (C:\Users\15612\Desktop\Repositories\Ojala-healthcare_new\node_modules\jest-runner\build\testWorker.js:106:12)</failure>
    </testcase>
    <testcase classname="Chat API Endpoint Tests POST /api/ai/chat should handle OpenAI API errors gracefully" name="Chat API Endpoint Tests POST /api/ai/chat should handle OpenAI API errors gracefully" time="0.003">
      <failure>TypeError: Cannot stub non-existent property chat
    at Function.stub (C:\Users\15612\Desktop\Repositories\Ojala-healthcare_new\node_modules\sinon\lib\sinon\stub.js:82:15)
    at Sandbox.apply [as stub] (C:\Users\15612\Desktop\Repositories\Ojala-healthcare_new\node_modules\sinon\lib\sinon\sandbox.js:454:39)
    at Object.stub (C:\Users\15612\Desktop\Repositories\Ojala-healthcare_new\src\__tests__\backend\ai-engine\chat.test.js:17:24)
    at Promise.then.completed (C:\Users\15612\Desktop\Repositories\Ojala-healthcare_new\node_modules\jest-circus\build\utils.js:298:28)
    at new Promise (&lt;anonymous&gt;)
    at callAsyncCircusFn (C:\Users\15612\Desktop\Repositories\Ojala-healthcare_new\node_modules\jest-circus\build\utils.js:231:10)
    at _callCircusHook (C:\Users\15612\Desktop\Repositories\Ojala-healthcare_new\node_modules\jest-circus\build\run.js:281:40)
    at processTicksAndRejections (node:internal/process/task_queues:95:5)
    at _runTest (C:\Users\15612\Desktop\Repositories\Ojala-healthcare_new\node_modules\jest-circus\build\run.js:246:5)
    at _runTestsForDescribeBlock (C:\Users\15612\Desktop\Repositories\Ojala-healthcare_new\node_modules\jest-circus\build\run.js:126:9)
    at _runTestsForDescribeBlock (C:\Users\15612\Desktop\Repositories\Ojala-healthcare_new\node_modules\jest-circus\build\run.js:121:9)
    at _runTestsForDescribeBlock (C:\Users\15612\Desktop\Repositories\Ojala-healthcare_new\node_modules\jest-circus\build\run.js:121:9)
    at run (C:\Users\15612\Desktop\Repositories\Ojala-healthcare_new\node_modules\jest-circus\build\run.js:71:3)
    at runAndTransformResultsToJestFormat (C:\Users\15612\Desktop\Repositories\Ojala-healthcare_new\node_modules\jest-circus\build\legacy-code-todo-rewrite\jestAdapterInit.js:122:21)
    at jestAdapter (C:\Users\15612\Desktop\Repositories\Ojala-healthcare_new\node_modules\jest-circus\build\legacy-code-todo-rewrite\jestAdapter.js:79:19)
    at runTestInternal (C:\Users\15612\Desktop\Repositories\Ojala-healthcare_new\node_modules\jest-runner\build\runTest.js:367:16)
    at runTest (C:\Users\15612\Desktop\Repositories\Ojala-healthcare_new\node_modules\jest-runner\build\runTest.js:444:34)
    at Object.worker (C:\Users\15612\Desktop\Repositories\Ojala-healthcare_new\node_modules\jest-runner\build\testWorker.js:106:12)</failure>
      <failure>TypeError: Cannot read properties of undefined (reading &apos;restore&apos;)
    at Object.restore (C:\Users\15612\Desktop\Repositories\Ojala-healthcare_new\src\__tests__\backend\ai-engine\chat.test.js:38:16)
    at Promise.then.completed (C:\Users\15612\Desktop\Repositories\Ojala-healthcare_new\node_modules\jest-circus\build\utils.js:298:28)
    at new Promise (&lt;anonymous&gt;)
    at callAsyncCircusFn (C:\Users\15612\Desktop\Repositories\Ojala-healthcare_new\node_modules\jest-circus\build\utils.js:231:10)
    at _callCircusHook (C:\Users\15612\Desktop\Repositories\Ojala-healthcare_new\node_modules\jest-circus\build\run.js:281:40)
    at processTicksAndRejections (node:internal/process/task_queues:95:5)
    at _runTest (C:\Users\15612\Desktop\Repositories\Ojala-healthcare_new\node_modules\jest-circus\build\run.js:254:5)
    at _runTestsForDescribeBlock (C:\Users\15612\Desktop\Repositories\Ojala-healthcare_new\node_modules\jest-circus\build\run.js:126:9)
    at _runTestsForDescribeBlock (C:\Users\15612\Desktop\Repositories\Ojala-healthcare_new\node_modules\jest-circus\build\run.js:121:9)
    at _runTestsForDescribeBlock (C:\Users\15612\Desktop\Repositories\Ojala-healthcare_new\node_modules\jest-circus\build\run.js:121:9)
    at run (C:\Users\15612\Desktop\Repositories\Ojala-healthcare_new\node_modules\jest-circus\build\run.js:71:3)
    at runAndTransformResultsToJestFormat (C:\Users\15612\Desktop\Repositories\Ojala-healthcare_new\node_modules\jest-circus\build\legacy-code-todo-rewrite\jestAdapterInit.js:122:21)
    at jestAdapter (C:\Users\15612\Desktop\Repositories\Ojala-healthcare_new\node_modules\jest-circus\build\legacy-code-todo-rewrite\jestAdapter.js:79:19)
    at runTestInternal (C:\Users\15612\Desktop\Repositories\Ojala-healthcare_new\node_modules\jest-runner\build\runTest.js:367:16)
    at runTest (C:\Users\15612\Desktop\Repositories\Ojala-healthcare_new\node_modules\jest-runner\build\runTest.js:444:34)
    at Object.worker (C:\Users\15612\Desktop\Repositories\Ojala-healthcare_new\node_modules\jest-runner\build\testWorker.js:106:12)</failure>
    </testcase>
  </testsuite>
  <testsuite name="Test Utilities" errors="0" failures="1" skipped="0" timestamp="2025-09-02T12:09:46" time="8.471" tests="4">
    <testcase classname="Test Utilities renders component and handles clicks" name="Test Utilities renders component and handles clicks" time="0.853">
    </testcase>
    <testcase classname="Test Utilities handles async operations with waitFor" name="Test Utilities handles async operations with waitFor" time="0.274">
    </testcase>
    <testcase classname="Test Utilities uses custom matchers" name="Test Utilities uses custom matchers" time="0.003">
      <failure>TypeError: expect(...).toBeWithinRange is not a function
    at Object.&lt;anonymous&gt; (C:\Users\15612\Desktop\Repositories\Ojala-healthcare_new\src\__tests__\utils\test-utils.test.tsx:82:16)
    at Promise.then.completed (C:\Users\15612\Desktop\Repositories\Ojala-healthcare_new\node_modules\jest-circus\build\utils.js:298:28)
    at new Promise (&lt;anonymous&gt;)
    at callAsyncCircusFn (C:\Users\15612\Desktop\Repositories\Ojala-healthcare_new\node_modules\jest-circus\build\utils.js:231:10)
    at _callCircusTest (C:\Users\15612\Desktop\Repositories\Ojala-healthcare_new\node_modules\jest-circus\build\run.js:316:40)
    at _runTest (C:\Users\15612\Desktop\Repositories\Ojala-healthcare_new\node_modules\jest-circus\build\run.js:252:3)
    at _runTestsForDescribeBlock (C:\Users\15612\Desktop\Repositories\Ojala-healthcare_new\node_modules\jest-circus\build\run.js:126:9)
    at _runTestsForDescribeBlock (C:\Users\15612\Desktop\Repositories\Ojala-healthcare_new\node_modules\jest-circus\build\run.js:121:9)
    at run (C:\Users\15612\Desktop\Repositories\Ojala-healthcare_new\node_modules\jest-circus\build\run.js:71:3)
    at runAndTransformResultsToJestFormat (C:\Users\15612\Desktop\Repositories\Ojala-healthcare_new\node_modules\jest-circus\build\legacy-code-todo-rewrite\jestAdapterInit.js:122:21)
    at jestAdapter (C:\Users\15612\Desktop\Repositories\Ojala-healthcare_new\node_modules\jest-circus\build\legacy-code-todo-rewrite\jestAdapter.js:79:19)
    at runTestInternal (C:\Users\15612\Desktop\Repositories\Ojala-healthcare_new\node_modules\jest-runner\build\runTest.js:367:16)
    at runTest (C:\Users\15612\Desktop\Repositories\Ojala-healthcare_new\node_modules\jest-runner\build\runTest.js:444:34)
    at Object.worker (C:\Users\15612\Desktop\Repositories\Ojala-healthcare_new\node_modules\jest-runner\build\testWorker.js:106:12)</failure>
    </testcase>
    <testcase classname="Test Utilities mocks API responses" name="Test Utilities mocks API responses" time="0.005">
    </testcase>
  </testsuite>
  <testsuite name="LogoutFlow" errors="0" failures="4" skipped="0" timestamp="2025-09-02T12:09:30" time="28.404" tests="6">
    <testcase classname="LogoutFlow LogoutButton should be accessible" name="LogoutFlow LogoutButton should be accessible" time="0.38">
    </testcase>
    <testcase classname="LogoutFlow LogoutButton should call logout and redirect on click" name="LogoutFlow LogoutButton should call logout and redirect on click" time="0.117">
      <failure>TestingLibraryElementError: Unable to find an accessible element with the role &quot;button&quot; and name `/logout/i`

Here are the accessible roles:

  button:

  Name &quot;Log out&quot;:
  &lt;button
    aria-label=&quot;Log out&quot;
    class=&quot;MuiButtonBase-root MuiButton-root MuiButton-contained MuiButton-containedPrimary MuiButton-sizeMedium MuiButton-containedSizeMedium MuiButton-colorPrimary MuiButton-root MuiButton-contained MuiButton-containedPrimary MuiButton-sizeMedium MuiButton-containedSizeMedium MuiButton-colorPrimary css-74d805-MuiButtonBase-root-MuiButton-root&quot;
    tabindex=&quot;0&quot;
    type=&quot;button&quot;
  /&gt;

  --------------------------------------------------

Ignored nodes: comments, script, style
&lt;body&gt;
  &lt;div&gt;
    &lt;button
      aria-label=&quot;Log out&quot;
      class=&quot;MuiButtonBase-root MuiButton-root MuiButton-contained MuiButton-containedPrimary MuiButton-sizeMedium MuiButton-containedSizeMedium MuiButton-colorPrimary MuiButton-root MuiButton-contained MuiButton-containedPrimary MuiButton-sizeMedium MuiButton-containedSizeMedium MuiButton-colorPrimary css-74d805-MuiButtonBase-root-MuiButton-root&quot;
      tabindex=&quot;0&quot;
      type=&quot;button&quot;
    &gt;
      Logout
    &lt;/button&gt;
  &lt;/div&gt;
&lt;/body&gt;
    at Object.getElementError (C:\Users\15612\Desktop\Repositories\Ojala-healthcare_new\node_modules\@testing-library\react\node_modules\@testing-library\dom\dist\config.js:37:19)
    at getElementError (C:\Users\15612\Desktop\Repositories\Ojala-healthcare_new\node_modules\@testing-library\react\node_modules\@testing-library\dom\dist\query-helpers.js:76:38)
    at allQuery (C:\Users\15612\Desktop\Repositories\Ojala-healthcare_new\node_modules\@testing-library\react\node_modules\@testing-library\dom\dist\query-helpers.js:52:17)
    at query (C:\Users\15612\Desktop\Repositories\Ojala-healthcare_new\node_modules\@testing-library\react\node_modules\@testing-library\dom\dist\query-helpers.js:95:19)
    at C:\Users\15612\Desktop\Repositories\Ojala-healthcare_new\src\frontend\shared\auth\__tests__\LogoutFlow.test.tsx:45:29
    at Generator.next (&lt;anonymous&gt;)
    at C:\Users\15612\Desktop\Repositories\Ojala-healthcare_new\src\frontend\shared\auth\__tests__\LogoutFlow.test.tsx:8:71
    at new Promise (&lt;anonymous&gt;)
    at Object.&lt;anonymous&gt;.__awaiter (C:\Users\15612\Desktop\Repositories\Ojala-healthcare_new\src\frontend\shared\auth\__tests__\LogoutFlow.test.tsx:4:12)
    at Object.&lt;anonymous&gt; (C:\Users\15612\Desktop\Repositories\Ojala-healthcare_new\src\frontend\shared\auth\__tests__\LogoutFlow.test.tsx:42:63)
    at Promise.then.completed (C:\Users\15612\Desktop\Repositories\Ojala-healthcare_new\node_modules\jest-circus\build\utils.js:298:28)
    at new Promise (&lt;anonymous&gt;)
    at callAsyncCircusFn (C:\Users\15612\Desktop\Repositories\Ojala-healthcare_new\node_modules\jest-circus\build\utils.js:231:10)
    at _callCircusTest (C:\Users\15612\Desktop\Repositories\Ojala-healthcare_new\node_modules\jest-circus\build\run.js:316:40)
    at _runTest (C:\Users\15612\Desktop\Repositories\Ojala-healthcare_new\node_modules\jest-circus\build\run.js:252:3)
    at _runTestsForDescribeBlock (C:\Users\15612\Desktop\Repositories\Ojala-healthcare_new\node_modules\jest-circus\build\run.js:126:9)
    at _runTestsForDescribeBlock (C:\Users\15612\Desktop\Repositories\Ojala-healthcare_new\node_modules\jest-circus\build\run.js:121:9)
    at _runTestsForDescribeBlock (C:\Users\15612\Desktop\Repositories\Ojala-healthcare_new\node_modules\jest-circus\build\run.js:121:9)
    at run (C:\Users\15612\Desktop\Repositories\Ojala-healthcare_new\node_modules\jest-circus\build\run.js:71:3)
    at runAndTransformResultsToJestFormat (C:\Users\15612\Desktop\Repositories\Ojala-healthcare_new\node_modules\jest-circus\build\legacy-code-todo-rewrite\jestAdapterInit.js:122:21)
    at jestAdapter (C:\Users\15612\Desktop\Repositories\Ojala-healthcare_new\node_modules\jest-circus\build\legacy-code-todo-rewrite\jestAdapter.js:79:19)
    at runTestInternal (C:\Users\15612\Desktop\Repositories\Ojala-healthcare_new\node_modules\jest-runner\build\runTest.js:367:16)
    at runTest (C:\Users\15612\Desktop\Repositories\Ojala-healthcare_new\node_modules\jest-runner\build\runTest.js:444:34)
    at Object.worker (C:\Users\15612\Desktop\Repositories\Ojala-healthcare_new\node_modules\jest-runner\build\testWorker.js:106:12)</failure>
    </testcase>
    <testcase classname="LogoutFlow LogoutButton should show loading state while logging out" name="LogoutFlow LogoutButton should show loading state while logging out" time="0.05">
      <failure>TestingLibraryElementError: Unable to find an accessible element with the role &quot;button&quot; and name `/logout/i`

Here are the accessible roles:

  button:

  Name &quot;Log out&quot;:
  &lt;button
    aria-label=&quot;Log out&quot;
    class=&quot;MuiButtonBase-root MuiButton-root MuiButton-contained MuiButton-containedPrimary MuiButton-sizeMedium MuiButton-containedSizeMedium MuiButton-colorPrimary MuiButton-root MuiButton-contained MuiButton-containedPrimary MuiButton-sizeMedium MuiButton-containedSizeMedium MuiButton-colorPrimary css-74d805-MuiButtonBase-root-MuiButton-root&quot;
    tabindex=&quot;0&quot;
    type=&quot;button&quot;
  /&gt;

  --------------------------------------------------

Ignored nodes: comments, script, style
&lt;body&gt;
  &lt;div&gt;
    &lt;button
      aria-label=&quot;Log out&quot;
      class=&quot;MuiButtonBase-root MuiButton-root MuiButton-contained MuiButton-containedPrimary MuiButton-sizeMedium MuiButton-containedSizeMedium MuiButton-colorPrimary MuiButton-root MuiButton-contained MuiButton-containedPrimary MuiButton-sizeMedium MuiButton-containedSizeMedium MuiButton-colorPrimary css-74d805-MuiButtonBase-root-MuiButton-root&quot;
      tabindex=&quot;0&quot;
      type=&quot;button&quot;
    &gt;
      Logout
    &lt;/button&gt;
  &lt;/div&gt;
&lt;/body&gt;
    at Object.getElementError (C:\Users\15612\Desktop\Repositories\Ojala-healthcare_new\node_modules\@testing-library\react\node_modules\@testing-library\dom\dist\config.js:37:19)
    at getElementError (C:\Users\15612\Desktop\Repositories\Ojala-healthcare_new\node_modules\@testing-library\react\node_modules\@testing-library\dom\dist\query-helpers.js:76:38)
    at allQuery (C:\Users\15612\Desktop\Repositories\Ojala-healthcare_new\node_modules\@testing-library\react\node_modules\@testing-library\dom\dist\query-helpers.js:52:17)
    at query (C:\Users\15612\Desktop\Repositories\Ojala-healthcare_new\node_modules\@testing-library\react\node_modules\@testing-library\dom\dist\query-helpers.js:95:19)
    at C:\Users\15612\Desktop\Repositories\Ojala-healthcare_new\src\frontend\shared\auth\__tests__\LogoutFlow.test.tsx:59:29
    at Generator.next (&lt;anonymous&gt;)
    at C:\Users\15612\Desktop\Repositories\Ojala-healthcare_new\src\frontend\shared\auth\__tests__\LogoutFlow.test.tsx:8:71
    at new Promise (&lt;anonymous&gt;)
    at Object.&lt;anonymous&gt;.__awaiter (C:\Users\15612\Desktop\Repositories\Ojala-healthcare_new\src\frontend\shared\auth\__tests__\LogoutFlow.test.tsx:4:12)
    at Object.&lt;anonymous&gt; (C:\Users\15612\Desktop\Repositories\Ojala-healthcare_new\src\frontend\shared\auth\__tests__\LogoutFlow.test.tsx:54:66)
    at Promise.then.completed (C:\Users\15612\Desktop\Repositories\Ojala-healthcare_new\node_modules\jest-circus\build\utils.js:298:28)
    at new Promise (&lt;anonymous&gt;)
    at callAsyncCircusFn (C:\Users\15612\Desktop\Repositories\Ojala-healthcare_new\node_modules\jest-circus\build\utils.js:231:10)
    at _callCircusTest (C:\Users\15612\Desktop\Repositories\Ojala-healthcare_new\node_modules\jest-circus\build\run.js:316:40)
    at _runTest (C:\Users\15612\Desktop\Repositories\Ojala-healthcare_new\node_modules\jest-circus\build\run.js:252:3)
    at _runTestsForDescribeBlock (C:\Users\15612\Desktop\Repositories\Ojala-healthcare_new\node_modules\jest-circus\build\run.js:126:9)
    at _runTestsForDescribeBlock (C:\Users\15612\Desktop\Repositories\Ojala-healthcare_new\node_modules\jest-circus\build\run.js:121:9)
    at _runTestsForDescribeBlock (C:\Users\15612\Desktop\Repositories\Ojala-healthcare_new\node_modules\jest-circus\build\run.js:121:9)
    at run (C:\Users\15612\Desktop\Repositories\Ojala-healthcare_new\node_modules\jest-circus\build\run.js:71:3)
    at runAndTransformResultsToJestFormat (C:\Users\15612\Desktop\Repositories\Ojala-healthcare_new\node_modules\jest-circus\build\legacy-code-todo-rewrite\jestAdapterInit.js:122:21)
    at jestAdapter (C:\Users\15612\Desktop\Repositories\Ojala-healthcare_new\node_modules\jest-circus\build\legacy-code-todo-rewrite\jestAdapter.js:79:19)
    at runTestInternal (C:\Users\15612\Desktop\Repositories\Ojala-healthcare_new\node_modules\jest-runner\build\runTest.js:367:16)
    at runTest (C:\Users\15612\Desktop\Repositories\Ojala-healthcare_new\node_modules\jest-runner\build\runTest.js:444:34)
    at Object.worker (C:\Users\15612\Desktop\Repositories\Ojala-healthcare_new\node_modules\jest-runner\build\testWorker.js:106:12)</failure>
    </testcase>
    <testcase classname="LogoutFlow Auto-Logout on 401 should trigger logout on 401 response" name="LogoutFlow Auto-Logout on 401 should trigger logout on 401 response" time="1.015">
      <failure>Error: expect(jest.fn()).toHaveBeenCalledTimes(expected)

Expected number of calls: 1
Received number of calls: 0

Ignored nodes: comments, script, style
&lt;html&gt;
  &lt;head&gt;
    &lt;meta
      content=&quot;&quot;
      name=&quot;emotion-insertion-point&quot;
    /&gt;
  &lt;/head&gt;
  &lt;body /&gt;
&lt;/html&gt;
    at C:\Users\15612\Desktop\Repositories\Ojala-healthcare_new\src\frontend\shared\auth\__tests__\LogoutFlow.test.tsx:85:28
    at callback (C:\Users\15612\Desktop\Repositories\Ojala-healthcare_new\node_modules\@testing-library\react\node_modules\@testing-library\dom\dist\config.js:47:12)
    at checkCallback (C:\Users\15612\Desktop\Repositories\Ojala-healthcare_new\node_modules\@testing-library\react\node_modules\@testing-library\dom\dist\wait-for.js:124:75)
    at checkCallback (C:\Users\15612\Desktop\Repositories\Ojala-healthcare_new\node_modules\@testing-library\react\node_modules\@testing-library\dom\dist\wait-for.js:118:16)
    at Timeout.task [as _onTimeout] (C:\Users\15612\Desktop\Repositories\Ojala-healthcare_new\node_modules\jsdom\lib\jsdom\browser\Window.js:520:19)
    at listOnTimeout (node:internal/timers:581:17)
    at processTimers (node:internal/timers:519:7)</failure>
    </testcase>
    <testcase classname="LogoutFlow Auto-Logout on 401 should clear storage on 401 response" name="LogoutFlow Auto-Logout on 401 should clear storage on 401 response" time="1.015">
      <failure>Error: expect(jest.fn()).toHaveBeenCalledTimes(expected)

Expected number of calls: 1
Received number of calls: 0

Ignored nodes: comments, script, style
&lt;html&gt;
  &lt;head&gt;
    &lt;meta
      content=&quot;&quot;
      name=&quot;emotion-insertion-point&quot;
    /&gt;
  &lt;/head&gt;
  &lt;body /&gt;
&lt;/html&gt;
    at C:\Users\15612\Desktop\Repositories\Ojala-healthcare_new\src\frontend\shared\auth\__tests__\LogoutFlow.test.tsx:111:40
    at callback (C:\Users\15612\Desktop\Repositories\Ojala-healthcare_new\node_modules\@testing-library\react\node_modules\@testing-library\dom\dist\config.js:47:12)
    at checkCallback (C:\Users\15612\Desktop\Repositories\Ojala-healthcare_new\node_modules\@testing-library\react\node_modules\@testing-library\dom\dist\wait-for.js:124:75)
    at checkCallback (C:\Users\15612\Desktop\Repositories\Ojala-healthcare_new\node_modules\@testing-library\react\node_modules\@testing-library\dom\dist\wait-for.js:118:16)
    at Timeout.task [as _onTimeout] (C:\Users\15612\Desktop\Repositories\Ojala-healthcare_new\node_modules\jsdom\lib\jsdom\browser\Window.js:520:19)
    at listOnTimeout (node:internal/timers:581:17)
    at processTimers (node:internal/timers:519:7)</failure>
    </testcase>
    <testcase classname="LogoutFlow Auto-Logout on 401 should handle network errors without triggering logout" name="LogoutFlow Auto-Logout on 401 should handle network errors without triggering logout" time="0.002">
    </testcase>
  </testsuite>
</testsuites>