<?xml version="1.0" encoding="UTF-8"?>
<testsuites name="jest tests" tests="116" failures="0" errors="0" time="54.947">
  <testsuite name="useAuth Hook" errors="0" failures="0" skipped="7" timestamp="2025-09-02T12:53:51" time="20.078" tests="7">
    <testcase classname="useAuth Hook initializes with default values" name="useAuth Hook initializes with default values" time="0">
      <skipped/>
    </testcase>
    <testcase classname="useAuth Hook checks for existing session on mount" name="useAuth Hook checks for existing session on mount" time="0">
      <skipped/>
    </testcase>
    <testcase classname="useAuth Hook handles invalid token on mount" name="useAuth Hook handles invalid token on mount" time="0">
      <skipped/>
    </testcase>
    <testcase classname="useAuth Hook handles successful login" name="useAuth Hook handles successful login" time="0">
      <skipped/>
    </testcase>
    <testcase classname="useAuth Hook handles login failure" name="useAuth Hook handles login failure" time="0">
      <skipped/>
    </testcase>
    <testcase classname="useAuth Hook handles logout" name="useAuth Hook handles logout" time="0">
      <skipped/>
    </testcase>
    <testcase classname="useAuth Hook handles network errors during login" name="useAuth Hook handles network errors during login" time="0">
      <skipped/>
    </testcase>
  </testsuite>
  <testsuite name="Telemetry Processor" errors="0" failures="0" skipped="4" timestamp="2025-09-02T12:53:51" time="23.393" tests="4">
    <testcase classname="Telemetry Processor processNewTelemetry should query InfluxDB for new telemetry data" name="Telemetry Processor processNewTelemetry should query InfluxDB for new telemetry data" time="0">
      <skipped/>
    </testcase>
    <testcase classname="Telemetry Processor processNewTelemetry should not send alerts for values within normal range" name="Telemetry Processor processNewTelemetry should not send alerts for values within normal range" time="0">
      <skipped/>
    </testcase>
    <testcase classname="Telemetry Processor processNewTelemetry should handle errors gracefully" name="Telemetry Processor processNewTelemetry should handle errors gracefully" time="0">
      <skipped/>
    </testcase>
    <testcase classname="Telemetry Processor getPatientThresholds should retrieve patient-specific thresholds" name="Telemetry Processor getPatientThresholds should retrieve patient-specific thresholds" time="0">
      <skipped/>
    </testcase>
  </testsuite>
  <testsuite name="Auth API Service" errors="0" failures="0" skipped="11" timestamp="2025-09-02T12:54:11" time="3.758" tests="11">
    <testcase classname="Auth API Service login successfully logs in user" name="Auth API Service login successfully logs in user" time="0">
      <skipped/>
    </testcase>
    <testcase classname="Auth API Service login handles login error" name="Auth API Service login handles login error" time="0">
      <skipped/>
    </testcase>
    <testcase classname="Auth API Service register successfully registers new user" name="Auth API Service register successfully registers new user" time="0">
      <skipped/>
    </testcase>
    <testcase classname="Auth API Service register handles registration error" name="Auth API Service register handles registration error" time="0">
      <skipped/>
    </testcase>
    <testcase classname="Auth API Service logout successfully logs out user" name="Auth API Service logout successfully logs out user" time="0">
      <skipped/>
    </testcase>
    <testcase classname="Auth API Service logout handles logout error" name="Auth API Service logout handles logout error" time="0">
      <skipped/>
    </testcase>
    <testcase classname="Auth API Service getProfile successfully fetches user profile" name="Auth API Service getProfile successfully fetches user profile" time="0">
      <skipped/>
    </testcase>
    <testcase classname="Auth API Service getProfile handles profile fetch error" name="Auth API Service getProfile handles profile fetch error" time="0">
      <skipped/>
    </testcase>
    <testcase classname="Auth API Service error handling handles network errors" name="Auth API Service error handling handles network errors" time="0">
      <skipped/>
    </testcase>
    <testcase classname="Auth API Service error handling handles server errors" name="Auth API Service error handling handles server errors" time="0">
      <skipped/>
    </testcase>
    <testcase classname="Auth API Service error handling handles timeout errors" name="Auth API Service error handling handles timeout errors" time="0">
      <skipped/>
    </testcase>
  </testsuite>
  <testsuite name="Alert Severity Classification" errors="0" failures="0" skipped="24" timestamp="2025-09-02T12:54:15" time="1.455" tests="24">
    <testcase classname="Alert Severity Classification AlertSeverity enum should have the correct severity levels" name="Alert Severity Classification AlertSeverity enum should have the correct severity levels" time="0">
      <skipped/>
    </testcase>
    <testcase classname="Alert Severity Classification classifySeverity function should classify heart rate 105 as Info" name="Alert Severity Classification classifySeverity function should classify heart rate 105 as Info" time="0">
      <skipped/>
    </testcase>
    <testcase classname="Alert Severity Classification classifySeverity function should classify heart rate 115 as Warning" name="Alert Severity Classification classifySeverity function should classify heart rate 115 as Warning" time="0">
      <skipped/>
    </testcase>
    <testcase classname="Alert Severity Classification classifySeverity function should classify heart rate 125 as Emergency" name="Alert Severity Classification classifySeverity function should classify heart rate 125 as Emergency" time="0">
      <skipped/>
    </testcase>
    <testcase classname="Alert Severity Classification classifySeverity function should classify heart rate 95 as null (normal)" name="Alert Severity Classification classifySeverity function should classify heart rate 95 as null (normal)" time="0">
      <skipped/>
    </testcase>
    <testcase classname="Alert Severity Classification classifySeverity function should classify oxygen saturation 92 as Info" name="Alert Severity Classification classifySeverity function should classify oxygen saturation 92 as Info" time="0">
      <skipped/>
    </testcase>
    <testcase classname="Alert Severity Classification classifySeverity function should classify oxygen saturation 87 as Warning" name="Alert Severity Classification classifySeverity function should classify oxygen saturation 87 as Warning" time="0">
      <skipped/>
    </testcase>
    <testcase classname="Alert Severity Classification classifySeverity function should classify oxygen saturation 83 as Emergency" name="Alert Severity Classification classifySeverity function should classify oxygen saturation 83 as Emergency" time="0">
      <skipped/>
    </testcase>
    <testcase classname="Alert Severity Classification classifySeverity function should classify oxygen saturation 96 as null (normal)" name="Alert Severity Classification classifySeverity function should classify oxygen saturation 96 as null (normal)" time="0">
      <skipped/>
    </testcase>
    <testcase classname="Alert Severity Classification classifySeverity function should classify blood pressure systolic 135 as Info" name="Alert Severity Classification classifySeverity function should classify blood pressure systolic 135 as Info" time="0">
      <skipped/>
    </testcase>
    <testcase classname="Alert Severity Classification classifySeverity function should classify blood pressure systolic 150 as Warning" name="Alert Severity Classification classifySeverity function should classify blood pressure systolic 150 as Warning" time="0">
      <skipped/>
    </testcase>
    <testcase classname="Alert Severity Classification classifySeverity function should classify blood pressure systolic 165 as Emergency" name="Alert Severity Classification classifySeverity function should classify blood pressure systolic 165 as Emergency" time="0">
      <skipped/>
    </testcase>
    <testcase classname="Alert Severity Classification classifySeverity function should classify blood pressure systolic 120 as null (normal)" name="Alert Severity Classification classifySeverity function should classify blood pressure systolic 120 as null (normal)" time="0">
      <skipped/>
    </testcase>
    <testcase classname="Alert Severity Classification classifySeverity function should classify blood pressure diastolic 85 as Info" name="Alert Severity Classification classifySeverity function should classify blood pressure diastolic 85 as Info" time="0">
      <skipped/>
    </testcase>
    <testcase classname="Alert Severity Classification classifySeverity function should classify blood pressure diastolic 95 as Warning" name="Alert Severity Classification classifySeverity function should classify blood pressure diastolic 95 as Warning" time="0">
      <skipped/>
    </testcase>
    <testcase classname="Alert Severity Classification classifySeverity function should classify blood pressure diastolic 105 as Emergency" name="Alert Severity Classification classifySeverity function should classify blood pressure diastolic 105 as Emergency" time="0">
      <skipped/>
    </testcase>
    <testcase classname="Alert Severity Classification classifySeverity function should classify blood pressure diastolic 75 as null (normal)" name="Alert Severity Classification classifySeverity function should classify blood pressure diastolic 75 as null (normal)" time="0">
      <skipped/>
    </testcase>
    <testcase classname="Alert Severity Classification classifySeverity function should classify any metric with arrhythmia as Emergency" name="Alert Severity Classification classifySeverity function should classify any metric with arrhythmia as Emergency" time="0">
      <skipped/>
    </testcase>
    <testcase classname="Alert Severity Classification classifySeverity function should classify any metric with panic event as Emergency" name="Alert Severity Classification classifySeverity function should classify any metric with panic event as Emergency" time="0">
      <skipped/>
    </testcase>
    <testcase classname="Alert Severity Classification classifySeverity function should return null for unknown metrics" name="Alert Severity Classification classifySeverity function should return null for unknown metrics" time="0">
      <skipped/>
    </testcase>
    <testcase classname="Alert Severity Classification generateAlertMessage function should generate correct Info message" name="Alert Severity Classification generateAlertMessage function should generate correct Info message" time="0">
      <skipped/>
    </testcase>
    <testcase classname="Alert Severity Classification generateAlertMessage function should generate correct Warning message" name="Alert Severity Classification generateAlertMessage function should generate correct Warning message" time="0">
      <skipped/>
    </testcase>
    <testcase classname="Alert Severity Classification generateAlertMessage function should generate correct Emergency message" name="Alert Severity Classification generateAlertMessage function should generate correct Emergency message" time="0">
      <skipped/>
    </testcase>
    <testcase classname="Alert Severity Classification generateAlertMessage function should handle unknown metrics gracefully" name="Alert Severity Classification generateAlertMessage function should handle unknown metrics gracefully" time="0">
      <skipped/>
    </testcase>
  </testsuite>
  <testsuite name="Chat API Endpoint Tests" errors="0" failures="0" skipped="4" timestamp="2025-09-02T12:53:51" time="27.518" tests="4">
    <testcase classname="Chat API Endpoint Tests POST /api/ai/chat should return 200 and a valid response for a valid prompt" name="Chat API Endpoint Tests POST /api/ai/chat should return 200 and a valid response for a valid prompt" time="0">
      <skipped/>
    </testcase>
    <testcase classname="Chat API Endpoint Tests POST /api/ai/chat should return 400 for a request without a prompt" name="Chat API Endpoint Tests POST /api/ai/chat should return 400 for a request without a prompt" time="0">
      <skipped/>
    </testcase>
    <testcase classname="Chat API Endpoint Tests POST /api/ai/chat should use default options when none are provided" name="Chat API Endpoint Tests POST /api/ai/chat should use default options when none are provided" time="0">
      <skipped/>
    </testcase>
    <testcase classname="Chat API Endpoint Tests POST /api/ai/chat should handle OpenAI API errors gracefully" name="Chat API Endpoint Tests POST /api/ai/chat should handle OpenAI API errors gracefully" time="0">
      <skipped/>
    </testcase>
  </testsuite>
  <testsuite name="Alert Severity Classification" errors="0" failures="0" skipped="24" timestamp="2025-09-02T12:54:17" time="1.762" tests="24">
    <testcase classname="Alert Severity Classification AlertSeverity enum should have the correct severity levels" name="Alert Severity Classification AlertSeverity enum should have the correct severity levels" time="0">
      <skipped/>
    </testcase>
    <testcase classname="Alert Severity Classification classifySeverity function should classify heart rate 105 as Info" name="Alert Severity Classification classifySeverity function should classify heart rate 105 as Info" time="0">
      <skipped/>
    </testcase>
    <testcase classname="Alert Severity Classification classifySeverity function should classify heart rate 115 as Warning" name="Alert Severity Classification classifySeverity function should classify heart rate 115 as Warning" time="0">
      <skipped/>
    </testcase>
    <testcase classname="Alert Severity Classification classifySeverity function should classify heart rate 125 as Emergency" name="Alert Severity Classification classifySeverity function should classify heart rate 125 as Emergency" time="0">
      <skipped/>
    </testcase>
    <testcase classname="Alert Severity Classification classifySeverity function should classify heart rate 95 as null (normal)" name="Alert Severity Classification classifySeverity function should classify heart rate 95 as null (normal)" time="0">
      <skipped/>
    </testcase>
    <testcase classname="Alert Severity Classification classifySeverity function should classify oxygen saturation 92 as Info" name="Alert Severity Classification classifySeverity function should classify oxygen saturation 92 as Info" time="0">
      <skipped/>
    </testcase>
    <testcase classname="Alert Severity Classification classifySeverity function should classify oxygen saturation 87 as Warning" name="Alert Severity Classification classifySeverity function should classify oxygen saturation 87 as Warning" time="0">
      <skipped/>
    </testcase>
    <testcase classname="Alert Severity Classification classifySeverity function should classify oxygen saturation 83 as Emergency" name="Alert Severity Classification classifySeverity function should classify oxygen saturation 83 as Emergency" time="0">
      <skipped/>
    </testcase>
    <testcase classname="Alert Severity Classification classifySeverity function should classify oxygen saturation 96 as null (normal)" name="Alert Severity Classification classifySeverity function should classify oxygen saturation 96 as null (normal)" time="0">
      <skipped/>
    </testcase>
    <testcase classname="Alert Severity Classification classifySeverity function should classify blood pressure systolic 135 as Info" name="Alert Severity Classification classifySeverity function should classify blood pressure systolic 135 as Info" time="0">
      <skipped/>
    </testcase>
    <testcase classname="Alert Severity Classification classifySeverity function should classify blood pressure systolic 150 as Warning" name="Alert Severity Classification classifySeverity function should classify blood pressure systolic 150 as Warning" time="0">
      <skipped/>
    </testcase>
    <testcase classname="Alert Severity Classification classifySeverity function should classify blood pressure systolic 165 as Emergency" name="Alert Severity Classification classifySeverity function should classify blood pressure systolic 165 as Emergency" time="0">
      <skipped/>
    </testcase>
    <testcase classname="Alert Severity Classification classifySeverity function should classify blood pressure systolic 120 as null (normal)" name="Alert Severity Classification classifySeverity function should classify blood pressure systolic 120 as null (normal)" time="0">
      <skipped/>
    </testcase>
    <testcase classname="Alert Severity Classification classifySeverity function should classify blood pressure diastolic 85 as Info" name="Alert Severity Classification classifySeverity function should classify blood pressure diastolic 85 as Info" time="0">
      <skipped/>
    </testcase>
    <testcase classname="Alert Severity Classification classifySeverity function should classify blood pressure diastolic 95 as Warning" name="Alert Severity Classification classifySeverity function should classify blood pressure diastolic 95 as Warning" time="0">
      <skipped/>
    </testcase>
    <testcase classname="Alert Severity Classification classifySeverity function should classify blood pressure diastolic 105 as Emergency" name="Alert Severity Classification classifySeverity function should classify blood pressure diastolic 105 as Emergency" time="0">
      <skipped/>
    </testcase>
    <testcase classname="Alert Severity Classification classifySeverity function should classify blood pressure diastolic 75 as null (normal)" name="Alert Severity Classification classifySeverity function should classify blood pressure diastolic 75 as null (normal)" time="0">
      <skipped/>
    </testcase>
    <testcase classname="Alert Severity Classification classifySeverity function should classify any metric with arrhythmia as Emergency" name="Alert Severity Classification classifySeverity function should classify any metric with arrhythmia as Emergency" time="0">
      <skipped/>
    </testcase>
    <testcase classname="Alert Severity Classification classifySeverity function should classify any metric with panic event as Emergency" name="Alert Severity Classification classifySeverity function should classify any metric with panic event as Emergency" time="0">
      <skipped/>
    </testcase>
    <testcase classname="Alert Severity Classification classifySeverity function should return null for unknown metrics" name="Alert Severity Classification classifySeverity function should return null for unknown metrics" time="0">
      <skipped/>
    </testcase>
    <testcase classname="Alert Severity Classification generateAlertMessage function should generate correct Info message" name="Alert Severity Classification generateAlertMessage function should generate correct Info message" time="0">
      <skipped/>
    </testcase>
    <testcase classname="Alert Severity Classification generateAlertMessage function should generate correct Warning message" name="Alert Severity Classification generateAlertMessage function should generate correct Warning message" time="0">
      <skipped/>
    </testcase>
    <testcase classname="Alert Severity Classification generateAlertMessage function should generate correct Emergency message" name="Alert Severity Classification generateAlertMessage function should generate correct Emergency message" time="0">
      <skipped/>
    </testcase>
    <testcase classname="Alert Severity Classification generateAlertMessage function should handle unknown metrics gracefully" name="Alert Severity Classification generateAlertMessage function should handle unknown metrics gracefully" time="0">
      <skipped/>
    </testcase>
  </testsuite>
  <testsuite name="ProtectedRoute Component" errors="0" failures="0" skipped="6" timestamp="2025-09-02T12:53:51" time="28.746" tests="6">
    <testcase classname="ProtectedRoute Component renders without accessibility violations" name="ProtectedRoute Component renders without accessibility violations" time="0">
      <skipped/>
    </testcase>
    <testcase classname="ProtectedRoute Component redirects to login when not authenticated" name="ProtectedRoute Component redirects to login when not authenticated" time="0">
      <skipped/>
    </testcase>
    <testcase classname="ProtectedRoute Component renders children when authenticated" name="ProtectedRoute Component renders children when authenticated" time="0">
      <skipped/>
    </testcase>
    <testcase classname="ProtectedRoute Component preserves the original location in state" name="ProtectedRoute Component preserves the original location in state" time="0">
      <skipped/>
    </testcase>
    <testcase classname="ProtectedRoute Component shows loading state while checking authentication" name="ProtectedRoute Component shows loading state while checking authentication" time="0">
      <skipped/>
    </testcase>
    <testcase classname="ProtectedRoute Component handles error state" name="ProtectedRoute Component handles error state" time="0">
      <skipped/>
    </testcase>
  </testsuite>
  <testsuite name="useRefreshToken Hook" errors="0" failures="0" skipped="7" timestamp="2025-09-02T12:53:51" time="28.951" tests="7">
    <testcase classname="useRefreshToken Hook does nothing when no refresh token exists" name="useRefreshToken Hook does nothing when no refresh token exists" time="0">
      <skipped/>
    </testcase>
    <testcase classname="useRefreshToken Hook attempts to refresh token when one exists" name="useRefreshToken Hook attempts to refresh token when one exists" time="0">
      <skipped/>
    </testcase>
    <testcase classname="useRefreshToken Hook handles refresh token failure" name="useRefreshToken Hook handles refresh token failure" time="0">
      <skipped/>
    </testcase>
    <testcase classname="useRefreshToken Hook handles network errors during refresh" name="useRefreshToken Hook handles network errors during refresh" time="0">
      <skipped/>
    </testcase>
    <testcase classname="useRefreshToken Hook handles malformed refresh token response" name="useRefreshToken Hook handles malformed refresh token response" time="0">
      <skipped/>
    </testcase>
    <testcase classname="useRefreshToken Hook cleans up on unmount" name="useRefreshToken Hook cleans up on unmount" time="0">
      <skipped/>
    </testcase>
    <testcase classname="useRefreshToken Hook handles concurrent refresh attempts" name="useRefreshToken Hook handles concurrent refresh attempts" time="0">
      <skipped/>
    </testcase>
  </testsuite>
  <testsuite name="Test Utilities" errors="0" failures="0" skipped="4" timestamp="2025-09-02T12:54:14" time="8.579" tests="4">
    <testcase classname="Test Utilities renders component and handles clicks" name="Test Utilities renders component and handles clicks" time="0">
      <skipped/>
    </testcase>
    <testcase classname="Test Utilities handles async operations with waitFor" name="Test Utilities handles async operations with waitFor" time="0">
      <skipped/>
    </testcase>
    <testcase classname="Test Utilities uses custom matchers" name="Test Utilities uses custom matchers" time="0">
      <skipped/>
    </testcase>
    <testcase classname="Test Utilities mocks API responses" name="Test Utilities mocks API responses" time="0">
      <skipped/>
    </testcase>
  </testsuite>
  <testsuite name="ProgramEffectivenessCard" errors="0" failures="0" skipped="19" timestamp="2025-09-02T12:53:51" time="42.407" tests="19">
    <testcase classname="ProgramEffectivenessCard Loading State should show loading spinner when no data is provided" name="ProgramEffectivenessCard Loading State should show loading spinner when no data is provided" time="0">
      <skipped/>
    </testcase>
    <testcase classname="ProgramEffectivenessCard Rendering with Data should render the card title" name="ProgramEffectivenessCard Rendering with Data should render the card title" time="0">
      <skipped/>
    </testcase>
    <testcase classname="ProgramEffectivenessCard Rendering with Data should render analysis period correctly" name="ProgramEffectivenessCard Rendering with Data should render analysis period correctly" time="0">
      <skipped/>
    </testcase>
    <testcase classname="ProgramEffectivenessCard Rendering with Data should render last updated date" name="ProgramEffectivenessCard Rendering with Data should render last updated date" time="0">
      <skipped/>
    </testcase>
    <testcase classname="ProgramEffectivenessCard Enrollment &amp; Engagement Section should render enrollment rate with trend" name="ProgramEffectivenessCard Enrollment &amp; Engagement Section should render enrollment rate with trend" time="0">
      <skipped/>
    </testcase>
    <testcase classname="ProgramEffectivenessCard Enrollment &amp; Engagement Section should render active participation rate" name="ProgramEffectivenessCard Enrollment &amp; Engagement Section should render active participation rate" time="0">
      <skipped/>
    </testcase>
    <testcase classname="ProgramEffectivenessCard Enrollment &amp; Engagement Section should render weekly engagement metric" name="ProgramEffectivenessCard Enrollment &amp; Engagement Section should render weekly engagement metric" time="0">
      <skipped/>
    </testcase>
    <testcase classname="ProgramEffectivenessCard Enrollment &amp; Engagement Section should render completion rate" name="ProgramEffectivenessCard Enrollment &amp; Engagement Section should render completion rate" time="0">
      <skipped/>
    </testcase>
    <testcase classname="ProgramEffectivenessCard Health Outcomes Section should render health metrics correctly" name="ProgramEffectivenessCard Health Outcomes Section should render health metrics correctly" time="0">
      <skipped/>
    </testcase>
    <testcase classname="ProgramEffectivenessCard Health Outcomes Section should render risk reduction rate" name="ProgramEffectivenessCard Health Outcomes Section should render risk reduction rate" time="0">
      <skipped/>
    </testcase>
    <testcase classname="ProgramEffectivenessCard Health Outcomes Section should render biometric improvements" name="ProgramEffectivenessCard Health Outcomes Section should render biometric improvements" time="0">
      <skipped/>
    </testcase>
    <testcase classname="ProgramEffectivenessCard Program Comparison Section should render program comparison row" name="ProgramEffectivenessCard Program Comparison Section should render program comparison row" time="0">
      <skipped/>
    </testcase>
    <testcase classname="ProgramEffectivenessCard Program Comparison Section should render program metrics with ranks" name="ProgramEffectivenessCard Program Comparison Section should render program metrics with ranks" time="0">
      <skipped/>
    </testcase>
    <testcase classname="ProgramEffectivenessCard Recommendations Section should render recommendation cards" name="ProgramEffectivenessCard Recommendations Section should render recommendation cards" time="0">
      <skipped/>
    </testcase>
    <testcase classname="ProgramEffectivenessCard Button Interactions should handle download button click" name="ProgramEffectivenessCard Button Interactions should handle download button click" time="0">
      <skipped/>
    </testcase>
    <testcase classname="ProgramEffectivenessCard Button Interactions should handle more options button click" name="ProgramEffectivenessCard Button Interactions should handle more options button click" time="0">
      <skipped/>
    </testcase>
    <testcase classname="ProgramEffectivenessCard Edge Cases should handle missing program comparison data" name="ProgramEffectivenessCard Edge Cases should handle missing program comparison data" time="0">
      <skipped/>
    </testcase>
    <testcase classname="ProgramEffectivenessCard Edge Cases should handle missing recommendations" name="ProgramEffectivenessCard Edge Cases should handle missing recommendations" time="0">
      <skipped/>
    </testcase>
    <testcase classname="ProgramEffectivenessCard Edge Cases should handle zero values in metrics" name="ProgramEffectivenessCard Edge Cases should handle zero values in metrics" time="0">
      <skipped/>
    </testcase>
  </testsuite>
  <testsuite name="LogoutFlow" errors="0" failures="0" skipped="5" timestamp="2025-09-02T12:53:51" time="43.041" tests="6">
    <testcase classname="LogoutFlow LogoutButton should be accessible" name="LogoutFlow LogoutButton should be accessible" time="0.646">
    </testcase>
    <testcase classname="LogoutFlow LogoutButton should call logout and redirect on click" name="LogoutFlow LogoutButton should call logout and redirect on click" time="0">
      <skipped/>
    </testcase>
    <testcase classname="LogoutFlow LogoutButton should show loading state while logging out" name="LogoutFlow LogoutButton should show loading state while logging out" time="0">
      <skipped/>
    </testcase>
    <testcase classname="LogoutFlow Auto-Logout on 401 should trigger logout on 401 response" name="LogoutFlow Auto-Logout on 401 should trigger logout on 401 response" time="0">
      <skipped/>
    </testcase>
    <testcase classname="LogoutFlow Auto-Logout on 401 should clear storage on 401 response" name="LogoutFlow Auto-Logout on 401 should clear storage on 401 response" time="0">
      <skipped/>
    </testcase>
    <testcase classname="LogoutFlow Auto-Logout on 401 should handle network errors without triggering logout" name="LogoutFlow Auto-Logout on 401 should handle network errors without triggering logout" time="0">
      <skipped/>
    </testcase>
  </testsuite>
</testsuites>