{"C:\\Users\\15612\\Desktop\\Repositories\\Ojala-healthcare_new\\src\\theme.ts": {"path":"C:\\Users\\15612\\Desktop\\Repositories\\Ojala-healthcare_new\\src\\theme.ts","statementMap":{"0":{"start":{"line":1,"column":0},"end":{"line":1,"column":51}},"1":{"start":{"line":17,"column":14},"end":{"line":152,"column":2}},"2":{"start":{"line":154,"column":0},"end":{"line":154,"column":21}}},"fnMap":{},"branchMap":{},"s":{"0":0,"1":0,"2":0},"f":{},"b":{}}
,"C:\\Users\\15612\\Desktop\\Repositories\\Ojala-healthcare_new\\src\\components\\PatientCard.tsx": {"path":"C:\\Users\\15612\\Desktop\\Repositories\\Ojala-healthcare_new\\src\\components\\PatientCard.tsx","statementMap":{"0":{"start":{"line":1,"column":0},"end":{"line":1,"column":26}},"1":{"start":{"line":19,"column":55},"end":{"line":74,"column":1}},"2":{"start":{"line":24,"column":22},"end":{"line":28,"column":3}},"3":{"start":{"line":25,"column":4},"end":{"line":27,"column":5}},"4":{"start":{"line":26,"column":6},"end":{"line":26,"column":23}},"5":{"start":{"line":30,"column":2},"end":{"line":73,"column":4}},"6":{"start":{"line":19,"column":13},"end":{"line":19,"column":55}},"7":{"start":{"line":76,"column":0},"end":{"line":76,"column":27}}},"fnMap":{"0":{"name":"(anonymous_1)","decl":{"start":{"line":19,"column":55},"end":{"line":19,"column":56}},"loc":{"start":{"line":23,"column":5},"end":{"line":74,"column":1}}},"1":{"name":"(anonymous_2)","decl":{"start":{"line":24,"column":22},"end":{"line":24,"column":25}},"loc":{"start":{"line":24,"column":27},"end":{"line":28,"column":3}}}},"branchMap":{"0":{"loc":{"start":{"line":22,"column":2},"end":{"line":22,"column":16}},"type":"default-arg","locations":[{"start":{"line":22,"column":14},"end":{"line":22,"column":16}}]},"1":{"loc":{"start":{"line":25,"column":4},"end":{"line":27,"column":5}},"type":"if","locations":[{"start":{"line":25,"column":4},"end":{"line":27,"column":5}}]},"2":{"loc":{"start":{"line":34,"column":12},"end":{"line":34,"column":42}},"type":"cond-expr","locations":[{"start":{"line":34,"column":22},"end":{"line":34,"column":30}},{"start":{"line":34,"column":33},"end":{"line":34,"column":42}}]},"3":{"loc":{"start":{"line":35,"column":16},"end":{"line":35,"column":39}},"type":"cond-expr","locations":[{"start":{"line":35,"column":26},"end":{"line":35,"column":27}},{"start":{"line":35,"column":30},"end":{"line":35,"column":39}}]},"4":{"loc":{"start":{"line":41,"column":9},"end":{"line":44,"column":null}},"type":"binary-expr","locations":[{"start":{"line":41,"column":9},"end":{"line":41,"column":23}},{"start":{"line":42,"column":10},"end":{"line":43,"column":null}}]},"5":{"loc":{"start":{"line":49,"column":9},"end":{"line":53,"column":null}},"type":"binary-expr","locations":[{"start":{"line":49,"column":9},"end":{"line":49,"column":22}},{"start":{"line":50,"column":10},"end":{"line":52,"column":null}}]},"6":{"loc":{"start":{"line":56,"column":9},"end":{"line":60,"column":null}},"type":"binary-expr","locations":[{"start":{"line":56,"column":9},"end":{"line":56,"column":22}},{"start":{"line":57,"column":10},"end":{"line":59,"column":null}}]},"7":{"loc":{"start":{"line":63,"column":9},"end":{"line":69,"column":null}},"type":"binary-expr","locations":[{"start":{"line":63,"column":9},"end":{"line":63,"column":28}},{"start":{"line":64,"column":10},"end":{"line":68,"column":null}}]}},"s":{"0":0,"1":0,"2":0,"3":0,"4":0,"5":0,"6":0,"7":0},"f":{"0":0,"1":0},"b":{"0":[0],"1":[0],"2":[0,0],"3":[0,0],"4":[0,0],"5":[0,0],"6":[0,0],"7":[0,0]}}
,"C:\\Users\\15612\\Desktop\\Repositories\\Ojala-healthcare_new\\src\\components\\ProtectedRoute.tsx": {"path":"C:\\Users\\15612\\Desktop\\Repositories\\Ojala-healthcare_new\\src\\components\\ProtectedRoute.tsx","statementMap":{"0":{"start":{"line":1,"column":0},"end":{"line":1,"column":26}},"1":{"start":{"line":2,"column":0},"end":{"line":2,"column":57}},"2":{"start":{"line":3,"column":0},"end":{"line":3,"column":43}},"3":{"start":{"line":12,"column":61},"end":{"line":37,"column":1}},"4":{"start":{"line":18,"column":47},"end":{"line":18,"column":56}},"5":{"start":{"line":19,"column":19},"end":{"line":19,"column":32}},"6":{"start":{"line":22,"column":2},"end":{"line":24,"column":3}},"7":{"start":{"line":23,"column":4},"end":{"line":23,"column":33}},"8":{"start":{"line":27,"column":2},"end":{"line":29,"column":3}},"9":{"start":{"line":28,"column":4},"end":{"line":28,"column":75}},"10":{"start":{"line":32,"column":2},"end":{"line":34,"column":3}},"11":{"start":{"line":33,"column":4},"end":{"line":33,"column":51}},"12":{"start":{"line":36,"column":2},"end":{"line":36,"column":25}},"13":{"start":{"line":12,"column":13},"end":{"line":12,"column":61}},"14":{"start":{"line":39,"column":0},"end":{"line":39,"column":30}}},"fnMap":{"0":{"name":"(anonymous_1)","decl":{"start":{"line":12,"column":61},"end":{"line":12,"column":62}},"loc":{"start":{"line":17,"column":5},"end":{"line":37,"column":1}}}},"branchMap":{"0":{"loc":{"start":{"line":14,"column":2},"end":{"line":14,"column":20}},"type":"default-arg","locations":[{"start":{"line":14,"column":16},"end":{"line":14,"column":20}}]},"1":{"loc":{"start":{"line":16,"column":2},"end":{"line":16,"column":23}},"type":"default-arg","locations":[{"start":{"line":16,"column":15},"end":{"line":16,"column":23}}]},"2":{"loc":{"start":{"line":22,"column":2},"end":{"line":24,"column":3}},"type":"if","locations":[{"start":{"line":22,"column":2},"end":{"line":24,"column":3}}]},"3":{"loc":{"start":{"line":27,"column":2},"end":{"line":29,"column":3}},"type":"if","locations":[{"start":{"line":27,"column":2},"end":{"line":29,"column":3}}]},"4":{"loc":{"start":{"line":27,"column":6},"end":{"line":27,"column":37}},"type":"binary-expr","locations":[{"start":{"line":27,"column":6},"end":{"line":27,"column":17}},{"start":{"line":27,"column":21},"end":{"line":27,"column":37}}]},"5":{"loc":{"start":{"line":32,"column":2},"end":{"line":34,"column":3}},"type":"if","locations":[{"start":{"line":32,"column":2},"end":{"line":34,"column":3}}]},"6":{"loc":{"start":{"line":32,"column":6},"end":{"line":32,"column":59}},"type":"binary-expr","locations":[{"start":{"line":32,"column":6},"end":{"line":32,"column":18}},{"start":{"line":32,"column":23},"end":{"line":32,"column":28}},{"start":{"line":32,"column":32},"end":{"line":32,"column":58}}]}},"s":{"0":0,"1":0,"2":0,"3":0,"4":0,"5":0,"6":0,"7":0,"8":0,"9":0,"10":0,"11":0,"12":0,"13":0,"14":0},"f":{"0":0},"b":{"0":[0],"1":[0],"2":[0],"3":[0],"4":[0,0],"5":[0],"6":[0,0,0]}}
,"C:\\Users\\15612\\Desktop\\Repositories\\Ojala-healthcare_new\\src\\frontend\\shared\\api\\authApi.ts": {"path":"C:\\Users\\15612\\Desktop\\Repositories\\Ojala-healthcare_new\\src\\frontend\\shared\\api\\authApi.ts","statementMap":{"0":{"start":{"line":1,"column":0},"end":{"line":1,"column":26}},"1":{"start":{"line":4,"column":21},"end":{"line":4,"column":65}},"2":{"start":{"line":34,"column":13},"end":{"line":114,"column":2}},"3":{"start":{"line":39,"column":4},"end":{"line":50,"column":5}},"4":{"start":{"line":40,"column":23},"end":{"line":43,"column":8}},"5":{"start":{"line":44,"column":6},"end":{"line":44,"column":27}},"6":{"start":{"line":46,"column":6},"end":{"line":48,"column":7}},"7":{"start":{"line":47,"column":8},"end":{"line":47,"column":53}},"8":{"start":{"line":49,"column":6},"end":{"line":49,"column":18}},"9":{"start":{"line":57,"column":4},"end":{"line":65,"column":5}},"10":{"start":{"line":58,"column":23},"end":{"line":58,"column":82}},"11":{"start":{"line":59,"column":6},"end":{"line":59,"column":27}},"12":{"start":{"line":61,"column":6},"end":{"line":63,"column":7}},"13":{"start":{"line":62,"column":8},"end":{"line":62,"column":53}},"14":{"start":{"line":64,"column":6},"end":{"line":64,"column":18}},"15":{"start":{"line":72,"column":4},"end":{"line":82,"column":5}},"16":{"start":{"line":73,"column":23},"end":{"line":75,"column":8}},"17":{"start":{"line":76,"column":6},"end":{"line":76,"column":27}},"18":{"start":{"line":78,"column":6},"end":{"line":80,"column":7}},"19":{"start":{"line":79,"column":8},"end":{"line":79,"column":53}},"20":{"start":{"line":81,"column":6},"end":{"line":81,"column":18}},"21":{"start":{"line":89,"column":4},"end":{"line":97,"column":5}},"22":{"start":{"line":90,"column":23},"end":{"line":90,"column":70}},"23":{"start":{"line":91,"column":6},"end":{"line":91,"column":27}},"24":{"start":{"line":93,"column":6},"end":{"line":95,"column":7}},"25":{"start":{"line":94,"column":8},"end":{"line":94,"column":53}},"26":{"start":{"line":96,"column":6},"end":{"line":96,"column":18}},"27":{"start":{"line":104,"column":4},"end":{"line":112,"column":5}},"28":{"start":{"line":105,"column":23},"end":{"line":105,"column":71}},"29":{"start":{"line":106,"column":6},"end":{"line":106,"column":27}},"30":{"start":{"line":108,"column":6},"end":{"line":110,"column":7}},"31":{"start":{"line":109,"column":8},"end":{"line":109,"column":53}},"32":{"start":{"line":111,"column":6},"end":{"line":111,"column":18}}},"fnMap":{"0":{"name":"(anonymous_8)","decl":{"start":{"line":38,"column":8},"end":{"line":38,"column":13}},"loc":{"start":{"line":38,"column":45},"end":{"line":51,"column":null}}},"1":{"name":"(anonymous_10)","decl":{"start":{"line":56,"column":8},"end":{"line":56,"column":16}},"loc":{"start":{"line":56,"column":39},"end":{"line":66,"column":null}}},"2":{"name":"(anonymous_12)","decl":{"start":{"line":71,"column":8},"end":{"line":71,"column":14}},"loc":{"start":{"line":71,"column":29},"end":{"line":83,"column":null}}},"3":{"name":"(anonymous_14)","decl":{"start":{"line":88,"column":8},"end":{"line":88,"column":18}},"loc":{"start":{"line":88,"column":18},"end":{"line":98,"column":null}}},"4":{"name":"(anonymous_16)","decl":{"start":{"line":103,"column":8},"end":{"line":103,"column":15}},"loc":{"start":{"line":103,"column":15},"end":{"line":113,"column":null}}}},"branchMap":{"0":{"loc":{"start":{"line":4,"column":21},"end":{"line":4,"column":65}},"type":"binary-expr","locations":[{"start":{"line":4,"column":21},"end":{"line":4,"column":55}},{"start":{"line":4,"column":59},"end":{"line":4,"column":65}}]},"1":{"loc":{"start":{"line":46,"column":6},"end":{"line":48,"column":7}},"type":"if","locations":[{"start":{"line":46,"column":6},"end":{"line":48,"column":7}}]},"2":{"loc":{"start":{"line":46,"column":10},"end":{"line":46,"column":39}},"type":"cond-expr","locations":[{"start":{"line":46,"column":30},"end":{"line":46,"column":32}},{"start":{"line":46,"column":30},"end":{"line":46,"column":39}}]},"3":{"loc":{"start":{"line":46,"column":10},"end":{"line":46,"column":32}},"type":"binary-expr","locations":[{"start":{"line":46,"column":10},"end":{"line":46,"column":32}},{"start":{"line":46,"column":30},"end":{"line":46,"column":32}}]},"4":{"loc":{"start":{"line":46,"column":10},"end":{"line":46,"column":30}},"type":"cond-expr","locations":[{"start":{"line":46,"column":24},"end":{"line":46,"column":26}},{"start":{"line":46,"column":24},"end":{"line":46,"column":30}}]},"5":{"loc":{"start":{"line":46,"column":10},"end":{"line":46,"column":26}},"type":"binary-expr","locations":[{"start":{"line":46,"column":10},"end":{"line":46,"column":26}},{"start":{"line":46,"column":24},"end":{"line":46,"column":26}}]},"6":{"loc":{"start":{"line":61,"column":6},"end":{"line":63,"column":7}},"type":"if","locations":[{"start":{"line":61,"column":6},"end":{"line":63,"column":7}}]},"7":{"loc":{"start":{"line":61,"column":10},"end":{"line":61,"column":39}},"type":"cond-expr","locations":[{"start":{"line":61,"column":30},"end":{"line":61,"column":32}},{"start":{"line":61,"column":30},"end":{"line":61,"column":39}}]},"8":{"loc":{"start":{"line":61,"column":10},"end":{"line":61,"column":32}},"type":"binary-expr","locations":[{"start":{"line":61,"column":10},"end":{"line":61,"column":32}},{"start":{"line":61,"column":30},"end":{"line":61,"column":32}}]},"9":{"loc":{"start":{"line":61,"column":10},"end":{"line":61,"column":30}},"type":"cond-expr","locations":[{"start":{"line":61,"column":24},"end":{"line":61,"column":26}},{"start":{"line":61,"column":24},"end":{"line":61,"column":30}}]},"10":{"loc":{"start":{"line":61,"column":10},"end":{"line":61,"column":26}},"type":"binary-expr","locations":[{"start":{"line":61,"column":10},"end":{"line":61,"column":26}},{"start":{"line":61,"column":24},"end":{"line":61,"column":26}}]},"11":{"loc":{"start":{"line":78,"column":6},"end":{"line":80,"column":7}},"type":"if","locations":[{"start":{"line":78,"column":6},"end":{"line":80,"column":7}}]},"12":{"loc":{"start":{"line":78,"column":10},"end":{"line":78,"column":39}},"type":"cond-expr","locations":[{"start":{"line":78,"column":30},"end":{"line":78,"column":32}},{"start":{"line":78,"column":30},"end":{"line":78,"column":39}}]},"13":{"loc":{"start":{"line":78,"column":10},"end":{"line":78,"column":32}},"type":"binary-expr","locations":[{"start":{"line":78,"column":10},"end":{"line":78,"column":32}},{"start":{"line":78,"column":30},"end":{"line":78,"column":32}}]},"14":{"loc":{"start":{"line":78,"column":10},"end":{"line":78,"column":30}},"type":"cond-expr","locations":[{"start":{"line":78,"column":24},"end":{"line":78,"column":26}},{"start":{"line":78,"column":24},"end":{"line":78,"column":30}}]},"15":{"loc":{"start":{"line":78,"column":10},"end":{"line":78,"column":26}},"type":"binary-expr","locations":[{"start":{"line":78,"column":10},"end":{"line":78,"column":26}},{"start":{"line":78,"column":24},"end":{"line":78,"column":26}}]},"16":{"loc":{"start":{"line":93,"column":6},"end":{"line":95,"column":7}},"type":"if","locations":[{"start":{"line":93,"column":6},"end":{"line":95,"column":7}}]},"17":{"loc":{"start":{"line":93,"column":10},"end":{"line":93,"column":39}},"type":"cond-expr","locations":[{"start":{"line":93,"column":30},"end":{"line":93,"column":32}},{"start":{"line":93,"column":30},"end":{"line":93,"column":39}}]},"18":{"loc":{"start":{"line":93,"column":10},"end":{"line":93,"column":32}},"type":"binary-expr","locations":[{"start":{"line":93,"column":10},"end":{"line":93,"column":32}},{"start":{"line":93,"column":30},"end":{"line":93,"column":32}}]},"19":{"loc":{"start":{"line":93,"column":10},"end":{"line":93,"column":30}},"type":"cond-expr","locations":[{"start":{"line":93,"column":24},"end":{"line":93,"column":26}},{"start":{"line":93,"column":24},"end":{"line":93,"column":30}}]},"20":{"loc":{"start":{"line":93,"column":10},"end":{"line":93,"column":26}},"type":"binary-expr","locations":[{"start":{"line":93,"column":10},"end":{"line":93,"column":26}},{"start":{"line":93,"column":24},"end":{"line":93,"column":26}}]},"21":{"loc":{"start":{"line":108,"column":6},"end":{"line":110,"column":7}},"type":"if","locations":[{"start":{"line":108,"column":6},"end":{"line":110,"column":7}}]},"22":{"loc":{"start":{"line":108,"column":10},"end":{"line":108,"column":39}},"type":"cond-expr","locations":[{"start":{"line":108,"column":30},"end":{"line":108,"column":32}},{"start":{"line":108,"column":30},"end":{"line":108,"column":39}}]},"23":{"loc":{"start":{"line":108,"column":10},"end":{"line":108,"column":32}},"type":"binary-expr","locations":[{"start":{"line":108,"column":10},"end":{"line":108,"column":32}},{"start":{"line":108,"column":30},"end":{"line":108,"column":32}}]},"24":{"loc":{"start":{"line":108,"column":10},"end":{"line":108,"column":30}},"type":"cond-expr","locations":[{"start":{"line":108,"column":24},"end":{"line":108,"column":26}},{"start":{"line":108,"column":24},"end":{"line":108,"column":30}}]},"25":{"loc":{"start":{"line":108,"column":10},"end":{"line":108,"column":26}},"type":"binary-expr","locations":[{"start":{"line":108,"column":10},"end":{"line":108,"column":26}},{"start":{"line":108,"column":24},"end":{"line":108,"column":26}}]}},"s":{"0":0,"1":0,"2":0,"3":0,"4":0,"5":0,"6":0,"7":0,"8":0,"9":0,"10":0,"11":0,"12":0,"13":0,"14":0,"15":0,"16":0,"17":0,"18":0,"19":0,"20":0,"21":0,"22":0,"23":0,"24":0,"25":0,"26":0,"27":0,"28":0,"29":0,"30":0,"31":0,"32":0},"f":{"0":0,"1":0,"2":0,"3":0,"4":0},"b":{"0":[0,0],"1":[0],"2":[0,0],"3":[0,0],"4":[0,0],"5":[0,0],"6":[0],"7":[0,0],"8":[0,0],"9":[0,0],"10":[0,0],"11":[0],"12":[0,0],"13":[0,0],"14":[0,0],"15":[0,0],"16":[0],"17":[0,0],"18":[0,0],"19":[0,0],"20":[0,0],"21":[0],"22":[0,0],"23":[0,0],"24":[0,0],"25":[0,0]}}
,"C:\\Users\\15612\\Desktop\\Repositories\\Ojala-healthcare_new\\src\\frontend\\shared\\api\\index.ts": {"path":"C:\\Users\\15612\\Desktop\\Repositories\\Ojala-healthcare_new\\src\\frontend\\shared\\api\\index.ts","statementMap":{"0":{"start":{"line":2,"column":0},"end":{"line":2,"column":9}},"1":{"start":{"line":2,"column":9},"end":{"line":2,"column":36}}},"fnMap":{"0":{"name":"(anonymous_0)","decl":{"start":{"line":2,"column":9},"end":{"line":2,"column":16}},"loc":{"start":{"line":2,"column":9},"end":{"line":2,"column":36}}}},"branchMap":{},"s":{"0":0,"1":0},"f":{"0":0},"b":{}}
,"C:\\Users\\15612\\Desktop\\Repositories\\Ojala-healthcare_new\\src\\frontend\\shared\\auth\\api\\authApi.ts": {"path":"C:\\Users\\15612\\Desktop\\Repositories\\Ojala-healthcare_new\\src\\frontend\\shared\\auth\\api\\authApi.ts","statementMap":{"0":{"start":{"line":1,"column":0},"end":{"line":1,"column":26}},"1":{"start":{"line":3,"column":16},"end":{"line":3,"column":76}},"2":{"start":{"line":25,"column":12},"end":{"line":30,"column":2}},"3":{"start":{"line":33,"column":0},"end":{"line":42,"column":2}},"4":{"start":{"line":35,"column":18},"end":{"line":35,"column":47}},"5":{"start":{"line":36,"column":4},"end":{"line":38,"column":5}},"6":{"start":{"line":37,"column":6},"end":{"line":37,"column":55}},"7":{"start":{"line":39,"column":4},"end":{"line":39,"column":18}},"8":{"start":{"line":41,"column":13},"end":{"line":41,"column":34}},"9":{"start":{"line":45,"column":0},"end":{"line":54,"column":2}},"10":{"start":{"line":46,"column":16},"end":{"line":46,"column":24}},"11":{"start":{"line":48,"column":4},"end":{"line":51,"column":5}},"12":{"start":{"line":49,"column":6},"end":{"line":49,"column":39}},"13":{"start":{"line":50,"column":6},"end":{"line":50,"column":38}},"14":{"start":{"line":52,"column":4},"end":{"line":52,"column":33}},"15":{"start":{"line":56,"column":13},"end":{"line":91,"column":2}},"16":{"start":{"line":57,"column":75},"end":{"line":60,"column":null}},"17":{"start":{"line":58,"column":21},"end":{"line":58,"column":86}},"18":{"start":{"line":59,"column":4},"end":{"line":59,"column":25}},"19":{"start":{"line":62,"column":36},"end":{"line":64,"column":null}},"20":{"start":{"line":63,"column":4},"end":{"line":63,"column":35}},"21":{"start":{"line":66,"column":73},"end":{"line":69,"column":null}},"22":{"start":{"line":67,"column":21},"end":{"line":67,"column":87}},"23":{"start":{"line":68,"column":4},"end":{"line":68,"column":25}},"24":{"start":{"line":72,"column":44},"end":{"line":75,"column":null}},"25":{"start":{"line":73,"column":21},"end":{"line":73,"column":42}},"26":{"start":{"line":74,"column":4},"end":{"line":74,"column":25}},"27":{"start":{"line":77,"column":57},"end":{"line":80,"column":null}},"28":{"start":{"line":78,"column":21},"end":{"line":78,"column":49}},"29":{"start":{"line":79,"column":4},"end":{"line":79,"column":25}},"30":{"start":{"line":82,"column":56},"end":{"line":85,"column":null}},"31":{"start":{"line":83,"column":21},"end":{"line":83,"column":48}},"32":{"start":{"line":84,"column":4},"end":{"line":84,"column":25}},"33":{"start":{"line":87,"column":47},"end":{"line":90,"column":null}},"34":{"start":{"line":88,"column":21},"end":{"line":88,"column":45}},"35":{"start":{"line":89,"column":4},"end":{"line":89,"column":25}}},"fnMap":{"0":{"name":"(anonymous_8)","decl":{"start":{"line":34,"column":2},"end":{"line":34,"column":3}},"loc":{"start":{"line":34,"column":13},"end":{"line":40,"column":3}}},"1":{"name":"(anonymous_9)","decl":{"start":{"line":41,"column":2},"end":{"line":41,"column":3}},"loc":{"start":{"line":41,"column":13},"end":{"line":41,"column":34}}},"2":{"name":"(anonymous_10)","decl":{"start":{"line":46,"column":2},"end":{"line":46,"column":3}},"loc":{"start":{"line":46,"column":16},"end":{"line":46,"column":24}}},"3":{"name":"(anonymous_11)","decl":{"start":{"line":47,"column":2},"end":{"line":47,"column":3}},"loc":{"start":{"line":47,"column":12},"end":{"line":53,"column":3}}},"4":{"name":"(anonymous_12)","decl":{"start":{"line":57,"column":9},"end":{"line":57,"column":16}},"loc":{"start":{"line":57,"column":75},"end":{"line":60,"column":null}}},"5":{"name":"(anonymous_13)","decl":{"start":{"line":57,"column":75},"end":{"line":57,"column":null}},"loc":{"start":{"line":57,"column":75},"end":{"line":60,"column":3}}},"6":{"name":"(anonymous_14)","decl":{"start":{"line":62,"column":10},"end":{"line":62,"column":34}},"loc":{"start":{"line":62,"column":36},"end":{"line":64,"column":null}}},"7":{"name":"(anonymous_15)","decl":{"start":{"line":62,"column":36},"end":{"line":62,"column":null}},"loc":{"start":{"line":62,"column":36},"end":{"line":64,"column":3}}},"8":{"name":"(anonymous_16)","decl":{"start":{"line":66,"column":17},"end":{"line":66,"column":24}},"loc":{"start":{"line":66,"column":73},"end":{"line":69,"column":null}}},"9":{"name":"(anonymous_17)","decl":{"start":{"line":66,"column":73},"end":{"line":66,"column":null}},"loc":{"start":{"line":66,"column":73},"end":{"line":69,"column":3}}},"10":{"name":"(anonymous_18)","decl":{"start":{"line":72,"column":7},"end":{"line":72,"column":17}},"loc":{"start":{"line":72,"column":44},"end":{"line":75,"column":null}}},"11":{"name":"(anonymous_19)","decl":{"start":{"line":72,"column":44},"end":{"line":72,"column":null}},"loc":{"start":{"line":72,"column":44},"end":{"line":75,"column":3}}},"12":{"name":"(anonymous_20)","decl":{"start":{"line":77,"column":8},"end":{"line":77,"column":18}},"loc":{"start":{"line":77,"column":57},"end":{"line":80,"column":null}}},"13":{"name":"(anonymous_21)","decl":{"start":{"line":77,"column":57},"end":{"line":77,"column":null}},"loc":{"start":{"line":77,"column":57},"end":{"line":80,"column":3}}},"14":{"name":"(anonymous_22)","decl":{"start":{"line":82,"column":7},"end":{"line":82,"column":17}},"loc":{"start":{"line":82,"column":56},"end":{"line":85,"column":null}}},"15":{"name":"(anonymous_23)","decl":{"start":{"line":82,"column":56},"end":{"line":82,"column":null}},"loc":{"start":{"line":82,"column":56},"end":{"line":85,"column":3}}},"16":{"name":"(anonymous_24)","decl":{"start":{"line":87,"column":10},"end":{"line":87,"column":20}},"loc":{"start":{"line":87,"column":47},"end":{"line":90,"column":null}}},"17":{"name":"(anonymous_25)","decl":{"start":{"line":87,"column":47},"end":{"line":87,"column":null}},"loc":{"start":{"line":87,"column":47},"end":{"line":90,"column":3}}}},"branchMap":{"0":{"loc":{"start":{"line":3,"column":16},"end":{"line":3,"column":76}},"type":"binary-expr","locations":[{"start":{"line":3,"column":16},"end":{"line":3,"column":45}},{"start":{"line":3,"column":49},"end":{"line":3,"column":76}}]},"1":{"loc":{"start":{"line":36,"column":4},"end":{"line":38,"column":5}},"type":"if","locations":[{"start":{"line":36,"column":4},"end":{"line":38,"column":5}}]},"2":{"loc":{"start":{"line":48,"column":4},"end":{"line":51,"column":5}},"type":"if","locations":[{"start":{"line":48,"column":4},"end":{"line":51,"column":5}}]},"3":{"loc":{"start":{"line":48,"column":8},"end":{"line":48,"column":30}},"type":"cond-expr","locations":[{"start":{"line":48,"column":22},"end":{"line":48,"column":24}},{"start":{"line":48,"column":22},"end":{"line":48,"column":30}}]},"4":{"loc":{"start":{"line":48,"column":8},"end":{"line":48,"column":24}},"type":"binary-expr","locations":[{"start":{"line":48,"column":8},"end":{"line":48,"column":24}},{"start":{"line":48,"column":22},"end":{"line":48,"column":24}}]}},"s":{"0":0,"1":0,"2":0,"3":0,"4":0,"5":0,"6":0,"7":0,"8":0,"9":0,"10":0,"11":0,"12":0,"13":0,"14":0,"15":0,"16":0,"17":0,"18":0,"19":0,"20":0,"21":0,"22":0,"23":0,"24":0,"25":0,"26":0,"27":0,"28":0,"29":0,"30":0,"31":0,"32":0,"33":0,"34":0,"35":0},"f":{"0":0,"1":0,"2":0,"3":0,"4":0,"5":0,"6":0,"7":0,"8":0,"9":0,"10":0,"11":0,"12":0,"13":0,"14":0,"15":0,"16":0,"17":0},"b":{"0":[0,0],"1":[0],"2":[0],"3":[0,0],"4":[0,0]}}
,"C:\\Users\\15612\\Desktop\\Repositories\\Ojala-healthcare_new\\src\\frontend\\shared\\auth\\components\\LogoutButton.tsx": {"path":"C:\\Users\\15612\\Desktop\\Repositories\\Ojala-healthcare_new\\src\\frontend\\shared\\auth\\components\\LogoutButton.tsx","statementMap":{"0":{"start":{"line":1,"column":0},"end":{"line":1,"column":40}},"1":{"start":{"line":2,"column":0},"end":{"line":2,"column":47}},"2":{"start":{"line":3,"column":0},"end":{"line":3,"column":57}},"3":{"start":{"line":4,"column":0},"end":{"line":4,"column":43}},"4":{"start":{"line":12,"column":57},"end":{"line":46,"column":1}},"5":{"start":{"line":17,"column":36},"end":{"line":17,"column":51}},"6":{"start":{"line":18,"column":21},"end":{"line":18,"column":30}},"7":{"start":{"line":19,"column":19},"end":{"line":19,"column":32}},"8":{"start":{"line":21,"column":23},"end":{"line":31,"column":4}},"9":{"start":{"line":21,"column":34},"end":{"line":31,"column":4}},"10":{"start":{"line":22,"column":4},"end":{"line":30,"column":5}},"11":{"start":{"line":23,"column":6},"end":{"line":23,"column":25}},"12":{"start":{"line":24,"column":6},"end":{"line":24,"column":21}},"13":{"start":{"line":25,"column":6},"end":{"line":25,"column":25}},"14":{"start":{"line":27,"column":6},"end":{"line":27,"column":45}},"15":{"start":{"line":29,"column":6},"end":{"line":29,"column":26}},"16":{"start":{"line":33,"column":2},"end":{"line":45,"column":4}},"17":{"start":{"line":12,"column":13},"end":{"line":12,"column":57}}},"fnMap":{"0":{"name":"(anonymous_16)","decl":{"start":{"line":12,"column":57},"end":{"line":12,"column":58}},"loc":{"start":{"line":16,"column":5},"end":{"line":46,"column":1}}},"1":{"name":"(anonymous_17)","decl":{"start":{"line":21,"column":23},"end":{"line":21,"column":32}},"loc":{"start":{"line":21,"column":34},"end":{"line":31,"column":4}}},"2":{"name":"(anonymous_18)","decl":{"start":{"line":21,"column":34},"end":{"line":21,"column":null}},"loc":{"start":{"line":21,"column":34},"end":{"line":31,"column":3}}}},"branchMap":{"0":{"loc":{"start":{"line":14,"column":2},"end":{"line":14,"column":23}},"type":"default-arg","locations":[{"start":{"line":14,"column":12},"end":{"line":14,"column":23}}]},"1":{"loc":{"start":{"line":15,"column":2},"end":{"line":15,"column":19}},"type":"default-arg","locations":[{"start":{"line":15,"column":10},"end":{"line":15,"column":19}}]},"2":{"loc":{"start":{"line":41,"column":17},"end":{"line":41,"column":82}},"type":"cond-expr","locations":[{"start":{"line":41,"column":29},"end":{"line":41,"column":75}},{"start":{"line":41,"column":78},"end":{"line":41,"column":82}}]},"3":{"loc":{"start":{"line":43,"column":7},"end":{"line":43,"column":46}},"type":"cond-expr","locations":[{"start":{"line":43,"column":19},"end":{"line":43,"column":35}},{"start":{"line":43,"column":38},"end":{"line":43,"column":46}}]}},"s":{"0":1,"1":1,"2":1,"3":1,"4":1,"5":3,"6":3,"7":3,"8":3,"9":0,"10":0,"11":0,"12":0,"13":0,"14":0,"15":0,"16":3,"17":1},"f":{"0":3,"1":0,"2":0},"b":{"0":[3],"1":[3],"2":[0,3],"3":[0,3]}}
,"C:\\Users\\15612\\Desktop\\Repositories\\Ojala-healthcare_new\\src\\frontend\\shared\\auth\\contexts\\AuthContext.tsx": {"path":"C:\\Users\\15612\\Desktop\\Repositories\\Ojala-healthcare_new\\src\\frontend\\shared\\auth\\contexts\\AuthContext.tsx","statementMap":{"0":{"start":{"line":1,"column":0},"end":{"line":1,"column":79}},"1":{"start":{"line":2,"column":0},"end":{"line":2,"column":41}},"2":{"start":{"line":20,"column":13},"end":{"line":20,"column":71}},"3":{"start":{"line":22,"column":69},"end":{"line":90,"column":1}},"4":{"start":{"line":23,"column":26},"end":{"line":23,"column":53}},"5":{"start":{"line":24,"column":32},"end":{"line":24,"column":46}},"6":{"start":{"line":25,"column":28},"end":{"line":25,"column":57}},"7":{"start":{"line":27,"column":16},"end":{"line":40,"column":8}},"8":{"start":{"line":27,"column":70},"end":{"line":40,"column":5}},"9":{"start":{"line":28,"column":4},"end":{"line":39,"column":5}},"10":{"start":{"line":29,"column":6},"end":{"line":29,"column":23}},"11":{"start":{"line":30,"column":6},"end":{"line":30,"column":21}},"12":{"start":{"line":31,"column":23},"end":{"line":31,"column":59}},"13":{"start":{"line":32,"column":6},"end":{"line":32,"column":29}},"14":{"start":{"line":33,"column":6},"end":{"line":33,"column":52}},"15":{"start":{"line":35,"column":6},"end":{"line":35,"column":68}},"16":{"start":{"line":36,"column":6},"end":{"line":36,"column":16}},"17":{"start":{"line":38,"column":6},"end":{"line":38,"column":24}},"18":{"start":{"line":42,"column":17},"end":{"line":55,"column":8}},"19":{"start":{"line":42,"column":40},"end":{"line":55,"column":5}},"20":{"start":{"line":43,"column":4},"end":{"line":54,"column":5}},"21":{"start":{"line":44,"column":6},"end":{"line":44,"column":23}},"22":{"start":{"line":45,"column":6},"end":{"line":45,"column":21}},"23":{"start":{"line":46,"column":6},"end":{"line":46,"column":29}},"24":{"start":{"line":47,"column":6},"end":{"line":47,"column":20}},"25":{"start":{"line":48,"column":6},"end":{"line":48,"column":39}},"26":{"start":{"line":50,"column":6},"end":{"line":50,"column":69}},"27":{"start":{"line":51,"column":6},"end":{"line":51,"column":16}},"28":{"start":{"line":53,"column":6},"end":{"line":53,"column":24}},"29":{"start":{"line":57,"column":2},"end":{"line":74,"column":9}},"30":{"start":{"line":58,"column":22},"end":{"line":71,"column":6}},"31":{"start":{"line":58,"column":33},"end":{"line":71,"column":6}},"32":{"start":{"line":59,"column":6},"end":{"line":70,"column":7}},"33":{"start":{"line":60,"column":22},"end":{"line":60,"column":51}},"34":{"start":{"line":61,"column":8},"end":{"line":64,"column":9}},"35":{"start":{"line":62,"column":27},"end":{"line":62,"column":61}},"36":{"start":{"line":63,"column":10},"end":{"line":63,"column":33}},"37":{"start":{"line":66,"column":8},"end":{"line":66,"column":41}},"38":{"start":{"line":67,"column":8},"end":{"line":67,"column":22}},"39":{"start":{"line":69,"column":8},"end":{"line":69,"column":26}},"40":{"start":{"line":73,"column":4},"end":{"line":73,"column":16}},"41":{"start":{"line":76,"column":16},"end":{"line":83,"column":4}},"42":{"start":{"line":85,"column":2},"end":{"line":89,"column":4}},"43":{"start":{"line":22,"column":13},"end":{"line":22,"column":69}}},"fnMap":{"0":{"name":"(anonymous_16)","decl":{"start":{"line":22,"column":69},"end":{"line":22,"column":70}},"loc":{"start":{"line":22,"column":86},"end":{"line":90,"column":1}}},"1":{"name":"(anonymous_17)","decl":{"start":{"line":27,"column":28},"end":{"line":27,"column":35}},"loc":{"start":{"line":27,"column":70},"end":{"line":40,"column":5}}},"2":{"name":"(anonymous_18)","decl":{"start":{"line":27,"column":70},"end":{"line":27,"column":null}},"loc":{"start":{"line":27,"column":70},"end":{"line":40,"column":3}}},"3":{"name":"(anonymous_19)","decl":{"start":{"line":42,"column":29},"end":{"line":42,"column":38}},"loc":{"start":{"line":42,"column":40},"end":{"line":55,"column":5}}},"4":{"name":"(anonymous_20)","decl":{"start":{"line":42,"column":40},"end":{"line":42,"column":null}},"loc":{"start":{"line":42,"column":40},"end":{"line":55,"column":3}}},"5":{"name":"(anonymous_21)","decl":{"start":{"line":57,"column":12},"end":{"line":57,"column":15}},"loc":{"start":{"line":57,"column":17},"end":{"line":74,"column":3}}},"6":{"name":"(anonymous_22)","decl":{"start":{"line":58,"column":22},"end":{"line":58,"column":31}},"loc":{"start":{"line":58,"column":33},"end":{"line":71,"column":6}}},"7":{"name":"(anonymous_23)","decl":{"start":{"line":58,"column":33},"end":{"line":58,"column":null}},"loc":{"start":{"line":58,"column":33},"end":{"line":71,"column":5}}}},"branchMap":{"0":{"loc":{"start":{"line":35,"column":15},"end":{"line":35,"column":66}},"type":"cond-expr","locations":[{"start":{"line":35,"column":38},"end":{"line":35,"column":49}},{"start":{"line":35,"column":52},"end":{"line":35,"column":66}}]},"1":{"loc":{"start":{"line":50,"column":15},"end":{"line":50,"column":67}},"type":"cond-expr","locations":[{"start":{"line":50,"column":38},"end":{"line":50,"column":49}},{"start":{"line":50,"column":52},"end":{"line":50,"column":67}}]},"2":{"loc":{"start":{"line":61,"column":8},"end":{"line":64,"column":9}},"type":"if","locations":[{"start":{"line":61,"column":8},"end":{"line":64,"column":9}}]}},"s":{"0":0,"1":0,"2":0,"3":0,"4":0,"5":0,"6":0,"7":0,"8":0,"9":0,"10":0,"11":0,"12":0,"13":0,"14":0,"15":0,"16":0,"17":0,"18":0,"19":0,"20":0,"21":0,"22":0,"23":0,"24":0,"25":0,"26":0,"27":0,"28":0,"29":0,"30":0,"31":0,"32":0,"33":0,"34":0,"35":0,"36":0,"37":0,"38":0,"39":0,"40":0,"41":0,"42":0,"43":0},"f":{"0":0,"1":0,"2":0,"3":0,"4":0,"5":0,"6":0,"7":0},"b":{"0":[0,0],"1":[0,0],"2":[0]}}
,"C:\\Users\\15612\\Desktop\\Repositories\\Ojala-healthcare_new\\src\\frontend\\shared\\auth\\hooks\\useAuth.ts": {"path":"C:\\Users\\15612\\Desktop\\Repositories\\Ojala-healthcare_new\\src\\frontend\\shared\\auth\\hooks\\useAuth.ts","statementMap":{"0":{"start":{"line":1,"column":0},"end":{"line":1,"column":35}},"1":{"start":{"line":2,"column":0},"end":{"line":2,"column":54}},"2":{"start":{"line":4,"column":23},"end":{"line":10,"column":1}},"3":{"start":{"line":5,"column":18},"end":{"line":5,"column":41}},"4":{"start":{"line":6,"column":2},"end":{"line":8,"column":3}},"5":{"start":{"line":7,"column":4},"end":{"line":7,"column":67}},"6":{"start":{"line":9,"column":2},"end":{"line":9,"column":17}},"7":{"start":{"line":4,"column":13},"end":{"line":4,"column":23}}},"fnMap":{"0":{"name":"(anonymous_0)","decl":{"start":{"line":4,"column":23},"end":{"line":4,"column":26}},"loc":{"start":{"line":4,"column":28},"end":{"line":10,"column":1}}}},"branchMap":{"0":{"loc":{"start":{"line":6,"column":2},"end":{"line":8,"column":3}},"type":"if","locations":[{"start":{"line":6,"column":2},"end":{"line":8,"column":3}}]}},"s":{"0":0,"1":0,"2":0,"3":0,"4":0,"5":0,"6":0,"7":0},"f":{"0":0},"b":{"0":[0]}}
,"C:\\Users\\15612\\Desktop\\Repositories\\Ojala-healthcare_new\\src\\frontend\\shared\\components\\auth\\RoleRedirect.jsx": {"path":"C:\\Users\\15612\\Desktop\\Repositories\\Ojala-healthcare_new\\src\\frontend\\shared\\components\\auth\\RoleRedirect.jsx","statementMap":{"0":{"start":{"line":12,"column":21},"end":{"line":52,"column":null}},"1":{"start":{"line":13,"column":19},"end":{"line":13,"column":null}},"2":{"start":{"line":14,"column":28},"end":{"line":14,"column":null}},"3":{"start":{"line":16,"column":2},"end":{"line":39,"column":null}},"4":{"start":{"line":17,"column":4},"end":{"line":38,"column":null}},"5":{"start":{"line":18,"column":6},"end":{"line":37,"column":null}},"6":{"start":{"line":20,"column":8},"end":{"line":20,"column":null}},"7":{"start":{"line":23,"column":8},"end":{"line":36,"column":null}},"8":{"start":{"line":25,"column":12},"end":{"line":25,"column":null}},"9":{"start":{"line":26,"column":12},"end":{"line":26,"column":null}},"10":{"start":{"line":28,"column":12},"end":{"line":28,"column":null}},"11":{"start":{"line":29,"column":12},"end":{"line":29,"column":null}},"12":{"start":{"line":31,"column":12},"end":{"line":31,"column":null}},"13":{"start":{"line":32,"column":12},"end":{"line":32,"column":null}},"14":{"start":{"line":35,"column":12},"end":{"line":35,"column":null}}},"fnMap":{"0":{"name":"(anonymous_0)","decl":{"start":{"line":12,"column":21},"end":{"line":12,"column":null}},"loc":{"start":{"line":12,"column":21},"end":{"line":52,"column":null}}},"1":{"name":"(anonymous_1)","decl":{"start":{"line":16,"column":12},"end":{"line":16,"column":null}},"loc":{"start":{"line":16,"column":12},"end":{"line":39,"column":5}}}},"branchMap":{"0":{"loc":{"start":{"line":17,"column":4},"end":{"line":38,"column":null}},"type":"if","locations":[{"start":{"line":17,"column":4},"end":{"line":38,"column":null}}]},"1":{"loc":{"start":{"line":18,"column":6},"end":{"line":37,"column":null}},"type":"if","locations":[{"start":{"line":18,"column":6},"end":{"line":37,"column":null}},{"start":{"line":21,"column":13},"end":{"line":37,"column":null}}]},"2":{"loc":{"start":{"line":23,"column":8},"end":{"line":36,"column":null}},"type":"switch","locations":[{"start":{"line":24,"column":10},"end":{"line":26,"column":null}},{"start":{"line":27,"column":10},"end":{"line":29,"column":null}},{"start":{"line":30,"column":10},"end":{"line":32,"column":null}},{"start":{"line":33,"column":10},"end":{"line":35,"column":null}}]}},"s":{"0":0,"1":0,"2":0,"3":0,"4":0,"5":0,"6":0,"7":0,"8":0,"9":0,"10":0,"11":0,"12":0,"13":0,"14":0},"f":{"0":0,"1":0},"b":{"0":[0],"1":[0,0],"2":[0,0,0,0]}}
,"C:\\Users\\15612\\Desktop\\Repositories\\Ojala-healthcare_new\\src\\frontend\\shared\\contexts\\AuthContext.tsx": {"path":"C:\\Users\\15612\\Desktop\\Repositories\\Ojala-healthcare_new\\src\\frontend\\shared\\contexts\\AuthContext.tsx","statementMap":{"0":{"start":{"line":1,"column":0},"end":{"line":1,"column":89}},"1":{"start":{"line":2,"column":0},"end":{"line":2,"column":26}},"2":{"start":{"line":3,"column":0},"end":{"line":3,"column":35}},"3":{"start":{"line":84,"column":13},"end":{"line":91,"column":11}},"4":{"start":{"line":93,"column":13},"end":{"line":100,"column":11}},"5":{"start":{"line":102,"column":13},"end":{"line":104,"column":11}},"6":{"start":{"line":106,"column":13},"end":{"line":110,"column":11}},"7":{"start":{"line":117,"column":20},"end":{"line":117,"column":73}},"8":{"start":{"line":120,"column":20},"end":{"line":120,"column":101}},"9":{"start":{"line":120,"column":47},"end":{"line":120,"column":101}},"10":{"start":{"line":121,"column":23},"end":{"line":121,"column":110}},"11":{"start":{"line":121,"column":50},"end":{"line":121,"column":110}},"12":{"start":{"line":122,"column":22},"end":{"line":122,"column":67}},"13":{"start":{"line":122,"column":49},"end":{"line":122,"column":67}},"14":{"start":{"line":123,"column":20},"end":{"line":123,"column":101}},"15":{"start":{"line":123,"column":47},"end":{"line":123,"column":101}},"16":{"start":{"line":125,"column":34},"end":{"line":460,"column":1}},"17":{"start":{"line":126,"column":2},"end":{"line":459,"column":4}},"18":{"start":{"line":127,"column":32},"end":{"line":130,"column":6}},"19":{"start":{"line":128,"column":26},"end":{"line":128,"column":65}},"20":{"start":{"line":129,"column":6},"end":{"line":129,"column":58}},"21":{"start":{"line":132,"column":28},"end":{"line":132,"column":55}},"22":{"start":{"line":133,"column":38},"end":{"line":133,"column":52}},"23":{"start":{"line":135,"column":28},"end":{"line":135,"column":59}},"24":{"start":{"line":138,"column":20},"end":{"line":143,"column":6}},"25":{"start":{"line":146,"column":26},"end":{"line":150,"column":5}},"26":{"start":{"line":147,"column":6},"end":{"line":147,"column":73}},"27":{"start":{"line":148,"column":6},"end":{"line":148,"column":27}},"28":{"start":{"line":149,"column":6},"end":{"line":149,"column":88}},"29":{"start":{"line":153,"column":28},"end":{"line":158,"column":5}},"30":{"start":{"line":154,"column":6},"end":{"line":154,"column":49}},"31":{"start":{"line":155,"column":6},"end":{"line":155,"column":22}},"32":{"start":{"line":156,"column":6},"end":{"line":156,"column":20}},"33":{"start":{"line":157,"column":6},"end":{"line":157,"column":59}},"34":{"start":{"line":161,"column":25},"end":{"line":169,"column":5}},"35":{"start":{"line":162,"column":6},"end":{"line":164,"column":7}},"36":{"start":{"line":163,"column":8},"end":{"line":163,"column":42}},"37":{"start":{"line":167,"column":27},"end":{"line":167,"column":60}},"38":{"start":{"line":168,"column":6},"end":{"line":168,"column":69}},"39":{"start":{"line":168,"column":36},"end":{"line":168,"column":67}},"40":{"start":{"line":172,"column":18},"end":{"line":277,"column":6}},"41":{"start":{"line":172,"column":109},"end":{"line":277,"column":6}},"42":{"start":{"line":173,"column":6},"end":{"line":276,"column":7}},"43":{"start":{"line":174,"column":8},"end":{"line":174,"column":27}},"44":{"start":{"line":176,"column":25},"end":{"line":180,"column":10}},"45":{"start":{"line":182,"column":21},"end":{"line":182,"column":34}},"46":{"start":{"line":186,"column":8},"end":{"line":204,"column":9}},"47":{"start":{"line":188,"column":10},"end":{"line":192,"column":12}},"48":{"start":{"line":193,"column":10},"end":{"line":193,"column":31}},"49":{"start":{"line":194,"column":15},"end":{"line":204,"column":9}},"50":{"start":{"line":196,"column":10},"end":{"line":200,"column":12}},"51":{"start":{"line":201,"column":10},"end":{"line":201,"column":31}},"52":{"start":{"line":203,"column":10},"end":{"line":203,"column":65}},"53":{"start":{"line":206,"column":8},"end":{"line":206,"column":33}},"54":{"start":{"line":209,"column":8},"end":{"line":264,"column":9}},"55":{"start":{"line":211,"column":10},"end":{"line":213,"column":11}},"56":{"start":{"line":212,"column":12},"end":{"line":212,"column":85}},"57":{"start":{"line":214,"column":10},"end":{"line":214,"column":28}},"58":{"start":{"line":216,"column":10},"end":{"line":263,"column":11}},"59":{"start":{"line":217,"column":33},"end":{"line":217,"column":65}},"60":{"start":{"line":218,"column":29},"end":{"line":218,"column":64}},"61":{"start":{"line":220,"column":12},"end":{"line":222,"column":13}},"62":{"start":{"line":221,"column":14},"end":{"line":221,"column":87}},"63":{"start":{"line":225,"column":29},"end":{"line":232,"column":14}},"64":{"start":{"line":235,"column":12},"end":{"line":259,"column":13}},"65":{"start":{"line":236,"column":14},"end":{"line":241,"column":30}},"66":{"start":{"line":242,"column":19},"end":{"line":259,"column":13}},"67":{"start":{"line":243,"column":14},"end":{"line":249,"column":33}},"68":{"start":{"line":250,"column":19},"end":{"line":259,"column":13}},"69":{"start":{"line":251,"column":14},"end":{"line":256,"column":32}},"70":{"start":{"line":258,"column":14},"end":{"line":258,"column":32}},"71":{"start":{"line":261,"column":12},"end":{"line":261,"column":73}},"72":{"start":{"line":262,"column":12},"end":{"line":262,"column":73}},"73":{"start":{"line":266,"column":8},"end":{"line":266,"column":33}},"74":{"start":{"line":268,"column":8},"end":{"line":268,"column":46}},"75":{"start":{"line":269,"column":8},"end":{"line":269,"column":26}},"76":{"start":{"line":270,"column":8},"end":{"line":273,"column":10}},"77":{"start":{"line":275,"column":8},"end":{"line":275,"column":28}},"78":{"start":{"line":280,"column":21},"end":{"line":301,"column":17}},"79":{"start":{"line":280,"column":131},"end":{"line":301,"column":6}},"80":{"start":{"line":281,"column":6},"end":{"line":300,"column":7}},"81":{"start":{"line":282,"column":8},"end":{"line":282,"column":27}},"82":{"start":{"line":284,"column":25},"end":{"line":286,"column":null}},"83":{"start":{"line":290,"column":28},"end":{"line":290,"column":74}},"84":{"start":{"line":291,"column":8},"end":{"line":291,"column":27}},"85":{"start":{"line":293,"column":8},"end":{"line":293,"column":53}},"86":{"start":{"line":294,"column":8},"end":{"line":297,"column":10}},"87":{"start":{"line":299,"column":8},"end":{"line":299,"column":28}},"88":{"start":{"line":304,"column":25},"end":{"line":327,"column":6}},"89":{"start":{"line":304,"column":51},"end":{"line":327,"column":6}},"90":{"start":{"line":305,"column":6},"end":{"line":307,"column":7}},"91":{"start":{"line":306,"column":8},"end":{"line":306,"column":54}},"92":{"start":{"line":309,"column":6},"end":{"line":326,"column":7}},"93":{"start":{"line":310,"column":25},"end":{"line":312,"column":10}},"94":{"start":{"line":314,"column":21},"end":{"line":314,"column":34}},"95":{"start":{"line":315,"column":40},"end":{"line":319,"column":10}},"96":{"start":{"line":321,"column":8},"end":{"line":321,"column":36}},"97":{"start":{"line":323,"column":8},"end":{"line":323,"column":54}},"98":{"start":{"line":324,"column":8},"end":{"line":324,"column":17}},"99":{"start":{"line":325,"column":8},"end":{"line":325,"column":20}},"100":{"start":{"line":330,"column":19},"end":{"line":345,"column":5}},"101":{"start":{"line":331,"column":6},"end":{"line":344,"column":7}},"102":{"start":{"line":333,"column":8},"end":{"line":339,"column":9}},"103":{"start":{"line":334,"column":10},"end":{"line":338,"column":13}},"104":{"start":{"line":337,"column":12},"end":{"line":337,"column":61}},"105":{"start":{"line":341,"column":8},"end":{"line":341,"column":45}},"106":{"start":{"line":343,"column":8},"end":{"line":343,"column":26}},"107":{"start":{"line":348,"column":28},"end":{"line":361,"column":5}},"108":{"start":{"line":349,"column":24},"end":{"line":349,"column":63}},"109":{"start":{"line":350,"column":18},"end":{"line":350,"column":28}},"110":{"start":{"line":351,"column":26},"end":{"line":351,"column":50}},"111":{"start":{"line":353,"column":6},"end":{"line":360,"column":7}},"112":{"start":{"line":354,"column":8},"end":{"line":359,"column":24}},"113":{"start":{"line":355,"column":10},"end":{"line":358,"column":13}},"114":{"start":{"line":356,"column":12},"end":{"line":356,"column":66}},"115":{"start":{"line":357,"column":12},"end":{"line":357,"column":21}},"116":{"start":{"line":364,"column":20},"end":{"line":371,"column":5}},"117":{"start":{"line":365,"column":6},"end":{"line":365,"column":30}},"118":{"start":{"line":365,"column":17},"end":{"line":365,"column":30}},"119":{"start":{"line":367,"column":20},"end":{"line":367,"column":82}},"120":{"start":{"line":368,"column":24},"end":{"line":368,"column":49}},"121":{"start":{"line":370,"column":6},"end":{"line":370,"column":58}},"122":{"start":{"line":370,"column":32},"end":{"line":370,"column":56}},"123":{"start":{"line":374,"column":4},"end":{"line":445,"column":11}},"124":{"start":{"line":375,"column":29},"end":{"line":442,"column":8}},"125":{"start":{"line":375,"column":40},"end":{"line":442,"column":8}},"126":{"start":{"line":376,"column":8},"end":{"line":441,"column":9}},"127":{"start":{"line":377,"column":10},"end":{"line":435,"column":11}},"128":{"start":{"line":379,"column":12},"end":{"line":379,"column":91}},"129":{"start":{"line":382,"column":33},"end":{"line":382,"column":62}},"130":{"start":{"line":383,"column":30},"end":{"line":383,"column":61}},"131":{"start":{"line":385,"column":12},"end":{"line":434,"column":13}},"132":{"start":{"line":387,"column":14},"end":{"line":387,"column":35}},"133":{"start":{"line":390,"column":31},"end":{"line":390,"column":66}},"134":{"start":{"line":392,"column":14},"end":{"line":394,"column":15}},"135":{"start":{"line":393,"column":16},"end":{"line":393,"column":89}},"136":{"start":{"line":396,"column":31},"end":{"line":403,"column":16}},"137":{"start":{"line":406,"column":14},"end":{"line":430,"column":15}},"138":{"start":{"line":407,"column":16},"end":{"line":412,"column":32}},"139":{"start":{"line":413,"column":21},"end":{"line":430,"column":15}},"140":{"start":{"line":414,"column":16},"end":{"line":420,"column":35}},"141":{"start":{"line":421,"column":21},"end":{"line":430,"column":15}},"142":{"start":{"line":422,"column":16},"end":{"line":427,"column":34}},"143":{"start":{"line":429,"column":16},"end":{"line":429,"column":34}},"144":{"start":{"line":433,"column":14},"end":{"line":433,"column":38}},"145":{"start":{"line":437,"column":10},"end":{"line":437,"column":62}},"146":{"start":{"line":438,"column":10},"end":{"line":438,"column":28}},"147":{"start":{"line":440,"column":10},"end":{"line":440,"column":30}},"148":{"start":{"line":444,"column":6},"end":{"line":444,"column":23}},"149":{"start":{"line":447,"column":35},"end":{"line":456,"column":6}},"150":{"start":{"line":458,"column":4},"end":{"line":458,"column":81}},"151":{"start":{"line":125,"column":13},"end":{"line":125,"column":34}},"152":{"start":{"line":462,"column":23},"end":{"line":468,"column":1}},"153":{"start":{"line":463,"column":18},"end":{"line":463,"column":41}},"154":{"start":{"line":464,"column":2},"end":{"line":466,"column":3}},"155":{"start":{"line":465,"column":4},"end":{"line":465,"column":67}},"156":{"start":{"line":467,"column":2},"end":{"line":467,"column":17}},"157":{"start":{"line":462,"column":13},"end":{"line":462,"column":23}},"158":{"start":{"line":471,"column":13},"end":{"line":478,"column":2}},"159":{"start":{"line":480,"column":13},"end":{"line":487,"column":2}},"160":{"start":{"line":489,"column":13},"end":{"line":497,"column":2}},"161":{"start":{"line":499,"column":13},"end":{"line":506,"column":2}},"162":{"start":{"line":509,"column":13},"end":{"line":509,"column":69}},"163":{"start":{"line":510,"column":13},"end":{"line":510,"column":75}},"164":{"start":{"line":511,"column":13},"end":{"line":511,"column":73}},"165":{"start":{"line":512,"column":13},"end":{"line":512,"column":69}}},"fnMap":{"0":{"name":"(anonymous_17)","decl":{"start":{"line":120,"column":20},"end":{"line":120,"column":21}},"loc":{"start":{"line":120,"column":47},"end":{"line":120,"column":101}}},"1":{"name":"(anonymous_18)","decl":{"start":{"line":121,"column":23},"end":{"line":121,"column":24}},"loc":{"start":{"line":121,"column":50},"end":{"line":121,"column":110}}},"2":{"name":"(anonymous_19)","decl":{"start":{"line":122,"column":22},"end":{"line":122,"column":23}},"loc":{"start":{"line":122,"column":49},"end":{"line":122,"column":67}}},"3":{"name":"(anonymous_20)","decl":{"start":{"line":123,"column":20},"end":{"line":123,"column":21}},"loc":{"start":{"line":123,"column":47},"end":{"line":123,"column":101}}},"4":{"name":"(anonymous_21)","decl":{"start":{"line":125,"column":34},"end":{"line":125,"column":35}},"loc":{"start":{"line":125,"column":57},"end":{"line":460,"column":1}}},"5":{"name":"(anonymous_22)","decl":{"start":{"line":126,"column":9},"end":{"line":126,"column":10}},"loc":{"start":{"line":126,"column":51},"end":{"line":459,"column":3}}},"6":{"name":"(anonymous_23)","decl":{"start":{"line":127,"column":59},"end":{"line":127,"column":62}},"loc":{"start":{"line":127,"column":64},"end":{"line":130,"column":5}}},"7":{"name":"(anonymous_24)","decl":{"start":{"line":146,"column":26},"end":{"line":146,"column":27}},"loc":{"start":{"line":146,"column":51},"end":{"line":150,"column":5}}},"8":{"name":"(anonymous_25)","decl":{"start":{"line":153,"column":28},"end":{"line":153,"column":31}},"loc":{"start":{"line":153,"column":33},"end":{"line":158,"column":5}}},"9":{"name":"(anonymous_26)","decl":{"start":{"line":161,"column":25},"end":{"line":161,"column":26}},"loc":{"start":{"line":161,"column":69},"end":{"line":169,"column":5}}},"10":{"name":"(anonymous_27)","decl":{"start":{"line":168,"column":31},"end":{"line":168,"column":32}},"loc":{"start":{"line":168,"column":36},"end":{"line":168,"column":67}}},"11":{"name":"(anonymous_28)","decl":{"start":{"line":172,"column":18},"end":{"line":172,"column":25}},"loc":{"start":{"line":172,"column":109},"end":{"line":277,"column":6}}},"12":{"name":"(anonymous_29)","decl":{"start":{"line":172,"column":109},"end":{"line":172,"column":null}},"loc":{"start":{"line":172,"column":109},"end":{"line":277,"column":5}}},"13":{"name":"(anonymous_30)","decl":{"start":{"line":280,"column":49},"end":{"line":280,"column":56}},"loc":{"start":{"line":280,"column":131},"end":{"line":301,"column":6}}},"14":{"name":"(anonymous_31)","decl":{"start":{"line":280,"column":131},"end":{"line":280,"column":null}},"loc":{"start":{"line":280,"column":131},"end":{"line":301,"column":5}}},"15":{"name":"(anonymous_32)","decl":{"start":{"line":304,"column":25},"end":{"line":304,"column":49}},"loc":{"start":{"line":304,"column":51},"end":{"line":327,"column":6}}},"16":{"name":"(anonymous_33)","decl":{"start":{"line":304,"column":51},"end":{"line":304,"column":null}},"loc":{"start":{"line":304,"column":51},"end":{"line":327,"column":5}}},"17":{"name":"(anonymous_34)","decl":{"start":{"line":330,"column":19},"end":{"line":330,"column":22}},"loc":{"start":{"line":330,"column":24},"end":{"line":345,"column":5}}},"18":{"name":"(anonymous_35)","decl":{"start":{"line":336,"column":19},"end":{"line":336,"column":22}},"loc":{"start":{"line":336,"column":25},"end":{"line":338,"column":11}}},"19":{"name":"(anonymous_36)","decl":{"start":{"line":348,"column":28},"end":{"line":348,"column":29}},"loc":{"start":{"line":348,"column":53},"end":{"line":361,"column":5}}},"20":{"name":"(anonymous_37)","decl":{"start":{"line":354,"column":19},"end":{"line":354,"column":22}},"loc":{"start":{"line":354,"column":24},"end":{"line":359,"column":9}}},"21":{"name":"(anonymous_38)","decl":{"start":{"line":355,"column":31},"end":{"line":355,"column":34}},"loc":{"start":{"line":355,"column":37},"end":{"line":358,"column":11}}},"22":{"name":"(anonymous_39)","decl":{"start":{"line":364,"column":20},"end":{"line":364,"column":21}},"loc":{"start":{"line":364,"column":66},"end":{"line":371,"column":5}}},"23":{"name":"(anonymous_40)","decl":{"start":{"line":370,"column":24},"end":{"line":370,"column":28}},"loc":{"start":{"line":370,"column":32},"end":{"line":370,"column":56}}},"24":{"name":"(anonymous_41)","decl":{"start":{"line":374,"column":14},"end":{"line":374,"column":17}},"loc":{"start":{"line":374,"column":19},"end":{"line":445,"column":5}}},"25":{"name":"(anonymous_42)","decl":{"start":{"line":375,"column":29},"end":{"line":375,"column":38}},"loc":{"start":{"line":375,"column":40},"end":{"line":442,"column":8}}},"26":{"name":"(anonymous_43)","decl":{"start":{"line":375,"column":40},"end":{"line":375,"column":null}},"loc":{"start":{"line":375,"column":40},"end":{"line":442,"column":7}}},"27":{"name":"(anonymous_44)","decl":{"start":{"line":462,"column":23},"end":{"line":462,"column":43}},"loc":{"start":{"line":462,"column":45},"end":{"line":468,"column":1}}}},"branchMap":{"0":{"loc":{"start":{"line":129,"column":13},"end":{"line":129,"column":57}},"type":"cond-expr","locations":[{"start":{"line":129,"column":27},"end":{"line":129,"column":50}},{"start":{"line":129,"column":53},"end":{"line":129,"column":57}}]},"1":{"loc":{"start":{"line":135,"column":28},"end":{"line":135,"column":59}},"type":"binary-expr","locations":[{"start":{"line":135,"column":28},"end":{"line":135,"column":53}},{"start":{"line":135,"column":53},"end":{"line":135,"column":59}}]},"2":{"loc":{"start":{"line":135,"column":30},"end":{"line":135,"column":49}},"type":"cond-expr","locations":[{"start":{"line":135,"column":36},"end":{"line":135,"column":38}},{"start":{"line":135,"column":30},"end":{"line":135,"column":49}}]},"3":{"loc":{"start":{"line":135,"column":30},"end":{"line":135,"column":38}},"type":"binary-expr","locations":[{"start":{"line":135,"column":30},"end":{"line":135,"column":38}},{"start":{"line":135,"column":30},"end":{"line":135,"column":38}}]},"4":{"loc":{"start":{"line":138,"column":20},"end":{"line":143,"column":6}},"type":"binary-expr","locations":[{"start":{"line":138,"column":20},"end":{"line":138,"column":36}},{"start":{"line":138,"column":40},"end":{"line":143,"column":6}}]},"5":{"loc":{"start":{"line":162,"column":6},"end":{"line":164,"column":7}},"type":"if","locations":[{"start":{"line":162,"column":6},"end":{"line":164,"column":7}}]},"6":{"loc":{"start":{"line":167,"column":27},"end":{"line":167,"column":60}},"type":"cond-expr","locations":[{"start":{"line":167,"column":35},"end":{"line":167,"column":51}},{"start":{"line":167,"column":54},"end":{"line":167,"column":60}}]},"7":{"loc":{"start":{"line":186,"column":8},"end":{"line":204,"column":9}},"type":"if","locations":[{"start":{"line":186,"column":8},"end":{"line":204,"column":9}},{"start":{"line":194,"column":15},"end":{"line":204,"column":9}}]},"8":{"loc":{"start":{"line":186,"column":12},"end":{"line":186,"column":49}},"type":"binary-expr","locations":[{"start":{"line":186,"column":12},"end":{"line":186,"column":28}},{"start":{"line":186,"column":32},"end":{"line":186,"column":49}}]},"9":{"loc":{"start":{"line":191,"column":23},"end":{"line":191,"column":85}},"type":"binary-expr","locations":[{"start":{"line":191,"column":23},"end":{"line":191,"column":37}},{"start":{"line":191,"column":41},"end":{"line":191,"column":85}}]},"10":{"loc":{"start":{"line":194,"column":15},"end":{"line":204,"column":9}},"type":"if","locations":[{"start":{"line":194,"column":15},"end":{"line":204,"column":9}},{"start":{"line":202,"column":15},"end":{"line":204,"column":9}}]},"11":{"loc":{"start":{"line":209,"column":8},"end":{"line":264,"column":9}},"type":"if","locations":[{"start":{"line":209,"column":8},"end":{"line":264,"column":9}},{"start":{"line":215,"column":15},"end":{"line":264,"column":9}}]},"12":{"loc":{"start":{"line":211,"column":10},"end":{"line":213,"column":11}},"type":"if","locations":[{"start":{"line":211,"column":10},"end":{"line":213,"column":11}}]},"13":{"loc":{"start":{"line":218,"column":29},"end":{"line":218,"column":64}},"type":"binary-expr","locations":[{"start":{"line":218,"column":29},"end":{"line":218,"column":41}},{"start":{"line":218,"column":45},"end":{"line":218,"column":63}}]},"14":{"loc":{"start":{"line":218,"column":45},"end":{"line":218,"column":63}},"type":"cond-expr","locations":[{"start":{"line":218,"column":58},"end":{"line":218,"column":61}},{"start":{"line":218,"column":58},"end":{"line":218,"column":63}}]},"15":{"loc":{"start":{"line":218,"column":45},"end":{"line":218,"column":61}},"type":"binary-expr","locations":[{"start":{"line":218,"column":45},"end":{"line":218,"column":61}},{"start":{"line":218,"column":58},"end":{"line":218,"column":61}}]},"16":{"loc":{"start":{"line":220,"column":12},"end":{"line":222,"column":13}},"type":"if","locations":[{"start":{"line":220,"column":12},"end":{"line":222,"column":13}}]},"17":{"loc":{"start":{"line":226,"column":18},"end":{"line":226,"column":61}},"type":"binary-expr","locations":[{"start":{"line":226,"column":18},"end":{"line":226,"column":29}},{"start":{"line":226,"column":33},"end":{"line":226,"column":47}},{"start":{"line":226,"column":51},"end":{"line":226,"column":61}}]},"18":{"loc":{"start":{"line":228,"column":25},"end":{"line":228,"column":64}},"type":"binary-expr","locations":[{"start":{"line":228,"column":25},"end":{"line":228,"column":42}},{"start":{"line":228,"column":46},"end":{"line":228,"column":64}}]},"19":{"loc":{"start":{"line":229,"column":24},"end":{"line":229,"column":63}},"type":"binary-expr","locations":[{"start":{"line":229,"column":24},"end":{"line":229,"column":40}},{"start":{"line":229,"column":44},"end":{"line":229,"column":63}}]},"20":{"loc":{"start":{"line":231,"column":21},"end":{"line":231,"column":78}},"type":"cond-expr","locations":[{"start":{"line":231,"column":52},"end":{"line":231,"column":65}},{"start":{"line":231,"column":68},"end":{"line":231,"column":78}}]},"21":{"loc":{"start":{"line":235,"column":12},"end":{"line":259,"column":13}},"type":"if","locations":[{"start":{"line":235,"column":12},"end":{"line":259,"column":13}},{"start":{"line":242,"column":19},"end":{"line":259,"column":13}}]},"22":{"loc":{"start":{"line":242,"column":19},"end":{"line":259,"column":13}},"type":"if","locations":[{"start":{"line":242,"column":19},"end":{"line":259,"column":13}},{"start":{"line":250,"column":19},"end":{"line":259,"column":13}}]},"23":{"loc":{"start":{"line":245,"column":32},"end":{"line":245,"column":71}},"type":"binary-expr","locations":[{"start":{"line":245,"column":32},"end":{"line":245,"column":54}},{"start":{"line":245,"column":58},"end":{"line":245,"column":71}}]},"24":{"loc":{"start":{"line":246,"column":34},"end":{"line":246,"column":77}},"type":"binary-expr","locations":[{"start":{"line":246,"column":34},"end":{"line":246,"column":58}},{"start":{"line":246,"column":62},"end":{"line":246,"column":77}}]},"25":{"loc":{"start":{"line":247,"column":31},"end":{"line":247,"column":69}},"type":"binary-expr","locations":[{"start":{"line":247,"column":31},"end":{"line":247,"column":44}},{"start":{"line":247,"column":48},"end":{"line":247,"column":69}}]},"26":{"loc":{"start":{"line":250,"column":19},"end":{"line":259,"column":13}},"type":"if","locations":[{"start":{"line":250,"column":19},"end":{"line":259,"column":13}},{"start":{"line":257,"column":19},"end":{"line":259,"column":13}}]},"27":{"loc":{"start":{"line":272,"column":19},"end":{"line":272,"column":115}},"type":"binary-expr","locations":[{"start":{"line":272,"column":19},"end":{"line":272,"column":48}},{"start":{"line":272,"column":52},"end":{"line":272,"column":65}},{"start":{"line":272,"column":69},"end":{"line":272,"column":115}}]},"28":{"loc":{"start":{"line":272,"column":19},"end":{"line":272,"column":48}},"type":"cond-expr","locations":[{"start":{"line":272,"column":39},"end":{"line":272,"column":41}},{"start":{"line":272,"column":39},"end":{"line":272,"column":48}}]},"29":{"loc":{"start":{"line":272,"column":19},"end":{"line":272,"column":41}},"type":"binary-expr","locations":[{"start":{"line":272,"column":19},"end":{"line":272,"column":41}},{"start":{"line":272,"column":39},"end":{"line":272,"column":41}}]},"30":{"loc":{"start":{"line":272,"column":19},"end":{"line":272,"column":39}},"type":"cond-expr","locations":[{"start":{"line":272,"column":33},"end":{"line":272,"column":35}},{"start":{"line":272,"column":33},"end":{"line":272,"column":39}}]},"31":{"loc":{"start":{"line":272,"column":19},"end":{"line":272,"column":35}},"type":"binary-expr","locations":[{"start":{"line":272,"column":19},"end":{"line":272,"column":35}},{"start":{"line":272,"column":33},"end":{"line":272,"column":35}}]},"32":{"loc":{"start":{"line":280,"column":21},"end":{"line":301,"column":17}},"type":"cond-expr","locations":[{"start":{"line":280,"column":49},"end":{"line":301,"column":6}},{"start":{"line":301,"column":8},"end":{"line":301,"column":17}}]},"33":{"loc":{"start":{"line":296,"column":19},"end":{"line":296,"column":109}},"type":"binary-expr","locations":[{"start":{"line":296,"column":19},"end":{"line":296,"column":48}},{"start":{"line":296,"column":52},"end":{"line":296,"column":65}},{"start":{"line":296,"column":69},"end":{"line":296,"column":109}}]},"34":{"loc":{"start":{"line":296,"column":19},"end":{"line":296,"column":48}},"type":"cond-expr","locations":[{"start":{"line":296,"column":39},"end":{"line":296,"column":41}},{"start":{"line":296,"column":39},"end":{"line":296,"column":48}}]},"35":{"loc":{"start":{"line":296,"column":19},"end":{"line":296,"column":41}},"type":"binary-expr","locations":[{"start":{"line":296,"column":19},"end":{"line":296,"column":41}},{"start":{"line":296,"column":39},"end":{"line":296,"column":41}}]},"36":{"loc":{"start":{"line":296,"column":19},"end":{"line":296,"column":39}},"type":"cond-expr","locations":[{"start":{"line":296,"column":33},"end":{"line":296,"column":35}},{"start":{"line":296,"column":33},"end":{"line":296,"column":39}}]},"37":{"loc":{"start":{"line":296,"column":19},"end":{"line":296,"column":35}},"type":"binary-expr","locations":[{"start":{"line":296,"column":19},"end":{"line":296,"column":35}},{"start":{"line":296,"column":33},"end":{"line":296,"column":35}}]},"38":{"loc":{"start":{"line":305,"column":6},"end":{"line":307,"column":7}},"type":"if","locations":[{"start":{"line":305,"column":6},"end":{"line":307,"column":7}}]},"39":{"loc":{"start":{"line":305,"column":11},"end":{"line":305,"column":31}},"type":"cond-expr","locations":[{"start":{"line":305,"column":17},"end":{"line":305,"column":19}},{"start":{"line":305,"column":11},"end":{"line":305,"column":31}}]},"40":{"loc":{"start":{"line":305,"column":11},"end":{"line":305,"column":19}},"type":"binary-expr","locations":[{"start":{"line":305,"column":11},"end":{"line":305,"column":19}},{"start":{"line":305,"column":11},"end":{"line":305,"column":19}}]},"41":{"loc":{"start":{"line":316,"column":23},"end":{"line":316,"column":59}},"type":"binary-expr","locations":[{"start":{"line":316,"column":23},"end":{"line":316,"column":39}},{"start":{"line":316,"column":43},"end":{"line":316,"column":53}},{"start":{"line":316,"column":57},"end":{"line":316,"column":59}}]},"42":{"loc":{"start":{"line":317,"column":24},"end":{"line":317,"column":64}},"type":"binary-expr","locations":[{"start":{"line":317,"column":24},"end":{"line":317,"column":41}},{"start":{"line":317,"column":45},"end":{"line":317,"column":64}}]},"43":{"loc":{"start":{"line":318,"column":21},"end":{"line":318,"column":83}},"type":"binary-expr","locations":[{"start":{"line":318,"column":21},"end":{"line":318,"column":35}},{"start":{"line":318,"column":39},"end":{"line":318,"column":83}}]},"44":{"loc":{"start":{"line":333,"column":8},"end":{"line":339,"column":9}},"type":"if","locations":[{"start":{"line":333,"column":8},"end":{"line":339,"column":9}}]},"45":{"loc":{"start":{"line":333,"column":12},"end":{"line":333,"column":31}},"type":"cond-expr","locations":[{"start":{"line":333,"column":18},"end":{"line":333,"column":20}},{"start":{"line":333,"column":12},"end":{"line":333,"column":31}}]},"46":{"loc":{"start":{"line":333,"column":12},"end":{"line":333,"column":20}},"type":"binary-expr","locations":[{"start":{"line":333,"column":12},"end":{"line":333,"column":20}},{"start":{"line":333,"column":12},"end":{"line":333,"column":20}}]},"47":{"loc":{"start":{"line":353,"column":6},"end":{"line":360,"column":7}},"type":"if","locations":[{"start":{"line":353,"column":6},"end":{"line":360,"column":7}}]},"48":{"loc":{"start":{"line":365,"column":6},"end":{"line":365,"column":30}},"type":"if","locations":[{"start":{"line":365,"column":6},"end":{"line":365,"column":30}}]},"49":{"loc":{"start":{"line":367,"column":20},"end":{"line":367,"column":82}},"type":"cond-expr","locations":[{"start":{"line":367,"column":51},"end":{"line":367,"column":64}},{"start":{"line":367,"column":67},"end":{"line":367,"column":82}}]},"50":{"loc":{"start":{"line":368,"column":24},"end":{"line":368,"column":49}},"type":"binary-expr","locations":[{"start":{"line":368,"column":24},"end":{"line":368,"column":34}},{"start":{"line":368,"column":38},"end":{"line":368,"column":49}}]},"51":{"loc":{"start":{"line":377,"column":10},"end":{"line":435,"column":11}},"type":"if","locations":[{"start":{"line":377,"column":10},"end":{"line":435,"column":11}}]},"52":{"loc":{"start":{"line":377,"column":14},"end":{"line":377,"column":33}},"type":"cond-expr","locations":[{"start":{"line":377,"column":20},"end":{"line":377,"column":22}},{"start":{"line":377,"column":14},"end":{"line":377,"column":33}}]},"53":{"loc":{"start":{"line":377,"column":14},"end":{"line":377,"column":22}},"type":"binary-expr","locations":[{"start":{"line":377,"column":14},"end":{"line":377,"column":22}},{"start":{"line":377,"column":14},"end":{"line":377,"column":22}}]},"54":{"loc":{"start":{"line":385,"column":12},"end":{"line":434,"column":13}},"type":"if","locations":[{"start":{"line":385,"column":12},"end":{"line":434,"column":13}},{"start":{"line":388,"column":19},"end":{"line":434,"column":13}}]},"55":{"loc":{"start":{"line":390,"column":31},"end":{"line":390,"column":66}},"type":"binary-expr","locations":[{"start":{"line":390,"column":31},"end":{"line":390,"column":43}},{"start":{"line":390,"column":47},"end":{"line":390,"column":65}}]},"56":{"loc":{"start":{"line":390,"column":47},"end":{"line":390,"column":65}},"type":"cond-expr","locations":[{"start":{"line":390,"column":60},"end":{"line":390,"column":63}},{"start":{"line":390,"column":60},"end":{"line":390,"column":65}}]},"57":{"loc":{"start":{"line":390,"column":47},"end":{"line":390,"column":63}},"type":"binary-expr","locations":[{"start":{"line":390,"column":47},"end":{"line":390,"column":63}},{"start":{"line":390,"column":60},"end":{"line":390,"column":63}}]},"58":{"loc":{"start":{"line":392,"column":14},"end":{"line":394,"column":15}},"type":"if","locations":[{"start":{"line":392,"column":14},"end":{"line":394,"column":15}}]},"59":{"loc":{"start":{"line":397,"column":20},"end":{"line":397,"column":63}},"type":"binary-expr","locations":[{"start":{"line":397,"column":20},"end":{"line":397,"column":31}},{"start":{"line":397,"column":35},"end":{"line":397,"column":49}},{"start":{"line":397,"column":53},"end":{"line":397,"column":63}}]},"60":{"loc":{"start":{"line":399,"column":27},"end":{"line":399,"column":66}},"type":"binary-expr","locations":[{"start":{"line":399,"column":27},"end":{"line":399,"column":44}},{"start":{"line":399,"column":48},"end":{"line":399,"column":66}}]},"61":{"loc":{"start":{"line":400,"column":26},"end":{"line":400,"column":65}},"type":"binary-expr","locations":[{"start":{"line":400,"column":26},"end":{"line":400,"column":42}},{"start":{"line":400,"column":46},"end":{"line":400,"column":65}}]},"62":{"loc":{"start":{"line":402,"column":23},"end":{"line":402,"column":80}},"type":"cond-expr","locations":[{"start":{"line":402,"column":54},"end":{"line":402,"column":67}},{"start":{"line":402,"column":70},"end":{"line":402,"column":80}}]},"63":{"loc":{"start":{"line":406,"column":14},"end":{"line":430,"column":15}},"type":"if","locations":[{"start":{"line":406,"column":14},"end":{"line":430,"column":15}},{"start":{"line":413,"column":21},"end":{"line":430,"column":15}}]},"64":{"loc":{"start":{"line":413,"column":21},"end":{"line":430,"column":15}},"type":"if","locations":[{"start":{"line":413,"column":21},"end":{"line":430,"column":15}},{"start":{"line":421,"column":21},"end":{"line":430,"column":15}}]},"65":{"loc":{"start":{"line":416,"column":34},"end":{"line":416,"column":73}},"type":"binary-expr","locations":[{"start":{"line":416,"column":34},"end":{"line":416,"column":56}},{"start":{"line":416,"column":60},"end":{"line":416,"column":73}}]},"66":{"loc":{"start":{"line":417,"column":36},"end":{"line":417,"column":79}},"type":"binary-expr","locations":[{"start":{"line":417,"column":36},"end":{"line":417,"column":60}},{"start":{"line":417,"column":64},"end":{"line":417,"column":79}}]},"67":{"loc":{"start":{"line":418,"column":33},"end":{"line":418,"column":71}},"type":"binary-expr","locations":[{"start":{"line":418,"column":33},"end":{"line":418,"column":46}},{"start":{"line":418,"column":50},"end":{"line":418,"column":71}}]},"68":{"loc":{"start":{"line":421,"column":21},"end":{"line":430,"column":15}},"type":"if","locations":[{"start":{"line":421,"column":21},"end":{"line":430,"column":15}},{"start":{"line":428,"column":21},"end":{"line":430,"column":15}}]},"69":{"loc":{"start":{"line":464,"column":2},"end":{"line":466,"column":3}},"type":"if","locations":[{"start":{"line":464,"column":2},"end":{"line":466,"column":3}}]},"70":{"loc":{"start":{"line":474,"column":11},"end":{"line":474,"column":68}},"type":"binary-expr","locations":[{"start":{"line":474,"column":11},"end":{"line":474,"column":40}},{"start":{"line":474,"column":44},"end":{"line":474,"column":68}}]},"71":{"loc":{"start":{"line":483,"column":11},"end":{"line":483,"column":68}},"type":"binary-expr","locations":[{"start":{"line":483,"column":11},"end":{"line":483,"column":40}},{"start":{"line":483,"column":44},"end":{"line":483,"column":68}}]},"72":{"loc":{"start":{"line":492,"column":11},"end":{"line":492,"column":67}},"type":"binary-expr","locations":[{"start":{"line":492,"column":11},"end":{"line":492,"column":40}},{"start":{"line":492,"column":44},"end":{"line":492,"column":67}}]},"73":{"loc":{"start":{"line":502,"column":11},"end":{"line":502,"column":68}},"type":"binary-expr","locations":[{"start":{"line":502,"column":11},"end":{"line":502,"column":40}},{"start":{"line":502,"column":44},"end":{"line":502,"column":68}}]}},"s":{"0":0,"1":0,"2":0,"3":0,"4":0,"5":0,"6":0,"7":0,"8":0,"9":0,"10":0,"11":0,"12":0,"13":0,"14":0,"15":0,"16":0,"17":0,"18":0,"19":0,"20":0,"21":0,"22":0,"23":0,"24":0,"25":0,"26":0,"27":0,"28":0,"29":0,"30":0,"31":0,"32":0,"33":0,"34":0,"35":0,"36":0,"37":0,"38":0,"39":0,"40":0,"41":0,"42":0,"43":0,"44":0,"45":0,"46":0,"47":0,"48":0,"49":0,"50":0,"51":0,"52":0,"53":0,"54":0,"55":0,"56":0,"57":0,"58":0,"59":0,"60":0,"61":0,"62":0,"63":0,"64":0,"65":0,"66":0,"67":0,"68":0,"69":0,"70":0,"71":0,"72":0,"73":0,"74":0,"75":0,"76":0,"77":0,"78":0,"79":0,"80":0,"81":0,"82":0,"83":0,"84":0,"85":0,"86":0,"87":0,"88":0,"89":0,"90":0,"91":0,"92":0,"93":0,"94":0,"95":0,"96":0,"97":0,"98":0,"99":0,"100":0,"101":0,"102":0,"103":0,"104":0,"105":0,"106":0,"107":0,"108":0,"109":0,"110":0,"111":0,"112":0,"113":0,"114":0,"115":0,"116":0,"117":0,"118":0,"119":0,"120":0,"121":0,"122":0,"123":0,"124":0,"125":0,"126":0,"127":0,"128":0,"129":0,"130":0,"131":0,"132":0,"133":0,"134":0,"135":0,"136":0,"137":0,"138":0,"139":0,"140":0,"141":0,"142":0,"143":0,"144":0,"145":0,"146":0,"147":0,"148":0,"149":0,"150":0,"151":0,"152":0,"153":0,"154":0,"155":0,"156":0,"157":0,"158":0,"159":0,"160":0,"161":0,"162":0,"163":0,"164":0,"165":0},"f":{"0":0,"1":0,"2":0,"3":0,"4":0,"5":0,"6":0,"7":0,"8":0,"9":0,"10":0,"11":0,"12":0,"13":0,"14":0,"15":0,"16":0,"17":0,"18":0,"19":0,"20":0,"21":0,"22":0,"23":0,"24":0,"25":0,"26":0,"27":0},"b":{"0":[0,0],"1":[0,0],"2":[0,0],"3":[0,0],"4":[0,0],"5":[0],"6":[0,0],"7":[0,0],"8":[0,0],"9":[0,0],"10":[0,0],"11":[0,0],"12":[0],"13":[0,0],"14":[0,0],"15":[0,0],"16":[0],"17":[0,0,0],"18":[0,0],"19":[0,0],"20":[0,0],"21":[0,0],"22":[0,0],"23":[0,0],"24":[0,0],"25":[0,0],"26":[0,0],"27":[0,0,0],"28":[0,0],"29":[0,0],"30":[0,0],"31":[0,0],"32":[0,0],"33":[0,0,0],"34":[0,0],"35":[0,0],"36":[0,0],"37":[0,0],"38":[0],"39":[0,0],"40":[0,0],"41":[0,0,0],"42":[0,0],"43":[0,0],"44":[0],"45":[0,0],"46":[0,0],"47":[0],"48":[0],"49":[0,0],"50":[0,0],"51":[0],"52":[0,0],"53":[0,0],"54":[0,0],"55":[0,0],"56":[0,0],"57":[0,0],"58":[0],"59":[0,0,0],"60":[0,0],"61":[0,0],"62":[0,0],"63":[0,0],"64":[0,0],"65":[0,0],"66":[0,0],"67":[0,0],"68":[0,0],"69":[0],"70":[0,0],"71":[0,0],"72":[0,0],"73":[0,0]}}
,"C:\\Users\\15612\\Desktop\\Repositories\\Ojala-healthcare_new\\src\\frontend\\shared\\hooks\\useEscalatedAlerts.js": {"path":"C:\\Users\\15612\\Desktop\\Repositories\\Ojala-healthcare_new\\src\\frontend\\shared\\hooks\\useEscalatedAlerts.js","statementMap":{"0":{"start":{"line":15,"column":34},"end":{"line":80,"column":2}},"1":{"start":{"line":16,"column":30},"end":{"line":16,"column":null}},"2":{"start":{"line":17,"column":32},"end":{"line":17,"column":null}},"3":{"start":{"line":20,"column":2},"end":{"line":38,"column":null}},"4":{"start":{"line":21,"column":23},"end":{"line":25,"column":null}},"5":{"start":{"line":22,"column":27},"end":{"line":22,"column":null}},"6":{"start":{"line":23,"column":6},"end":{"line":23,"column":null}},"7":{"start":{"line":24,"column":6},"end":{"line":24,"column":null}},"8":{"start":{"line":27,"column":4},"end":{"line":27,"column":null}},"9":{"start":{"line":30,"column":32},"end":{"line":34,"column":null}},"10":{"start":{"line":31,"column":6},"end":{"line":33,"column":null}},"11":{"start":{"line":32,"column":8},"end":{"line":32,"column":null}},"12":{"start":{"line":36,"column":4},"end":{"line":36,"column":null}},"13":{"start":{"line":37,"column":4},"end":{"line":37,"column":null}},"14":{"start":{"line":37,"column":17},"end":{"line":37,"column":null}},"15":{"start":{"line":41,"column":19},"end":{"line":45,"column":null}},"16":{"start":{"line":42,"column":26},"end":{"line":42,"column":null}},"17":{"start":{"line":43,"column":4},"end":{"line":43,"column":null}},"18":{"start":{"line":44,"column":4},"end":{"line":44,"column":null}},"19":{"start":{"line":48,"column":22},"end":{"line":52,"column":null}},"20":{"start":{"line":49,"column":26},"end":{"line":49,"column":null}},"21":{"start":{"line":50,"column":4},"end":{"line":50,"column":null}},"22":{"start":{"line":51,"column":4},"end":{"line":51,"column":null}},"23":{"start":{"line":55,"column":22},"end":{"line":59,"column":null}},"24":{"start":{"line":56,"column":26},"end":{"line":56,"column":null}},"25":{"start":{"line":57,"column":4},"end":{"line":57,"column":null}},"26":{"start":{"line":58,"column":4},"end":{"line":58,"column":null}},"27":{"start":{"line":62,"column":23},"end":{"line":64,"column":null}},"28":{"start":{"line":63,"column":4},"end":{"line":63,"column":null}},"29":{"start":{"line":67,"column":23},"end":{"line":69,"column":null}},"30":{"start":{"line":68,"column":4},"end":{"line":68,"column":null}},"31":{"start":{"line":71,"column":2},"end":{"line":79,"column":null}}},"fnMap":{"0":{"name":"(anonymous_0)","decl":{"start":{"line":15,"column":34},"end":{"line":15,"column":null}},"loc":{"start":{"line":15,"column":34},"end":{"line":80,"column":2}}},"1":{"name":"(anonymous_1)","decl":{"start":{"line":20,"column":12},"end":{"line":20,"column":null}},"loc":{"start":{"line":20,"column":12},"end":{"line":38,"column":5}}},"2":{"name":"(anonymous_2)","decl":{"start":{"line":21,"column":23},"end":{"line":21,"column":null}},"loc":{"start":{"line":21,"column":23},"end":{"line":25,"column":null}}},"3":{"name":"(anonymous_3)","decl":{"start":{"line":30,"column":32},"end":{"line":30,"column":33}},"loc":{"start":{"line":30,"column":33},"end":{"line":34,"column":null}}},"4":{"name":"(anonymous_4)","decl":{"start":{"line":37,"column":11},"end":{"line":37,"column":17}},"loc":{"start":{"line":37,"column":17},"end":{"line":37,"column":null}}},"5":{"name":"(anonymous_5)","decl":{"start":{"line":41,"column":31},"end":{"line":41,"column":32}},"loc":{"start":{"line":41,"column":32},"end":{"line":45,"column":5}}},"6":{"name":"(anonymous_6)","decl":{"start":{"line":48,"column":34},"end":{"line":48,"column":35}},"loc":{"start":{"line":48,"column":44},"end":{"line":52,"column":5}}},"7":{"name":"(anonymous_7)","decl":{"start":{"line":55,"column":34},"end":{"line":55,"column":35}},"loc":{"start":{"line":55,"column":35},"end":{"line":59,"column":5}}},"8":{"name":"(anonymous_8)","decl":{"start":{"line":62,"column":35},"end":{"line":62,"column":36}},"loc":{"start":{"line":62,"column":36},"end":{"line":64,"column":5}}},"9":{"name":"(anonymous_9)","decl":{"start":{"line":67,"column":35},"end":{"line":67,"column":36}},"loc":{"start":{"line":67,"column":36},"end":{"line":69,"column":5}}}},"branchMap":{"0":{"loc":{"start":{"line":31,"column":6},"end":{"line":33,"column":null}},"type":"if","locations":[{"start":{"line":31,"column":6},"end":{"line":33,"column":null}}]}},"s":{"0":0,"1":0,"2":0,"3":0,"4":0,"5":0,"6":0,"7":0,"8":0,"9":0,"10":0,"11":0,"12":0,"13":0,"14":0,"15":0,"16":0,"17":0,"18":0,"19":0,"20":0,"21":0,"22":0,"23":0,"24":0,"25":0,"26":0,"27":0,"28":0,"29":0,"30":0,"31":0},"f":{"0":0,"1":0,"2":0,"3":0,"4":0,"5":0,"6":0,"7":0,"8":0,"9":0},"b":{"0":[0]}}
,"C:\\Users\\15612\\Desktop\\Repositories\\Ojala-healthcare_new\\src\\frontend\\shared\\utils\\alertStorage.js": {"path":"C:\\Users\\15612\\Desktop\\Repositories\\Ojala-healthcare_new\\src\\frontend\\shared\\utils\\alertStorage.js","statementMap":{"0":{"start":{"line":5,"column":20},"end":{"line":5,"column":null}},"1":{"start":{"line":11,"column":34},"end":{"line":19,"column":2}},"2":{"start":{"line":12,"column":2},"end":{"line":18,"column":null}},"3":{"start":{"line":13,"column":19},"end":{"line":13,"column":null}},"4":{"start":{"line":14,"column":4},"end":{"line":14,"column":null}},"5":{"start":{"line":16,"column":4},"end":{"line":16,"column":null}},"6":{"start":{"line":17,"column":4},"end":{"line":17,"column":null}},"7":{"start":{"line":25,"column":35},"end":{"line":31,"column":2}},"8":{"start":{"line":26,"column":2},"end":{"line":30,"column":null}},"9":{"start":{"line":27,"column":4},"end":{"line":27,"column":null}},"10":{"start":{"line":29,"column":4},"end":{"line":29,"column":null}},"11":{"start":{"line":38,"column":33},"end":{"line":49,"column":2}},"12":{"start":{"line":39,"column":17},"end":{"line":39,"column":null}},"13":{"start":{"line":40,"column":19},"end":{"line":45,"column":null}},"14":{"start":{"line":46,"column":24},"end":{"line":46,"column":null}},"15":{"start":{"line":47,"column":2},"end":{"line":47,"column":null}},"16":{"start":{"line":48,"column":2},"end":{"line":48,"column":null}},"17":{"start":{"line":57,"column":36},"end":{"line":64,"column":2}},"18":{"start":{"line":58,"column":17},"end":{"line":58,"column":null}},"19":{"start":{"line":59,"column":24},"end":{"line":60,"column":null}},"20":{"start":{"line":60,"column":4},"end":{"line":60,"column":null}},"21":{"start":{"line":62,"column":2},"end":{"line":62,"column":null}},"22":{"start":{"line":63,"column":2},"end":{"line":63,"column":null}},"23":{"start":{"line":71,"column":36},"end":{"line":76,"column":2}},"24":{"start":{"line":72,"column":17},"end":{"line":72,"column":null}},"25":{"start":{"line":73,"column":24},"end":{"line":73,"column":null}},"26":{"start":{"line":73,"column":47},"end":{"line":73,"column":null}},"27":{"start":{"line":74,"column":2},"end":{"line":74,"column":null}},"28":{"start":{"line":75,"column":2},"end":{"line":75,"column":null}},"29":{"start":{"line":83,"column":35},"end":{"line":92,"column":2}},"30":{"start":{"line":84,"column":2},"end":{"line":91,"column":null}},"31":{"start":{"line":86,"column":4},"end":{"line":88,"column":null}},"32":{"start":{"line":87,"column":6},"end":{"line":87,"column":null}},"33":{"start":{"line":90,"column":4},"end":{"line":90,"column":null}}},"fnMap":{"0":{"name":"(anonymous_0)","decl":{"start":{"line":11,"column":34},"end":{"line":11,"column":null}},"loc":{"start":{"line":11,"column":34},"end":{"line":19,"column":2}}},"1":{"name":"(anonymous_1)","decl":{"start":{"line":25,"column":35},"end":{"line":25,"column":36}},"loc":{"start":{"line":25,"column":36},"end":{"line":31,"column":2}}},"2":{"name":"(anonymous_2)","decl":{"start":{"line":38,"column":33},"end":{"line":38,"column":34}},"loc":{"start":{"line":38,"column":34},"end":{"line":49,"column":2}}},"3":{"name":"(anonymous_3)","decl":{"start":{"line":57,"column":36},"end":{"line":57,"column":37}},"loc":{"start":{"line":57,"column":46},"end":{"line":64,"column":2}}},"4":{"name":"(anonymous_4)","decl":{"start":{"line":59,"column":35},"end":{"line":59,"column":null}},"loc":{"start":{"line":60,"column":4},"end":{"line":60,"column":null}}},"5":{"name":"(anonymous_5)","decl":{"start":{"line":71,"column":36},"end":{"line":71,"column":37}},"loc":{"start":{"line":71,"column":37},"end":{"line":76,"column":2}}},"6":{"name":"(anonymous_6)","decl":{"start":{"line":73,"column":38},"end":{"line":73,"column":47}},"loc":{"start":{"line":73,"column":47},"end":{"line":73,"column":null}}},"7":{"name":"(anonymous_7)","decl":{"start":{"line":83,"column":35},"end":{"line":83,"column":36}},"loc":{"start":{"line":83,"column":36},"end":{"line":92,"column":2}}},"8":{"name":"(anonymous_8)","decl":{"start":{"line":84,"column":26},"end":{"line":84,"column":27}},"loc":{"start":{"line":84,"column":30},"end":{"line":91,"column":null}}}},"branchMap":{"0":{"loc":{"start":{"line":14,"column":11},"end":{"line":14,"column":43}},"type":"cond-expr","locations":[{"start":{"line":14,"column":20},"end":{"line":14,"column":41}},{"start":{"line":14,"column":41},"end":{"line":14,"column":43}}]},"1":{"loc":{"start":{"line":60,"column":4},"end":{"line":60,"column":null}},"type":"cond-expr","locations":[{"start":{"line":60,"column":27},"end":{"line":60,"column":54}},{"start":{"line":60,"column":54},"end":{"line":60,"column":null}}]},"2":{"loc":{"start":{"line":86,"column":4},"end":{"line":88,"column":null}},"type":"if","locations":[{"start":{"line":86,"column":4},"end":{"line":88,"column":null}}]},"3":{"loc":{"start":{"line":87,"column":13},"end":{"line":87,"column":null}},"type":"cond-expr","locations":[{"start":{"line":87,"column":38},"end":{"line":87,"column":43}},{"start":{"line":87,"column":43},"end":{"line":87,"column":null}}]}},"s":{"0":0,"1":0,"2":0,"3":0,"4":0,"5":0,"6":0,"7":0,"8":0,"9":0,"10":0,"11":0,"12":0,"13":0,"14":0,"15":0,"16":0,"17":0,"18":0,"19":0,"20":0,"21":0,"22":0,"23":0,"24":0,"25":0,"26":0,"27":0,"28":0,"29":0,"30":0,"31":0,"32":0,"33":0},"f":{"0":0,"1":0,"2":0,"3":0,"4":0,"5":0,"6":0,"7":0,"8":0},"b":{"0":[0,0],"1":[0,0],"2":[0],"3":[0,0]}}
,"C:\\Users\\15612\\Desktop\\Repositories\\Ojala-healthcare_new\\src\\hooks\\useAuth.ts": {"path":"C:\\Users\\15612\\Desktop\\Repositories\\Ojala-healthcare_new\\src\\hooks\\useAuth.ts","statementMap":{"0":{"start":{"line":1,"column":0},"end":{"line":1,"column":57}},"1":{"start":{"line":2,"column":0},"end":{"line":2,"column":77}},"2":{"start":{"line":19,"column":23},"end":{"line":135,"column":1}},"3":{"start":{"line":20,"column":36},"end":{"line":26,"column":4}},"4":{"start":{"line":29,"column":2},"end":{"line":60,"column":9}},"5":{"start":{"line":30,"column":18},"end":{"line":30,"column":51}},"6":{"start":{"line":31,"column":4},"end":{"line":59,"column":5}},"7":{"start":{"line":32,"column":6},"end":{"line":36,"column":10}},"8":{"start":{"line":32,"column":27},"end":{"line":35,"column":null}},"9":{"start":{"line":39,"column":6},"end":{"line":58,"column":11}},"10":{"start":{"line":41,"column":10},"end":{"line":46,"column":14}},"11":{"start":{"line":41,"column":31},"end":{"line":45,"column":null}},"12":{"start":{"line":50,"column":10},"end":{"line":50,"column":47}},"13":{"start":{"line":51,"column":10},"end":{"line":57,"column":14}},"14":{"start":{"line":51,"column":31},"end":{"line":56,"column":null}},"15":{"start":{"line":62,"column":16},"end":{"line":85,"column":8}},"16":{"start":{"line":62,"column":70},"end":{"line":85,"column":5}},"17":{"start":{"line":63,"column":4},"end":{"line":63,"column":70}},"18":{"start":{"line":63,"column":25},"end":{"line":63,"column":68}},"19":{"start":{"line":65,"column":4},"end":{"line":84,"column":5}},"20":{"start":{"line":66,"column":37},"end":{"line":66,"column":73}},"21":{"start":{"line":68,"column":6},"end":{"line":68,"column":56}},"22":{"start":{"line":70,"column":6},"end":{"line":76,"column":9}},"23":{"start":{"line":78,"column":6},"end":{"line":82,"column":10}},"24":{"start":{"line":78,"column":27},"end":{"line":81,"column":null}},"25":{"start":{"line":83,"column":6},"end":{"line":83,"column":18}},"26":{"start":{"line":87,"column":17},"end":{"line":106,"column":26}},"27":{"start":{"line":87,"column":40},"end":{"line":106,"column":5}},"28":{"start":{"line":88,"column":4},"end":{"line":88,"column":57}},"29":{"start":{"line":88,"column":25},"end":{"line":88,"column":55}},"30":{"start":{"line":90,"column":4},"end":{"line":105,"column":5}},"31":{"start":{"line":91,"column":6},"end":{"line":93,"column":7}},"32":{"start":{"line":92,"column":8},"end":{"line":92,"column":48}},"33":{"start":{"line":95,"column":6},"end":{"line":95,"column":44}},"34":{"start":{"line":97,"column":6},"end":{"line":97,"column":43}},"35":{"start":{"line":98,"column":6},"end":{"line":104,"column":9}},"36":{"start":{"line":108,"column":19},"end":{"line":122,"column":8}},"37":{"start":{"line":108,"column":55},"end":{"line":122,"column":5}},"38":{"start":{"line":109,"column":4},"end":{"line":109,"column":70}},"39":{"start":{"line":109,"column":25},"end":{"line":109,"column":68}},"40":{"start":{"line":111,"column":4},"end":{"line":121,"column":5}},"41":{"start":{"line":112,"column":6},"end":{"line":112,"column":39}},"42":{"start":{"line":113,"column":6},"end":{"line":113,"column":60}},"43":{"start":{"line":113,"column":27},"end":{"line":113,"column":58}},"44":{"start":{"line":115,"column":6},"end":{"line":119,"column":10}},"45":{"start":{"line":115,"column":27},"end":{"line":118,"column":null}},"46":{"start":{"line":120,"column":6},"end":{"line":120,"column":18}},"47":{"start":{"line":124,"column":21},"end":{"line":126,"column":8}},"48":{"start":{"line":125,"column":4},"end":{"line":125,"column":53}},"49":{"start":{"line":125,"column":25},"end":{"line":125,"column":51}},"50":{"start":{"line":128,"column":2},"end":{"line":133,"column":null}},"51":{"start":{"line":19,"column":13},"end":{"line":19,"column":23}}},"fnMap":{"0":{"name":"(anonymous_7)","decl":{"start":{"line":19,"column":23},"end":{"line":19,"column":41}},"loc":{"start":{"line":19,"column":43},"end":{"line":135,"column":1}}},"1":{"name":"(anonymous_8)","decl":{"start":{"line":29,"column":12},"end":{"line":29,"column":15}},"loc":{"start":{"line":29,"column":17},"end":{"line":60,"column":3}}},"2":{"name":"(anonymous_9)","decl":{"start":{"line":32,"column":19},"end":{"line":32,"column":23}},"loc":{"start":{"line":32,"column":27},"end":{"line":35,"column":null}}},"3":{"name":"(anonymous_10)","decl":{"start":{"line":40,"column":14},"end":{"line":40,"column":18}},"loc":{"start":{"line":40,"column":21},"end":{"line":47,"column":9}}},"4":{"name":"(anonymous_11)","decl":{"start":{"line":41,"column":23},"end":{"line":41,"column":27}},"loc":{"start":{"line":41,"column":31},"end":{"line":45,"column":null}}},"5":{"name":"(anonymous_12)","decl":{"start":{"line":48,"column":15},"end":{"line":48,"column":18}},"loc":{"start":{"line":48,"column":20},"end":{"line":58,"column":9}}},"6":{"name":"(anonymous_13)","decl":{"start":{"line":51,"column":23},"end":{"line":51,"column":27}},"loc":{"start":{"line":51,"column":31},"end":{"line":56,"column":null}}},"7":{"name":"(anonymous_14)","decl":{"start":{"line":62,"column":28},"end":{"line":62,"column":35}},"loc":{"start":{"line":62,"column":70},"end":{"line":85,"column":5}}},"8":{"name":"(anonymous_15)","decl":{"start":{"line":62,"column":70},"end":{"line":62,"column":null}},"loc":{"start":{"line":62,"column":70},"end":{"line":85,"column":3}}},"9":{"name":"(anonymous_16)","decl":{"start":{"line":63,"column":17},"end":{"line":63,"column":21}},"loc":{"start":{"line":63,"column":25},"end":{"line":63,"column":68}}},"10":{"name":"(anonymous_17)","decl":{"start":{"line":78,"column":19},"end":{"line":78,"column":23}},"loc":{"start":{"line":78,"column":27},"end":{"line":81,"column":null}}},"11":{"name":"(anonymous_18)","decl":{"start":{"line":87,"column":29},"end":{"line":87,"column":38}},"loc":{"start":{"line":87,"column":40},"end":{"line":106,"column":5}}},"12":{"name":"(anonymous_19)","decl":{"start":{"line":87,"column":40},"end":{"line":87,"column":null}},"loc":{"start":{"line":87,"column":40},"end":{"line":106,"column":3}}},"13":{"name":"(anonymous_20)","decl":{"start":{"line":88,"column":17},"end":{"line":88,"column":21}},"loc":{"start":{"line":88,"column":25},"end":{"line":88,"column":55}}},"14":{"name":"(anonymous_21)","decl":{"start":{"line":108,"column":31},"end":{"line":108,"column":38}},"loc":{"start":{"line":108,"column":55},"end":{"line":122,"column":5}}},"15":{"name":"(anonymous_22)","decl":{"start":{"line":108,"column":55},"end":{"line":108,"column":null}},"loc":{"start":{"line":108,"column":55},"end":{"line":122,"column":3}}},"16":{"name":"(anonymous_23)","decl":{"start":{"line":109,"column":17},"end":{"line":109,"column":21}},"loc":{"start":{"line":109,"column":25},"end":{"line":109,"column":68}}},"17":{"name":"(anonymous_24)","decl":{"start":{"line":113,"column":19},"end":{"line":113,"column":23}},"loc":{"start":{"line":113,"column":27},"end":{"line":113,"column":58}}},"18":{"name":"(anonymous_25)","decl":{"start":{"line":115,"column":19},"end":{"line":115,"column":23}},"loc":{"start":{"line":115,"column":27},"end":{"line":118,"column":null}}},"19":{"name":"(anonymous_26)","decl":{"start":{"line":124,"column":33},"end":{"line":124,"column":36}},"loc":{"start":{"line":124,"column":38},"end":{"line":126,"column":3}}},"20":{"name":"(anonymous_27)","decl":{"start":{"line":125,"column":17},"end":{"line":125,"column":21}},"loc":{"start":{"line":125,"column":25},"end":{"line":125,"column":51}}}},"branchMap":{"0":{"loc":{"start":{"line":31,"column":4},"end":{"line":59,"column":5}},"type":"if","locations":[{"start":{"line":31,"column":4},"end":{"line":59,"column":5}}]},"1":{"loc":{"start":{"line":81,"column":15},"end":{"line":81,"column":46}},"type":"binary-expr","locations":[{"start":{"line":81,"column":15},"end":{"line":81,"column":28}},{"start":{"line":81,"column":32},"end":{"line":81,"column":46}}]},"2":{"loc":{"start":{"line":91,"column":6},"end":{"line":93,"column":7}},"type":"if","locations":[{"start":{"line":91,"column":6},"end":{"line":93,"column":7}}]},"3":{"loc":{"start":{"line":91,"column":10},"end":{"line":91,"column":28}},"type":"cond-expr","locations":[{"start":{"line":91,"column":24},"end":{"line":91,"column":26}},{"start":{"line":91,"column":24},"end":{"line":91,"column":28}}]},"4":{"loc":{"start":{"line":91,"column":10},"end":{"line":91,"column":26}},"type":"binary-expr","locations":[{"start":{"line":91,"column":10},"end":{"line":91,"column":26}},{"start":{"line":91,"column":24},"end":{"line":91,"column":26}}]},"5":{"loc":{"start":{"line":106,"column":6},"end":{"line":106,"column":24}},"type":"cond-expr","locations":[{"start":{"line":106,"column":20},"end":{"line":106,"column":22}},{"start":{"line":106,"column":20},"end":{"line":106,"column":24}}]},"6":{"loc":{"start":{"line":106,"column":6},"end":{"line":106,"column":22}},"type":"binary-expr","locations":[{"start":{"line":106,"column":6},"end":{"line":106,"column":22}},{"start":{"line":106,"column":20},"end":{"line":106,"column":22}}]},"7":{"loc":{"start":{"line":118,"column":15},"end":{"line":118,"column":53}},"type":"binary-expr","locations":[{"start":{"line":118,"column":15},"end":{"line":118,"column":28}},{"start":{"line":118,"column":32},"end":{"line":118,"column":53}}]}},"s":{"0":0,"1":0,"2":0,"3":0,"4":0,"5":0,"6":0,"7":0,"8":0,"9":0,"10":0,"11":0,"12":0,"13":0,"14":0,"15":0,"16":0,"17":0,"18":0,"19":0,"20":0,"21":0,"22":0,"23":0,"24":0,"25":0,"26":0,"27":0,"28":0,"29":0,"30":0,"31":0,"32":0,"33":0,"34":0,"35":0,"36":0,"37":0,"38":0,"39":0,"40":0,"41":0,"42":0,"43":0,"44":0,"45":0,"46":0,"47":0,"48":0,"49":0,"50":0,"51":0},"f":{"0":0,"1":0,"2":0,"3":0,"4":0,"5":0,"6":0,"7":0,"8":0,"9":0,"10":0,"11":0,"12":0,"13":0,"14":0,"15":0,"16":0,"17":0,"18":0,"19":0,"20":0},"b":{"0":[0],"1":[0,0],"2":[0],"3":[0,0],"4":[0,0],"5":[0,0],"6":[0,0],"7":[0,0]}}
,"C:\\Users\\15612\\Desktop\\Repositories\\Ojala-healthcare_new\\src\\hooks\\useRefreshToken.ts": {"path":"C:\\Users\\15612\\Desktop\\Repositories\\Ojala-healthcare_new\\src\\hooks\\useRefreshToken.ts","statementMap":{"0":{"start":{"line":1,"column":0},"end":{"line":1,"column":36}},"1":{"start":{"line":2,"column":0},"end":{"line":2,"column":71}},"2":{"start":{"line":8,"column":31},"end":{"line":52,"column":1}},"3":{"start":{"line":12,"column":23},"end":{"line":49,"column":30}},"4":{"start":{"line":12,"column":69},"end":{"line":49,"column":5}},"5":{"start":{"line":13,"column":4},"end":{"line":48,"column":5}},"6":{"start":{"line":14,"column":23},"end":{"line":14,"column":46}},"7":{"start":{"line":17,"column":6},"end":{"line":17,"column":56}},"8":{"start":{"line":20,"column":6},"end":{"line":27,"column":7}},"9":{"start":{"line":21,"column":8},"end":{"line":26,"column":12}},"10":{"start":{"line":21,"column":36},"end":{"line":25,"column":null}},"11":{"start":{"line":29,"column":6},"end":{"line":29,"column":22}},"12":{"start":{"line":32,"column":6},"end":{"line":32,"column":43}},"13":{"start":{"line":34,"column":6},"end":{"line":41,"column":7}},"14":{"start":{"line":35,"column":8},"end":{"line":40,"column":12}},"15":{"start":{"line":35,"column":36},"end":{"line":39,"column":null}},"16":{"start":{"line":43,"column":6},"end":{"line":45,"column":7}},"17":{"start":{"line":44,"column":8},"end":{"line":44,"column":19}},"18":{"start":{"line":47,"column":6},"end":{"line":47,"column":18}},"19":{"start":{"line":51,"column":2},"end":{"line":51,"column":26}},"20":{"start":{"line":8,"column":13},"end":{"line":8,"column":31}}},"fnMap":{"0":{"name":"(anonymous_7)","decl":{"start":{"line":8,"column":31},"end":{"line":8,"column":null}},"loc":{"start":{"line":11,"column":27},"end":{"line":52,"column":1}}},"1":{"name":"(anonymous_8)","decl":{"start":{"line":12,"column":35},"end":{"line":12,"column":67}},"loc":{"start":{"line":12,"column":69},"end":{"line":49,"column":5}}},"2":{"name":"(anonymous_9)","decl":{"start":{"line":12,"column":69},"end":{"line":12,"column":null}},"loc":{"start":{"line":12,"column":69},"end":{"line":49,"column":3}}},"3":{"name":"(anonymous_10)","decl":{"start":{"line":21,"column":21},"end":{"line":21,"column":22}},"loc":{"start":{"line":21,"column":36},"end":{"line":25,"column":null}}},"4":{"name":"(anonymous_11)","decl":{"start":{"line":35,"column":21},"end":{"line":35,"column":22}},"loc":{"start":{"line":35,"column":36},"end":{"line":39,"column":null}}}},"branchMap":{"0":{"loc":{"start":{"line":20,"column":6},"end":{"line":27,"column":7}},"type":"if","locations":[{"start":{"line":20,"column":6},"end":{"line":27,"column":7}}]},"1":{"loc":{"start":{"line":34,"column":6},"end":{"line":41,"column":7}},"type":"if","locations":[{"start":{"line":34,"column":6},"end":{"line":41,"column":7}}]},"2":{"loc":{"start":{"line":43,"column":6},"end":{"line":45,"column":7}},"type":"if","locations":[{"start":{"line":43,"column":6},"end":{"line":45,"column":7}}]}},"s":{"0":0,"1":0,"2":0,"3":0,"4":0,"5":0,"6":0,"7":0,"8":0,"9":0,"10":0,"11":0,"12":0,"13":0,"14":0,"15":0,"16":0,"17":0,"18":0,"19":0,"20":0},"f":{"0":0,"1":0,"2":0,"3":0,"4":0},"b":{"0":[0],"1":[0],"2":[0]}}
}
