TN:
SF:src\theme.ts
FNF:0
FNH:0
DA:1,0
DA:17,0
DA:154,0
LF:3
LH:0
BRF:0
BRH:0
end_of_record
TN:
SF:src\components\PatientCard.tsx
FN:19,(anonymous_1)
FN:24,(anonymous_2)
FNF:2
FNH:0
FNDA:0,(anonymous_1)
FNDA:0,(anonymous_2)
DA:1,0
DA:19,0
DA:24,0
DA:25,0
DA:26,0
DA:30,0
DA:76,0
LF:7
LH:0
BRDA:22,0,0,0
BRDA:25,1,0,0
BRDA:34,2,0,0
BRDA:34,2,1,0
BRDA:35,3,0,0
BRDA:35,3,1,0
BRDA:41,4,0,0
BRDA:41,4,1,0
BRDA:49,5,0,0
BRDA:49,5,1,0
BRDA:56,6,0,0
BRDA:56,6,1,0
BRDA:63,7,0,0
BRDA:63,7,1,0
BRF:14
BRH:0
end_of_record
TN:
SF:src\components\ProtectedRoute.tsx
FN:12,(anonymous_1)
FNF:1
FNH:0
FNDA:0,(anonymous_1)
DA:1,0
DA:2,0
DA:3,0
DA:12,0
DA:18,0
DA:19,0
DA:22,0
DA:23,0
DA:27,0
DA:28,0
DA:32,0
DA:33,0
DA:36,0
DA:39,0
LF:14
LH:0
BRDA:14,0,0,0
BRDA:16,1,0,0
BRDA:22,2,0,0
BRDA:27,3,0,0
BRDA:27,4,0,0
BRDA:27,4,1,0
BRDA:32,5,0,0
BRDA:32,6,0,0
BRDA:32,6,1,0
BRDA:32,6,2,0
BRF:10
BRH:0
end_of_record
TN:
SF:src\frontend\shared\api\authApi.ts
FN:38,(anonymous_8)
FN:56,(anonymous_10)
FN:71,(anonymous_12)
FN:88,(anonymous_14)
FN:103,(anonymous_16)
FNF:5
FNH:1
FNDA:3,(anonymous_8)
FNDA:0,(anonymous_10)
FNDA:0,(anonymous_12)
FNDA:0,(anonymous_14)
FNDA:0,(anonymous_16)
DA:1,1
DA:4,1
DA:34,1
DA:39,3
DA:40,3
DA:44,0
DA:46,3
DA:47,0
DA:49,3
DA:57,0
DA:58,0
DA:59,0
DA:61,0
DA:62,0
DA:64,0
DA:72,0
DA:73,0
DA:76,0
DA:78,0
DA:79,0
DA:81,0
DA:89,0
DA:90,0
DA:91,0
DA:93,0
DA:94,0
DA:96,0
DA:104,0
DA:105,0
DA:106,0
DA:108,0
DA:109,0
DA:111,0
LF:33
LH:7
BRDA:4,0,0,1
BRDA:4,0,1,1
BRDA:46,1,0,0
BRDA:46,2,0,3
BRDA:46,2,1,0
BRDA:46,3,0,3
BRDA:46,3,1,3
BRDA:46,4,0,3
BRDA:46,4,1,0
BRDA:46,5,0,3
BRDA:46,5,1,3
BRDA:61,6,0,0
BRDA:61,7,0,0
BRDA:61,7,1,0
BRDA:61,8,0,0
BRDA:61,8,1,0
BRDA:61,9,0,0
BRDA:61,9,1,0
BRDA:61,10,0,0
BRDA:61,10,1,0
BRDA:78,11,0,0
BRDA:78,12,0,0
BRDA:78,12,1,0
BRDA:78,13,0,0
BRDA:78,13,1,0
BRDA:78,14,0,0
BRDA:78,14,1,0
BRDA:78,15,0,0
BRDA:78,15,1,0
BRDA:93,16,0,0
BRDA:93,17,0,0
BRDA:93,17,1,0
BRDA:93,18,0,0
BRDA:93,18,1,0
BRDA:93,19,0,0
BRDA:93,19,1,0
BRDA:93,20,0,0
BRDA:93,20,1,0
BRDA:108,21,0,0
BRDA:108,22,0,0
BRDA:108,22,1,0
BRDA:108,23,0,0
BRDA:108,23,1,0
BRDA:108,24,0,0
BRDA:108,24,1,0
BRDA:108,25,0,0
BRDA:108,25,1,0
BRF:47
BRH:8
end_of_record
TN:
SF:src\frontend\shared\api\index.ts
FN:2,(anonymous_0)
FNF:1
FNH:0
FNDA:0,(anonymous_0)
DA:2,0
LF:1
LH:0
BRF:0
BRH:0
end_of_record
TN:
SF:src\frontend\shared\auth\api\authApi.ts
FN:34,(anonymous_8)
FN:41,(anonymous_9)
FN:46,(anonymous_10)
FN:47,(anonymous_11)
FN:57,(anonymous_12)
FN:57,(anonymous_13)
FN:62,(anonymous_14)
FN:62,(anonymous_15)
FN:66,(anonymous_16)
FN:66,(anonymous_17)
FN:72,(anonymous_18)
FN:72,(anonymous_19)
FN:77,(anonymous_20)
FN:77,(anonymous_21)
FN:82,(anonymous_22)
FN:82,(anonymous_23)
FN:87,(anonymous_24)
FN:87,(anonymous_25)
FNF:18
FNH:0
FNDA:0,(anonymous_8)
FNDA:0,(anonymous_9)
FNDA:0,(anonymous_10)
FNDA:0,(anonymous_11)
FNDA:0,(anonymous_12)
FNDA:0,(anonymous_13)
FNDA:0,(anonymous_14)
FNDA:0,(anonymous_15)
FNDA:0,(anonymous_16)
FNDA:0,(anonymous_17)
FNDA:0,(anonymous_18)
FNDA:0,(anonymous_19)
FNDA:0,(anonymous_20)
FNDA:0,(anonymous_21)
FNDA:0,(anonymous_22)
FNDA:0,(anonymous_23)
FNDA:0,(anonymous_24)
FNDA:0,(anonymous_25)
DA:1,0
DA:3,0
DA:25,0
DA:33,0
DA:35,0
DA:36,0
DA:37,0
DA:39,0
DA:41,0
DA:45,0
DA:46,0
DA:48,0
DA:49,0
DA:50,0
DA:52,0
DA:56,0
DA:57,0
DA:58,0
DA:59,0
DA:62,0
DA:63,0
DA:66,0
DA:67,0
DA:68,0
DA:72,0
DA:73,0
DA:74,0
DA:77,0
DA:78,0
DA:79,0
DA:82,0
DA:83,0
DA:84,0
DA:87,0
DA:88,0
DA:89,0
LF:36
LH:0
BRDA:3,0,0,0
BRDA:3,0,1,0
BRDA:36,1,0,0
BRDA:48,2,0,0
BRDA:48,3,0,0
BRDA:48,3,1,0
BRDA:48,4,0,0
BRDA:48,4,1,0
BRF:8
BRH:0
end_of_record
TN:
SF:src\frontend\shared\auth\components\LogoutButton.tsx
FN:12,(anonymous_16)
FN:21,(anonymous_17)
FN:21,(anonymous_18)
FNF:3
FNH:1
FNDA:3,(anonymous_16)
FNDA:0,(anonymous_17)
FNDA:0,(anonymous_18)
DA:1,1
DA:2,1
DA:3,1
DA:4,1
DA:12,1
DA:17,3
DA:18,3
DA:19,3
DA:21,3
DA:22,0
DA:23,0
DA:24,0
DA:25,0
DA:27,0
DA:29,0
DA:33,3
LF:16
LH:10
BRDA:14,0,0,3
BRDA:15,1,0,3
BRDA:41,2,0,0
BRDA:41,2,1,3
BRDA:43,3,0,0
BRDA:43,3,1,3
BRF:6
BRH:4
end_of_record
TN:
SF:src\frontend\shared\auth\contexts\AuthContext.tsx
FN:22,(anonymous_16)
FN:27,(anonymous_17)
FN:27,(anonymous_18)
FN:42,(anonymous_19)
FN:42,(anonymous_20)
FN:57,(anonymous_21)
FN:58,(anonymous_22)
FN:58,(anonymous_23)
FNF:8
FNH:0
FNDA:0,(anonymous_16)
FNDA:0,(anonymous_17)
FNDA:0,(anonymous_18)
FNDA:0,(anonymous_19)
FNDA:0,(anonymous_20)
FNDA:0,(anonymous_21)
FNDA:0,(anonymous_22)
FNDA:0,(anonymous_23)
DA:1,0
DA:2,0
DA:20,0
DA:22,0
DA:23,0
DA:24,0
DA:25,0
DA:27,0
DA:28,0
DA:29,0
DA:30,0
DA:31,0
DA:32,0
DA:33,0
DA:35,0
DA:36,0
DA:38,0
DA:42,0
DA:43,0
DA:44,0
DA:45,0
DA:46,0
DA:47,0
DA:48,0
DA:50,0
DA:51,0
DA:53,0
DA:57,0
DA:58,0
DA:59,0
DA:60,0
DA:61,0
DA:62,0
DA:63,0
DA:66,0
DA:67,0
DA:69,0
DA:73,0
DA:76,0
DA:85,0
LF:40
LH:0
BRDA:35,0,0,0
BRDA:35,0,1,0
BRDA:50,1,0,0
BRDA:50,1,1,0
BRDA:61,2,0,0
BRF:5
BRH:0
end_of_record
TN:
SF:src\frontend\shared\auth\hooks\useAuth.ts
FN:4,(anonymous_0)
FNF:1
FNH:0
FNDA:0,(anonymous_0)
DA:1,0
DA:2,0
DA:4,0
DA:5,0
DA:6,0
DA:7,0
DA:9,0
LF:7
LH:0
BRDA:6,0,0,0
BRF:1
BRH:0
end_of_record
TN:
SF:src\frontend\shared\components\auth\RoleRedirect.jsx
FN:12,(anonymous_0)
FN:16,(anonymous_1)
FNF:2
FNH:0
FNDA:0,(anonymous_0)
FNDA:0,(anonymous_1)
DA:12,0
DA:13,0
DA:14,0
DA:16,0
DA:17,0
DA:18,0
DA:20,0
DA:23,0
DA:25,0
DA:26,0
DA:28,0
DA:29,0
DA:31,0
DA:32,0
DA:35,0
LF:15
LH:0
BRDA:17,0,0,0
BRDA:18,1,0,0
BRDA:18,1,1,0
BRDA:23,2,0,0
BRDA:23,2,1,0
BRDA:23,2,2,0
BRDA:23,2,3,0
BRF:7
BRH:0
end_of_record
TN:
SF:src\frontend\shared\contexts\AuthContext.tsx
FN:120,(anonymous_17)
FN:121,(anonymous_18)
FN:122,(anonymous_19)
FN:123,(anonymous_20)
FN:125,(anonymous_21)
FN:126,(anonymous_22)
FN:127,(anonymous_23)
FN:146,(anonymous_24)
FN:153,(anonymous_25)
FN:161,(anonymous_26)
FN:168,(anonymous_27)
FN:172,(anonymous_28)
FN:172,(anonymous_29)
FN:280,(anonymous_30)
FN:280,(anonymous_31)
FN:304,(anonymous_32)
FN:304,(anonymous_33)
FN:330,(anonymous_34)
FN:336,(anonymous_35)
FN:348,(anonymous_36)
FN:354,(anonymous_37)
FN:355,(anonymous_38)
FN:364,(anonymous_39)
FN:370,(anonymous_40)
FN:374,(anonymous_41)
FN:375,(anonymous_42)
FN:375,(anonymous_43)
FN:462,(anonymous_44)
FNF:28
FNH:0
FNDA:0,(anonymous_17)
FNDA:0,(anonymous_18)
FNDA:0,(anonymous_19)
FNDA:0,(anonymous_20)
FNDA:0,(anonymous_21)
FNDA:0,(anonymous_22)
FNDA:0,(anonymous_23)
FNDA:0,(anonymous_24)
FNDA:0,(anonymous_25)
FNDA:0,(anonymous_26)
FNDA:0,(anonymous_27)
FNDA:0,(anonymous_28)
FNDA:0,(anonymous_29)
FNDA:0,(anonymous_30)
FNDA:0,(anonymous_31)
FNDA:0,(anonymous_32)
FNDA:0,(anonymous_33)
FNDA:0,(anonymous_34)
FNDA:0,(anonymous_35)
FNDA:0,(anonymous_36)
FNDA:0,(anonymous_37)
FNDA:0,(anonymous_38)
FNDA:0,(anonymous_39)
FNDA:0,(anonymous_40)
FNDA:0,(anonymous_41)
FNDA:0,(anonymous_42)
FNDA:0,(anonymous_43)
FNDA:0,(anonymous_44)
DA:1,0
DA:2,0
DA:3,0
DA:84,0
DA:93,0
DA:102,0
DA:106,0
DA:117,0
DA:120,0
DA:121,0
DA:122,0
DA:123,0
DA:125,0
DA:126,0
DA:127,0
DA:128,0
DA:129,0
DA:132,0
DA:133,0
DA:135,0
DA:138,0
DA:146,0
DA:147,0
DA:148,0
DA:149,0
DA:153,0
DA:154,0
DA:155,0
DA:156,0
DA:157,0
DA:161,0
DA:162,0
DA:163,0
DA:167,0
DA:168,0
DA:172,0
DA:173,0
DA:174,0
DA:176,0
DA:182,0
DA:186,0
DA:188,0
DA:193,0
DA:194,0
DA:196,0
DA:201,0
DA:203,0
DA:206,0
DA:209,0
DA:211,0
DA:212,0
DA:214,0
DA:216,0
DA:217,0
DA:218,0
DA:220,0
DA:221,0
DA:225,0
DA:235,0
DA:236,0
DA:242,0
DA:243,0
DA:250,0
DA:251,0
DA:258,0
DA:261,0
DA:262,0
DA:266,0
DA:268,0
DA:269,0
DA:270,0
DA:275,0
DA:280,0
DA:281,0
DA:282,0
DA:284,0
DA:290,0
DA:291,0
DA:293,0
DA:294,0
DA:299,0
DA:304,0
DA:305,0
DA:306,0
DA:309,0
DA:310,0
DA:314,0
DA:315,0
DA:321,0
DA:323,0
DA:324,0
DA:325,0
DA:330,0
DA:331,0
DA:333,0
DA:334,0
DA:337,0
DA:341,0
DA:343,0
DA:348,0
DA:349,0
DA:350,0
DA:351,0
DA:353,0
DA:354,0
DA:355,0
DA:356,0
DA:357,0
DA:364,0
DA:365,0
DA:367,0
DA:368,0
DA:370,0
DA:374,0
DA:375,0
DA:376,0
DA:377,0
DA:379,0
DA:382,0
DA:383,0
DA:385,0
DA:387,0
DA:390,0
DA:392,0
DA:393,0
DA:396,0
DA:406,0
DA:407,0
DA:413,0
DA:414,0
DA:421,0
DA:422,0
DA:429,0
DA:433,0
DA:437,0
DA:438,0
DA:440,0
DA:444,0
DA:447,0
DA:458,0
DA:462,0
DA:463,0
DA:464,0
DA:465,0
DA:467,0
DA:471,0
DA:480,0
DA:489,0
DA:499,0
DA:509,0
DA:510,0
DA:511,0
DA:512,0
LF:153
LH:0
BRDA:129,0,0,0
BRDA:129,0,1,0
BRDA:135,1,0,0
BRDA:135,1,1,0
BRDA:135,2,0,0
BRDA:135,2,1,0
BRDA:135,3,0,0
BRDA:135,3,1,0
BRDA:138,4,0,0
BRDA:138,4,1,0
BRDA:162,5,0,0
BRDA:167,6,0,0
BRDA:167,6,1,0
BRDA:186,7,0,0
BRDA:186,7,1,0
BRDA:186,8,0,0
BRDA:186,8,1,0
BRDA:191,9,0,0
BRDA:191,9,1,0
BRDA:194,10,0,0
BRDA:194,10,1,0
BRDA:209,11,0,0
BRDA:209,11,1,0
BRDA:211,12,0,0
BRDA:218,13,0,0
BRDA:218,13,1,0
BRDA:218,14,0,0
BRDA:218,14,1,0
BRDA:218,15,0,0
BRDA:218,15,1,0
BRDA:220,16,0,0
BRDA:226,17,0,0
BRDA:226,17,1,0
BRDA:226,17,2,0
BRDA:228,18,0,0
BRDA:228,18,1,0
BRDA:229,19,0,0
BRDA:229,19,1,0
BRDA:231,20,0,0
BRDA:231,20,1,0
BRDA:235,21,0,0
BRDA:235,21,1,0
BRDA:242,22,0,0
BRDA:242,22,1,0
BRDA:245,23,0,0
BRDA:245,23,1,0
BRDA:246,24,0,0
BRDA:246,24,1,0
BRDA:247,25,0,0
BRDA:247,25,1,0
BRDA:250,26,0,0
BRDA:250,26,1,0
BRDA:272,27,0,0
BRDA:272,27,1,0
BRDA:272,27,2,0
BRDA:272,28,0,0
BRDA:272,28,1,0
BRDA:272,29,0,0
BRDA:272,29,1,0
BRDA:272,30,0,0
BRDA:272,30,1,0
BRDA:272,31,0,0
BRDA:272,31,1,0
BRDA:280,32,0,0
BRDA:280,32,1,0
BRDA:296,33,0,0
BRDA:296,33,1,0
BRDA:296,33,2,0
BRDA:296,34,0,0
BRDA:296,34,1,0
BRDA:296,35,0,0
BRDA:296,35,1,0
BRDA:296,36,0,0
BRDA:296,36,1,0
BRDA:296,37,0,0
BRDA:296,37,1,0
BRDA:305,38,0,0
BRDA:305,39,0,0
BRDA:305,39,1,0
BRDA:305,40,0,0
BRDA:305,40,1,0
BRDA:316,41,0,0
BRDA:316,41,1,0
BRDA:316,41,2,0
BRDA:317,42,0,0
BRDA:317,42,1,0
BRDA:318,43,0,0
BRDA:318,43,1,0
BRDA:333,44,0,0
BRDA:333,45,0,0
BRDA:333,45,1,0
BRDA:333,46,0,0
BRDA:333,46,1,0
BRDA:353,47,0,0
BRDA:365,48,0,0
BRDA:367,49,0,0
BRDA:367,49,1,0
BRDA:368,50,0,0
BRDA:368,50,1,0
BRDA:377,51,0,0
BRDA:377,52,0,0
BRDA:377,52,1,0
BRDA:377,53,0,0
BRDA:377,53,1,0
BRDA:385,54,0,0
BRDA:385,54,1,0
BRDA:390,55,0,0
BRDA:390,55,1,0
BRDA:390,56,0,0
BRDA:390,56,1,0
BRDA:390,57,0,0
BRDA:390,57,1,0
BRDA:392,58,0,0
BRDA:397,59,0,0
BRDA:397,59,1,0
BRDA:397,59,2,0
BRDA:399,60,0,0
BRDA:399,60,1,0
BRDA:400,61,0,0
BRDA:400,61,1,0
BRDA:402,62,0,0
BRDA:402,62,1,0
BRDA:406,63,0,0
BRDA:406,63,1,0
BRDA:413,64,0,0
BRDA:413,64,1,0
BRDA:416,65,0,0
BRDA:416,65,1,0
BRDA:417,66,0,0
BRDA:417,66,1,0
BRDA:418,67,0,0
BRDA:418,67,1,0
BRDA:421,68,0,0
BRDA:421,68,1,0
BRDA:464,69,0,0
BRDA:474,70,0,0
BRDA:474,70,1,0
BRDA:483,71,0,0
BRDA:483,71,1,0
BRDA:492,72,0,0
BRDA:492,72,1,0
BRDA:502,73,0,0
BRDA:502,73,1,0
BRF:143
BRH:0
end_of_record
TN:
SF:src\frontend\shared\hooks\useEscalatedAlerts.js
FN:15,(anonymous_0)
FN:20,(anonymous_1)
FN:21,(anonymous_2)
FN:30,(anonymous_3)
FN:37,(anonymous_4)
FN:41,(anonymous_5)
FN:48,(anonymous_6)
FN:55,(anonymous_7)
FN:62,(anonymous_8)
FN:67,(anonymous_9)
FNF:10
FNH:0
FNDA:0,(anonymous_0)
FNDA:0,(anonymous_1)
FNDA:0,(anonymous_2)
FNDA:0,(anonymous_3)
FNDA:0,(anonymous_4)
FNDA:0,(anonymous_5)
FNDA:0,(anonymous_6)
FNDA:0,(anonymous_7)
FNDA:0,(anonymous_8)
FNDA:0,(anonymous_9)
DA:15,0
DA:16,0
DA:17,0
DA:20,0
DA:21,0
DA:22,0
DA:23,0
DA:24,0
DA:27,0
DA:30,0
DA:31,0
DA:32,0
DA:36,0
DA:37,0
DA:41,0
DA:42,0
DA:43,0
DA:44,0
DA:48,0
DA:49,0
DA:50,0
DA:51,0
DA:55,0
DA:56,0
DA:57,0
DA:58,0
DA:62,0
DA:63,0
DA:67,0
DA:68,0
DA:71,0
LF:31
LH:0
BRDA:31,0,0,0
BRF:1
BRH:0
end_of_record
TN:
SF:src\frontend\shared\utils\alertStorage.js
FN:11,(anonymous_0)
FN:25,(anonymous_1)
FN:38,(anonymous_2)
FN:57,(anonymous_3)
FN:59,(anonymous_4)
FN:71,(anonymous_5)
FN:73,(anonymous_6)
FN:83,(anonymous_7)
FN:84,(anonymous_8)
FNF:9
FNH:0
FNDA:0,(anonymous_0)
FNDA:0,(anonymous_1)
FNDA:0,(anonymous_2)
FNDA:0,(anonymous_3)
FNDA:0,(anonymous_4)
FNDA:0,(anonymous_5)
FNDA:0,(anonymous_6)
FNDA:0,(anonymous_7)
FNDA:0,(anonymous_8)
DA:5,0
DA:11,0
DA:12,0
DA:13,0
DA:14,0
DA:16,0
DA:17,0
DA:25,0
DA:26,0
DA:27,0
DA:29,0
DA:38,0
DA:39,0
DA:40,0
DA:46,0
DA:47,0
DA:48,0
DA:57,0
DA:58,0
DA:59,0
DA:60,0
DA:62,0
DA:63,0
DA:71,0
DA:72,0
DA:73,0
DA:74,0
DA:75,0
DA:83,0
DA:84,0
DA:86,0
DA:87,0
DA:90,0
LF:33
LH:0
BRDA:14,0,0,0
BRDA:14,0,1,0
BRDA:60,1,0,0
BRDA:60,1,1,0
BRDA:86,2,0,0
BRDA:87,3,0,0
BRDA:87,3,1,0
BRF:7
BRH:0
end_of_record
TN:
SF:src\hooks\useAuth.ts
FN:19,(anonymous_7)
FN:29,(anonymous_8)
FN:32,(anonymous_9)
FN:40,(anonymous_10)
FN:41,(anonymous_11)
FN:48,(anonymous_12)
FN:51,(anonymous_13)
FN:62,(anonymous_14)
FN:62,(anonymous_15)
FN:63,(anonymous_16)
FN:78,(anonymous_17)
FN:87,(anonymous_18)
FN:87,(anonymous_19)
FN:88,(anonymous_20)
FN:108,(anonymous_21)
FN:108,(anonymous_22)
FN:109,(anonymous_23)
FN:113,(anonymous_24)
FN:115,(anonymous_25)
FN:124,(anonymous_26)
FN:125,(anonymous_27)
FNF:21
FNH:6
FNDA:13,(anonymous_7)
FNDA:7,(anonymous_8)
FNDA:0,(anonymous_9)
FNDA:0,(anonymous_10)
FNDA:0,(anonymous_11)
FNDA:0,(anonymous_12)
FNDA:0,(anonymous_13)
FNDA:3,(anonymous_14)
FNDA:3,(anonymous_15)
FNDA:3,(anonymous_16)
FNDA:3,(anonymous_17)
FNDA:0,(anonymous_18)
FNDA:0,(anonymous_19)
FNDA:0,(anonymous_20)
FNDA:0,(anonymous_21)
FNDA:0,(anonymous_22)
FNDA:0,(anonymous_23)
FNDA:0,(anonymous_24)
FNDA:0,(anonymous_25)
FNDA:0,(anonymous_26)
FNDA:0,(anonymous_27)
DA:1,1
DA:2,1
DA:19,1
DA:20,13
DA:29,13
DA:30,7
DA:31,7
DA:32,0
DA:39,0
DA:41,0
DA:50,0
DA:51,0
DA:62,13
DA:63,3
DA:65,3
DA:66,3
DA:68,0
DA:70,0
DA:78,3
DA:83,3
DA:87,13
DA:88,0
DA:90,0
DA:91,0
DA:92,0
DA:95,0
DA:97,0
DA:98,0
DA:108,13
DA:109,0
DA:111,0
DA:112,0
DA:113,0
DA:115,0
DA:120,0
DA:124,13
DA:125,0
DA:128,13
LF:38
LH:17
BRDA:31,0,0,0
BRDA:81,1,0,3
BRDA:81,1,1,0
BRDA:91,2,0,0
BRDA:91,3,0,0
BRDA:91,3,1,0
BRDA:91,4,0,0
BRDA:91,4,1,0
BRDA:106,5,0,13
BRDA:106,5,1,0
BRDA:106,6,0,13
BRDA:106,6,1,0
BRDA:118,7,0,0
BRDA:118,7,1,0
BRF:14
BRH:3
end_of_record
TN:
SF:src\hooks\useRefreshToken.ts
FN:8,(anonymous_7)
FN:12,(anonymous_8)
FN:12,(anonymous_9)
FN:21,(anonymous_10)
FN:35,(anonymous_11)
FNF:5
FNH:0
FNDA:0,(anonymous_7)
FNDA:0,(anonymous_8)
FNDA:0,(anonymous_9)
FNDA:0,(anonymous_10)
FNDA:0,(anonymous_11)
DA:1,0
DA:2,0
DA:8,0
DA:12,0
DA:13,0
DA:14,0
DA:17,0
DA:20,0
DA:21,0
DA:29,0
DA:32,0
DA:34,0
DA:35,0
DA:43,0
DA:44,0
DA:47,0
DA:51,0
LF:17
LH:0
BRDA:20,0,0,0
BRDA:34,1,0,0
BRDA:43,2,0,0
BRF:3
BRH:0
end_of_record
TN:
SF:src\shared\signaling\index.js
FN:10,(anonymous_0)
FN:65,(anonymous_1)
FN:75,(anonymous_2)
FN:80,(anonymous_3)
FN:87,(anonymous_4)
FN:91,(anonymous_5)
FN:96,(anonymous_6)
FN:111,(anonymous_7)
FN:112,(anonymous_8)
FN:119,(anonymous_9)
FN:125,(anonymous_10)
FN:143,(anonymous_11)
FN:147,(anonymous_12)
FN:165,(anonymous_13)
FN:175,(anonymous_14)
FN:181,(anonymous_15)
FN:192,(anonymous_16)
FN:199,(anonymous_17)
FN:226,(anonymous_18)
FN:263,(anonymous_19)
FN:289,(anonymous_20)
FN:314,(anonymous_21)
FN:330,(anonymous_22)
FN:377,(anonymous_23)
FN:393,(anonymous_24)
FN:415,(anonymous_25)
FN:435,(anonymous_26)
FN:486,(anonymous_27)
FN:495,(anonymous_28)
FN:506,(anonymous_29)
FN:522,(anonymous_30)
FN:550,(anonymous_31)
FN:571,(anonymous_32)
FN:589,(anonymous_33)
FN:608,(anonymous_34)
FNF:35
FNH:0
FNDA:0,(anonymous_0)
FNDA:0,(anonymous_1)
FNDA:0,(anonymous_2)
FNDA:0,(anonymous_3)
FNDA:0,(anonymous_4)
FNDA:0,(anonymous_5)
FNDA:0,(anonymous_6)
FNDA:0,(anonymous_7)
FNDA:0,(anonymous_8)
FNDA:0,(anonymous_9)
FNDA:0,(anonymous_10)
FNDA:0,(anonymous_11)
FNDA:0,(anonymous_12)
FNDA:0,(anonymous_13)
FNDA:0,(anonymous_14)
FNDA:0,(anonymous_15)
FNDA:0,(anonymous_16)
FNDA:0,(anonymous_17)
FNDA:0,(anonymous_18)
FNDA:0,(anonymous_19)
FNDA:0,(anonymous_20)
FNDA:0,(anonymous_21)
FNDA:0,(anonymous_22)
FNDA:0,(anonymous_23)
FNDA:0,(anonymous_24)
FNDA:0,(anonymous_25)
FNDA:0,(anonymous_26)
FNDA:0,(anonymous_27)
FNDA:0,(anonymous_28)
FNDA:0,(anonymous_29)
FNDA:0,(anonymous_30)
FNDA:0,(anonymous_31)
FNDA:0,(anonymous_32)
FNDA:0,(anonymous_33)
FNDA:0,(anonymous_34)
DA:11,0
DA:35,0
DA:36,0
DA:37,0
DA:38,0
DA:39,0
DA:40,0
DA:41,0
DA:43,0
DA:66,0
DA:68,0
DA:69,0
DA:72,0
DA:73,0
DA:75,0
DA:76,0
DA:77,0
DA:78,0
DA:80,0
DA:81,0
DA:82,0
DA:83,0
DA:84,0
DA:87,0
DA:88,0
DA:91,0
DA:92,0
DA:93,0
DA:96,0
DA:97,0
DA:100,0
DA:101,0
DA:112,0
DA:113,0
DA:114,0
DA:115,0
DA:119,0
DA:120,0
DA:124,0
DA:125,0
DA:126,0
DA:130,0
DA:132,0
DA:133,0
DA:144,0
DA:146,0
DA:147,0
DA:151,0
DA:152,0
DA:154,0
DA:155,0
DA:166,0
DA:167,0
DA:170,0
DA:171,0
DA:174,0
DA:175,0
DA:176,0
DA:181,0
DA:182,0
DA:183,0
DA:192,0
DA:193,0
DA:199,0
DA:200,0
DA:206,0
DA:208,0
DA:212,0
DA:213,0
DA:215,0
DA:216,0
DA:227,0
DA:228,0
DA:231,0
DA:232,0
DA:235,0
DA:240,0
DA:242,0
DA:249,0
DA:251,0
DA:252,0
DA:264,0
DA:265,0
DA:268,0
DA:269,0
DA:276,0
DA:278,0
DA:279,0
DA:290,0
DA:291,0
DA:294,0
DA:295,0
DA:301,0
DA:303,0
DA:304,0
DA:315,0
DA:316,0
DA:319,0
DA:320,0
DA:321,0
DA:323,0
DA:330,0
DA:331,0
DA:332,0
DA:333,0
DA:334,0
DA:335,0
DA:336,0
DA:337,0
DA:338,0
DA:339,0
DA:340,0
DA:341,0
DA:342,0
DA:343,0
DA:344,0
DA:345,0
DA:346,0
DA:351,0
DA:352,0
DA:353,0
DA:357,0
DA:358,0
DA:359,0
DA:363,0
DA:365,0
DA:366,0
DA:378,0
DA:379,0
DA:382,0
DA:383,0
DA:394,0
DA:395,0
DA:398,0
DA:399,0
DA:400,0
DA:401,0
DA:404,0
DA:416,0
DA:417,0
DA:420,0
DA:426,0
DA:436,0
DA:437,0
DA:439,0
DA:441,0
DA:442,0
DA:445,0
DA:446,0
DA:449,0
DA:450,0
DA:453,0
DA:454,0
DA:457,0
DA:458,0
DA:461,0
DA:462,0
DA:465,0
DA:466,0
DA:469,0
DA:470,0
DA:473,0
DA:476,0
DA:487,0
DA:489,0
DA:495,0
DA:496,0
DA:507,0
DA:509,0
DA:511,0
DA:523,0
DA:525,0
DA:526,0
DA:528,0
DA:530,0
DA:531,0
DA:533,0
DA:540,0
DA:551,0
DA:553,0
DA:554,0
DA:557,0
DA:558,0
DA:559,0
DA:561,0
DA:572,0
DA:574,0
DA:575,0
DA:578,0
DA:579,0
DA:580,0
DA:581,0
DA:583,0
DA:589,0
DA:590,0
DA:591,0
DA:592,0
DA:595,0
DA:596,0
DA:597,0
DA:600,0
DA:603,0
DA:608,0
LF:203
LH:0
BRDA:10,0,0,0
BRDA:68,1,0,0
BRDA:68,2,0,0
BRDA:68,2,1,0
BRDA:68,2,2,0
BRDA:113,3,0,0
BRDA:113,4,0,0
BRDA:113,4,1,0
BRDA:124,5,0,0
BRDA:143,6,0,0
BRDA:146,7,0,0
BRDA:166,8,0,0
BRDA:174,9,0,0
BRDA:182,10,0,0
BRDA:206,11,0,0
BRDA:206,12,0,0
BRDA:206,12,1,0
BRDA:227,13,0,0
BRDA:227,14,0,0
BRDA:227,14,1,0
BRDA:264,15,0,0
BRDA:264,16,0,0
BRDA:264,16,1,0
BRDA:290,17,0,0
BRDA:290,18,0,0
BRDA:290,18,1,0
BRDA:315,19,0,0
BRDA:331,20,0,0
BRDA:331,20,1,0
BRDA:331,21,0,0
BRDA:331,21,1,0
BRDA:336,22,0,0
BRDA:336,22,1,0
BRDA:336,23,0,0
BRDA:336,23,1,0
BRDA:343,24,0,0
BRDA:343,25,0,0
BRDA:343,25,1,0
BRDA:351,26,0,0
BRDA:352,27,0,0
BRDA:352,27,1,0
BRDA:353,28,0,0
BRDA:353,28,1,0
BRDA:354,29,0,0
BRDA:354,29,1,0
BRDA:357,30,0,0
BRDA:358,31,0,0
BRDA:358,31,1,0
BRDA:359,32,0,0
BRDA:359,32,1,0
BRDA:360,33,0,0
BRDA:360,33,1,0
BRDA:378,34,0,0
BRDA:394,35,0,0
BRDA:399,36,0,0
BRDA:416,37,0,0
BRDA:416,38,0,0
BRDA:416,38,1,0
BRDA:439,39,0,0
BRDA:439,39,1,0
BRDA:439,39,2,0
BRDA:439,39,3,0
BRDA:439,39,4,0
BRDA:439,39,5,0
BRDA:439,39,6,0
BRDA:439,39,7,0
BRDA:439,39,8,0
BRDA:553,40,0,0
BRDA:574,41,0,0
BRDA:590,42,0,0
BRDA:595,43,0,0
BRF:71
BRH:0
end_of_record
